time="2020-07-29T16:01:36+08:00" level=info msg="[red-envelope/infra.(*starterRegister).Register(infra/starer.go:78)] Register starter: *base.PropsStarter" func="red-envelope/infra.(*starterRegister).Register" file="infra/starer.go:78"
time="2020-07-29T16:01:36+08:00" level=info msg="[red-envelope/infra.(*starterRegister).Register(infra/starer.go:78)] Register starter: *base.DbxDatabaseStarter" func="red-envelope/infra.(*starterRegister).Register" file="infra/starer.go:78"
time="2020-07-29T16:01:36+08:00" level=info msg="[red-envelope/infra.(*starterRegister).Register(infra/starer.go:78)] Register starter: *base.ValidatorStarter" func="red-envelope/infra.(*starterRegister).Register" file="infra/starer.go:78"
time="2020-07-29T16:01:36+08:00" level=info msg="[red-envelope/infra.(*BootApplication).init(infra/boot.go:34)] Initializing starters..." func="red-envelope/infra.(*BootApplication).init" file="infra/boot.go:34"
time="2020-07-29T16:01:36+08:00" level=debug msg="[red-envelope/infra.(*BootApplication).init(infra/boot.go:37)] Initializing: PriorityGroup=20,Priority=10000,type=*base.PropsStarter" func="red-envelope/infra.(*BootApplication).init" file="infra/boot.go:37"
time="2020-07-29T16:01:36+08:00" level=info msg="[red-envelope/infra/base.(*PropsStarter).Init(base/props.go:23)] 初始化配置." func="red-envelope/infra/base.(*PropsStarter).Init" file="base/props.go:23"
time="2020-07-29T16:01:36+08:00" level=debug msg="[red-envelope/infra.(*BootApplication).init(infra/boot.go:37)] Initializing: PriorityGroup=20,Priority=10000,type=*base.DbxDatabaseStarter" func="red-envelope/infra.(*BootApplication).init" file="infra/boot.go:37"
time="2020-07-29T16:01:36+08:00" level=debug msg="[red-envelope/infra.(*BootApplication).init(infra/boot.go:37)] Initializing: PriorityGroup=20,Priority=10000,type=*base.ValidatorStarter" func="red-envelope/infra.(*BootApplication).init" file="infra/boot.go:37"
time="2020-07-29T16:01:36+08:00" level=info msg="[red-envelope/infra.(*BootApplication).setup(infra/boot.go:45)] Setup starters..." func="red-envelope/infra.(*BootApplication).setup" file="infra/boot.go:45"
time="2020-07-29T16:01:36+08:00" level=debug msg="[red-envelope/infra.(*BootApplication).setup(infra/boot.go:48)] Setup: *base.PropsStarter" func="red-envelope/infra.(*BootApplication).setup" file="infra/boot.go:48"
time="2020-07-29T16:01:36+08:00" level=debug msg="[red-envelope/infra.(*BootApplication).setup(infra/boot.go:48)] Setup: *base.DbxDatabaseStarter" func="red-envelope/infra.(*BootApplication).setup" file="infra/boot.go:48"
time="2020-07-29T16:01:36+08:00" level=info msg="[red-envelope/infra/base.(*DbxDatabaseStarter).Setup(base/dbx.go:33)] mysql.conn url:root:***@tcp(127.0.0.1:3306)/red_envelope?charset=utf8&loc=Local&parseTime=true&" func="red-envelope/infra/base.(*DbxDatabaseStarter).Setup" file="base/dbx.go:33"
time="2020-07-29T16:01:36+08:00" level=info msg="[red-envelope/infra/base.(*DbxDatabaseStarter).Setup(base/dbx.go:38)] <nil>" func="red-envelope/infra/base.(*DbxDatabaseStarter).Setup" file="base/dbx.go:38"
time="2020-07-29T16:01:36+08:00" level=debug msg="[red-envelope/infra.(*BootApplication).setup(infra/boot.go:48)] Setup: *base.ValidatorStarter" func="red-envelope/infra.(*BootApplication).setup" file="infra/boot.go:48"
time="2020-07-29T16:01:36+08:00" level=info msg="[red-envelope/infra.(*BootApplication).start(infra/boot.go:57)] Starting starters..." func="red-envelope/infra.(*BootApplication).start" file="infra/boot.go:57"
time="2020-07-29T16:01:36+08:00" level=debug msg="[red-envelope/infra.(*BootApplication).start(infra/boot.go:61)] Starting: *base.PropsStarter" func="red-envelope/infra.(*BootApplication).start" file="infra/boot.go:61"
time="2020-07-29T16:01:36+08:00" level=debug msg="[red-envelope/infra.(*BootApplication).start(infra/boot.go:61)] Starting: *base.DbxDatabaseStarter" func="red-envelope/infra.(*BootApplication).start" file="infra/boot.go:61"
time="2020-07-29T16:01:36+08:00" level=debug msg="[red-envelope/infra.(*BootApplication).start(infra/boot.go:61)] Starting: *base.ValidatorStarter" func="red-envelope/infra.(*BootApplication).start" file="infra/boot.go:61"
time="2020-07-29T16:06:45+08:00" level=info msg="[red-envelope/infra.(*starterRegister).Register(infra/starer.go:78)] Register starter: *base.PropsStarter" func="red-envelope/infra.(*starterRegister).Register" file="infra/starer.go:78"
time="2020-07-29T16:06:45+08:00" level=info msg="[red-envelope/infra.(*starterRegister).Register(infra/starer.go:78)] Register starter: *base.DbxDatabaseStarter" func="red-envelope/infra.(*starterRegister).Register" file="infra/starer.go:78"
time="2020-07-29T16:06:45+08:00" level=info msg="[red-envelope/infra.(*starterRegister).Register(infra/starer.go:78)] Register starter: *base.ValidatorStarter" func="red-envelope/infra.(*starterRegister).Register" file="infra/starer.go:78"
time="2020-07-29T16:06:45+08:00" level=info msg="[red-envelope/infra.(*BootApplication).init(infra/boot.go:34)] Initializing starters..." func="red-envelope/infra.(*BootApplication).init" file="infra/boot.go:34"
time="2020-07-29T16:06:45+08:00" level=debug msg="[red-envelope/infra.(*BootApplication).init(infra/boot.go:37)] Initializing: PriorityGroup=20,Priority=10000,type=*base.PropsStarter" func="red-envelope/infra.(*BootApplication).init" file="infra/boot.go:37"
time="2020-07-29T16:06:45+08:00" level=info msg="[red-envelope/infra/base.(*PropsStarter).Init(base/props.go:23)] 初始化配置." func="red-envelope/infra/base.(*PropsStarter).Init" file="base/props.go:23"
time="2020-07-29T16:06:45+08:00" level=debug msg="[red-envelope/infra.(*BootApplication).init(infra/boot.go:37)] Initializing: PriorityGroup=20,Priority=10000,type=*base.DbxDatabaseStarter" func="red-envelope/infra.(*BootApplication).init" file="infra/boot.go:37"
time="2020-07-29T16:06:45+08:00" level=debug msg="[red-envelope/infra.(*BootApplication).init(infra/boot.go:37)] Initializing: PriorityGroup=20,Priority=10000,type=*base.ValidatorStarter" func="red-envelope/infra.(*BootApplication).init" file="infra/boot.go:37"
time="2020-07-29T16:06:45+08:00" level=info msg="[red-envelope/infra.(*BootApplication).setup(infra/boot.go:45)] Setup starters..." func="red-envelope/infra.(*BootApplication).setup" file="infra/boot.go:45"
time="2020-07-29T16:06:45+08:00" level=debug msg="[red-envelope/infra.(*BootApplication).setup(infra/boot.go:48)] Setup: *base.PropsStarter" func="red-envelope/infra.(*BootApplication).setup" file="infra/boot.go:48"
time="2020-07-29T16:06:45+08:00" level=debug msg="[red-envelope/infra.(*BootApplication).setup(infra/boot.go:48)] Setup: *base.DbxDatabaseStarter" func="red-envelope/infra.(*BootApplication).setup" file="infra/boot.go:48"
time="2020-07-29T16:06:45+08:00" level=info msg="[red-envelope/infra/base.(*DbxDatabaseStarter).Setup(base/dbx.go:33)] mysql.conn url:root:***@tcp(127.0.0.1:3306)/red_envelope?charset=utf8&parseTime=true&loc=Local&" func="red-envelope/infra/base.(*DbxDatabaseStarter).Setup" file="base/dbx.go:33"
time="2020-07-29T16:06:45+08:00" level=info msg="[red-envelope/infra/base.(*DbxDatabaseStarter).Setup(base/dbx.go:38)] <nil>" func="red-envelope/infra/base.(*DbxDatabaseStarter).Setup" file="base/dbx.go:38"
time="2020-07-29T16:06:45+08:00" level=debug msg="[red-envelope/infra.(*BootApplication).setup(infra/boot.go:48)] Setup: *base.ValidatorStarter" func="red-envelope/infra.(*BootApplication).setup" file="infra/boot.go:48"
time="2020-07-29T16:06:45+08:00" level=info msg="[red-envelope/infra.(*BootApplication).start(infra/boot.go:57)] Starting starters..." func="red-envelope/infra.(*BootApplication).start" file="infra/boot.go:57"
time="2020-07-29T16:06:45+08:00" level=debug msg="[red-envelope/infra.(*BootApplication).start(infra/boot.go:61)] Starting: *base.PropsStarter" func="red-envelope/infra.(*BootApplication).start" file="infra/boot.go:61"
time="2020-07-29T16:06:45+08:00" level=debug msg="[red-envelope/infra.(*BootApplication).start(infra/boot.go:61)] Starting: *base.DbxDatabaseStarter" func="red-envelope/infra.(*BootApplication).start" file="infra/boot.go:61"
time="2020-07-29T16:06:45+08:00" level=debug msg="[red-envelope/infra.(*BootApplication).start(infra/boot.go:61)] Starting: *base.ValidatorStarter" func="red-envelope/infra.(*BootApplication).start" file="infra/boot.go:61"
time="2020-07-29T16:07:21+08:00" level=info msg="[red-envelope/infra.(*starterRegister).Register(infra/starer.go:78)] Register starter: *base.PropsStarter" func="red-envelope/infra.(*starterRegister).Register" file="infra/starer.go:78"
time="2020-07-29T16:07:21+08:00" level=info msg="[red-envelope/infra.(*starterRegister).Register(infra/starer.go:78)] Register starter: *base.DbxDatabaseStarter" func="red-envelope/infra.(*starterRegister).Register" file="infra/starer.go:78"
time="2020-07-29T16:07:21+08:00" level=info msg="[red-envelope/infra.(*starterRegister).Register(infra/starer.go:78)] Register starter: *base.ValidatorStarter" func="red-envelope/infra.(*starterRegister).Register" file="infra/starer.go:78"
time="2020-07-29T16:07:21+08:00" level=info msg="[red-envelope/infra.(*BootApplication).init(infra/boot.go:34)] Initializing starters..." func="red-envelope/infra.(*BootApplication).init" file="infra/boot.go:34"
time="2020-07-29T16:07:21+08:00" level=debug msg="[red-envelope/infra.(*BootApplication).init(infra/boot.go:37)] Initializing: PriorityGroup=20,Priority=10000,type=*base.PropsStarter" func="red-envelope/infra.(*BootApplication).init" file="infra/boot.go:37"
time="2020-07-29T16:07:21+08:00" level=info msg="[red-envelope/infra/base.(*PropsStarter).Init(base/props.go:23)] 初始化配置." func="red-envelope/infra/base.(*PropsStarter).Init" file="base/props.go:23"
time="2020-07-29T16:07:21+08:00" level=debug msg="[red-envelope/infra.(*BootApplication).init(infra/boot.go:37)] Initializing: PriorityGroup=20,Priority=10000,type=*base.DbxDatabaseStarter" func="red-envelope/infra.(*BootApplication).init" file="infra/boot.go:37"
time="2020-07-29T16:07:21+08:00" level=debug msg="[red-envelope/infra.(*BootApplication).init(infra/boot.go:37)] Initializing: PriorityGroup=20,Priority=10000,type=*base.ValidatorStarter" func="red-envelope/infra.(*BootApplication).init" file="infra/boot.go:37"
time="2020-07-29T16:07:21+08:00" level=info msg="[red-envelope/infra.(*BootApplication).setup(infra/boot.go:45)] Setup starters..." func="red-envelope/infra.(*BootApplication).setup" file="infra/boot.go:45"
time="2020-07-29T16:07:21+08:00" level=debug msg="[red-envelope/infra.(*BootApplication).setup(infra/boot.go:48)] Setup: *base.PropsStarter" func="red-envelope/infra.(*BootApplication).setup" file="infra/boot.go:48"
time="2020-07-29T16:07:21+08:00" level=debug msg="[red-envelope/infra.(*BootApplication).setup(infra/boot.go:48)] Setup: *base.DbxDatabaseStarter" func="red-envelope/infra.(*BootApplication).setup" file="infra/boot.go:48"
time="2020-07-29T16:07:21+08:00" level=info msg="[red-envelope/infra/base.(*DbxDatabaseStarter).Setup(base/dbx.go:33)] mysql.conn url:root:***@tcp(127.0.0.1:3306)/red_envelope?parseTime=true&loc=Local&charset=utf8&" func="red-envelope/infra/base.(*DbxDatabaseStarter).Setup" file="base/dbx.go:33"
time="2020-07-29T16:07:21+08:00" level=info msg="[red-envelope/infra/base.(*DbxDatabaseStarter).Setup(base/dbx.go:38)] <nil>" func="red-envelope/infra/base.(*DbxDatabaseStarter).Setup" file="base/dbx.go:38"
time="2020-07-29T16:07:21+08:00" level=debug msg="[red-envelope/infra.(*BootApplication).setup(infra/boot.go:48)] Setup: *base.ValidatorStarter" func="red-envelope/infra.(*BootApplication).setup" file="infra/boot.go:48"
time="2020-07-29T16:07:21+08:00" level=info msg="[red-envelope/infra.(*BootApplication).start(infra/boot.go:57)] Starting starters..." func="red-envelope/infra.(*BootApplication).start" file="infra/boot.go:57"
time="2020-07-29T16:07:21+08:00" level=debug msg="[red-envelope/infra.(*BootApplication).start(infra/boot.go:61)] Starting: *base.PropsStarter" func="red-envelope/infra.(*BootApplication).start" file="infra/boot.go:61"
time="2020-07-29T16:07:21+08:00" level=debug msg="[red-envelope/infra.(*BootApplication).start(infra/boot.go:61)] Starting: *base.DbxDatabaseStarter" func="red-envelope/infra.(*BootApplication).start" file="infra/boot.go:61"
time="2020-07-29T16:07:21+08:00" level=debug msg="[red-envelope/infra.(*BootApplication).start(infra/boot.go:61)] Starting: *base.ValidatorStarter" func="red-envelope/infra.(*BootApplication).start" file="infra/boot.go:61"
time="2020-07-29T16:08:32+08:00" level=info msg="[red-envelope/infra.(*starterRegister).Register(infra/starer.go:78)] Register starter: *base.PropsStarter" func="red-envelope/infra.(*starterRegister).Register" file="infra/starer.go:78"
time="2020-07-29T16:08:32+08:00" level=info msg="[red-envelope/infra.(*starterRegister).Register(infra/starer.go:78)] Register starter: *base.DbxDatabaseStarter" func="red-envelope/infra.(*starterRegister).Register" file="infra/starer.go:78"
time="2020-07-29T16:08:32+08:00" level=info msg="[red-envelope/infra.(*starterRegister).Register(infra/starer.go:78)] Register starter: *base.ValidatorStarter" func="red-envelope/infra.(*starterRegister).Register" file="infra/starer.go:78"
time="2020-07-29T16:08:32+08:00" level=info msg="[red-envelope/infra.(*BootApplication).init(infra/boot.go:34)] Initializing starters..." func="red-envelope/infra.(*BootApplication).init" file="infra/boot.go:34"
time="2020-07-29T16:08:32+08:00" level=debug msg="[red-envelope/infra.(*BootApplication).init(infra/boot.go:37)] Initializing: PriorityGroup=20,Priority=10000,type=*base.PropsStarter" func="red-envelope/infra.(*BootApplication).init" file="infra/boot.go:37"
time="2020-07-29T16:08:32+08:00" level=info msg="[red-envelope/infra/base.(*PropsStarter).Init(base/props.go:23)] 初始化配置." func="red-envelope/infra/base.(*PropsStarter).Init" file="base/props.go:23"
time="2020-07-29T16:08:32+08:00" level=debug msg="[red-envelope/infra.(*BootApplication).init(infra/boot.go:37)] Initializing: PriorityGroup=20,Priority=10000,type=*base.DbxDatabaseStarter" func="red-envelope/infra.(*BootApplication).init" file="infra/boot.go:37"
time="2020-07-29T16:08:32+08:00" level=debug msg="[red-envelope/infra.(*BootApplication).init(infra/boot.go:37)] Initializing: PriorityGroup=20,Priority=10000,type=*base.ValidatorStarter" func="red-envelope/infra.(*BootApplication).init" file="infra/boot.go:37"
time="2020-07-29T16:08:32+08:00" level=info msg="[red-envelope/infra.(*BootApplication).setup(infra/boot.go:45)] Setup starters..." func="red-envelope/infra.(*BootApplication).setup" file="infra/boot.go:45"
time="2020-07-29T16:08:32+08:00" level=debug msg="[red-envelope/infra.(*BootApplication).setup(infra/boot.go:48)] Setup: *base.PropsStarter" func="red-envelope/infra.(*BootApplication).setup" file="infra/boot.go:48"
time="2020-07-29T16:08:32+08:00" level=debug msg="[red-envelope/infra.(*BootApplication).setup(infra/boot.go:48)] Setup: *base.DbxDatabaseStarter" func="red-envelope/infra.(*BootApplication).setup" file="infra/boot.go:48"
time="2020-07-29T16:08:32+08:00" level=info msg="[red-envelope/infra/base.(*DbxDatabaseStarter).Setup(base/dbx.go:33)] mysql.conn url:root:***@tcp(127.0.0.1:3306)/red_envelope?charset=utf8&parseTime=true&loc=Local&" func="red-envelope/infra/base.(*DbxDatabaseStarter).Setup" file="base/dbx.go:33"
time="2020-07-29T16:08:32+08:00" level=info msg="[red-envelope/infra/base.(*DbxDatabaseStarter).Setup(base/dbx.go:38)] <nil>" func="red-envelope/infra/base.(*DbxDatabaseStarter).Setup" file="base/dbx.go:38"
time="2020-07-29T16:08:32+08:00" level=debug msg="[red-envelope/infra.(*BootApplication).setup(infra/boot.go:48)] Setup: *base.ValidatorStarter" func="red-envelope/infra.(*BootApplication).setup" file="infra/boot.go:48"
time="2020-07-29T16:08:32+08:00" level=info msg="[red-envelope/infra.(*BootApplication).start(infra/boot.go:57)] Starting starters..." func="red-envelope/infra.(*BootApplication).start" file="infra/boot.go:57"
time="2020-07-29T16:08:32+08:00" level=debug msg="[red-envelope/infra.(*BootApplication).start(infra/boot.go:61)] Starting: *base.PropsStarter" func="red-envelope/infra.(*BootApplication).start" file="infra/boot.go:61"
time="2020-07-29T16:08:32+08:00" level=debug msg="[red-envelope/infra.(*BootApplication).start(infra/boot.go:61)] Starting: *base.DbxDatabaseStarter" func="red-envelope/infra.(*BootApplication).start" file="infra/boot.go:61"
time="2020-07-29T16:08:32+08:00" level=debug msg="[red-envelope/infra.(*BootApplication).start(infra/boot.go:61)] Starting: *base.ValidatorStarter" func="red-envelope/infra.(*BootApplication).start" file="infra/boot.go:61"
time="2020-07-29T16:08:32+08:00" level=error msg="[red-envelope/core/accounts.(*accountDomain).TransferWithContextTx(accounts/domain_account.go:155)] 账户出错" func="red-envelope/core/accounts.(*accountDomain).TransferWithContextTx" file="accounts/domain_account.go:155"
time="2020-07-29T16:12:56+08:00" level=info msg="[red-envelope/infra.(*starterRegister).Register(infra/starer.go:78)] Register starter: *base.PropsStarter" func="red-envelope/infra.(*starterRegister).Register" file="infra/starer.go:78"
time="2020-07-29T16:12:56+08:00" level=info msg="[red-envelope/infra.(*starterRegister).Register(infra/starer.go:78)] Register starter: *base.DbxDatabaseStarter" func="red-envelope/infra.(*starterRegister).Register" file="infra/starer.go:78"
time="2020-07-29T16:12:56+08:00" level=info msg="[red-envelope/infra.(*starterRegister).Register(infra/starer.go:78)] Register starter: *base.ValidatorStarter" func="red-envelope/infra.(*starterRegister).Register" file="infra/starer.go:78"
time="2020-07-29T16:12:56+08:00" level=info msg="[red-envelope/infra.(*BootApplication).init(infra/boot.go:34)] Initializing starters..." func="red-envelope/infra.(*BootApplication).init" file="infra/boot.go:34"
time="2020-07-29T16:12:56+08:00" level=debug msg="[red-envelope/infra.(*BootApplication).init(infra/boot.go:37)] Initializing: PriorityGroup=20,Priority=10000,type=*base.PropsStarter" func="red-envelope/infra.(*BootApplication).init" file="infra/boot.go:37"
time="2020-07-29T16:12:56+08:00" level=info msg="[red-envelope/infra/base.(*PropsStarter).Init(base/props.go:23)] 初始化配置." func="red-envelope/infra/base.(*PropsStarter).Init" file="base/props.go:23"
time="2020-07-29T16:12:56+08:00" level=debug msg="[red-envelope/infra.(*BootApplication).init(infra/boot.go:37)] Initializing: PriorityGroup=20,Priority=10000,type=*base.DbxDatabaseStarter" func="red-envelope/infra.(*BootApplication).init" file="infra/boot.go:37"
time="2020-07-29T16:12:56+08:00" level=debug msg="[red-envelope/infra.(*BootApplication).init(infra/boot.go:37)] Initializing: PriorityGroup=20,Priority=10000,type=*base.ValidatorStarter" func="red-envelope/infra.(*BootApplication).init" file="infra/boot.go:37"
time="2020-07-29T16:12:56+08:00" level=info msg="[red-envelope/infra.(*BootApplication).setup(infra/boot.go:45)] Setup starters..." func="red-envelope/infra.(*BootApplication).setup" file="infra/boot.go:45"
time="2020-07-29T16:12:56+08:00" level=debug msg="[red-envelope/infra.(*BootApplication).setup(infra/boot.go:48)] Setup: *base.PropsStarter" func="red-envelope/infra.(*BootApplication).setup" file="infra/boot.go:48"
time="2020-07-29T16:12:56+08:00" level=debug msg="[red-envelope/infra.(*BootApplication).setup(infra/boot.go:48)] Setup: *base.DbxDatabaseStarter" func="red-envelope/infra.(*BootApplication).setup" file="infra/boot.go:48"
time="2020-07-29T16:12:56+08:00" level=info msg="[red-envelope/infra/base.(*DbxDatabaseStarter).Setup(base/dbx.go:33)] mysql.conn url:root:***@tcp(127.0.0.1:3306)/red_envelope?loc=Local&charset=utf8&parseTime=true&" func="red-envelope/infra/base.(*DbxDatabaseStarter).Setup" file="base/dbx.go:33"
time="2020-07-29T16:12:56+08:00" level=info msg="[red-envelope/infra/base.(*DbxDatabaseStarter).Setup(base/dbx.go:38)] <nil>" func="red-envelope/infra/base.(*DbxDatabaseStarter).Setup" file="base/dbx.go:38"
time="2020-07-29T16:12:56+08:00" level=debug msg="[red-envelope/infra.(*BootApplication).setup(infra/boot.go:48)] Setup: *base.ValidatorStarter" func="red-envelope/infra.(*BootApplication).setup" file="infra/boot.go:48"
time="2020-07-29T16:12:56+08:00" level=info msg="[red-envelope/infra.(*BootApplication).start(infra/boot.go:57)] Starting starters..." func="red-envelope/infra.(*BootApplication).start" file="infra/boot.go:57"
time="2020-07-29T16:12:56+08:00" level=debug msg="[red-envelope/infra.(*BootApplication).start(infra/boot.go:61)] Starting: *base.PropsStarter" func="red-envelope/infra.(*BootApplication).start" file="infra/boot.go:61"
time="2020-07-29T16:12:56+08:00" level=debug msg="[red-envelope/infra.(*BootApplication).start(infra/boot.go:61)] Starting: *base.DbxDatabaseStarter" func="red-envelope/infra.(*BootApplication).start" file="infra/boot.go:61"
time="2020-07-29T16:12:56+08:00" level=debug msg="[red-envelope/infra.(*BootApplication).start(infra/boot.go:61)] Starting: *base.ValidatorStarter" func="red-envelope/infra.(*BootApplication).start" file="infra/boot.go:61"
time="2020-07-29T16:18:52+08:00" level=error msg="[red-envelope/core/accounts.(*accountDomain).TransferWithContextTx(accounts/domain_account.go:155)] 账户出错" func="red-envelope/core/accounts.(*accountDomain).TransferWithContextTx" file="accounts/domain_account.go:155"
time="2020-07-29T16:22:12+08:00" level=info msg="[red-envelope/infra.(*starterRegister).Register(infra/starer.go:78)] Register starter: *base.PropsStarter" func="red-envelope/infra.(*starterRegister).Register" file="infra/starer.go:78"
time="2020-07-29T16:22:12+08:00" level=info msg="[red-envelope/infra.(*starterRegister).Register(infra/starer.go:78)] Register starter: *base.DbxDatabaseStarter" func="red-envelope/infra.(*starterRegister).Register" file="infra/starer.go:78"
time="2020-07-29T16:22:12+08:00" level=info msg="[red-envelope/infra.(*starterRegister).Register(infra/starer.go:78)] Register starter: *base.ValidatorStarter" func="red-envelope/infra.(*starterRegister).Register" file="infra/starer.go:78"
time="2020-07-29T16:22:12+08:00" level=info msg="[red-envelope/infra.(*BootApplication).init(infra/boot.go:34)] Initializing starters..." func="red-envelope/infra.(*BootApplication).init" file="infra/boot.go:34"
time="2020-07-29T16:22:12+08:00" level=debug msg="[red-envelope/infra.(*BootApplication).init(infra/boot.go:37)] Initializing: PriorityGroup=20,Priority=10000,type=*base.PropsStarter" func="red-envelope/infra.(*BootApplication).init" file="infra/boot.go:37"
time="2020-07-29T16:22:12+08:00" level=info msg="[red-envelope/infra/base.(*PropsStarter).Init(base/props.go:23)] 初始化配置." func="red-envelope/infra/base.(*PropsStarter).Init" file="base/props.go:23"
time="2020-07-29T16:22:12+08:00" level=debug msg="[red-envelope/infra.(*BootApplication).init(infra/boot.go:37)] Initializing: PriorityGroup=20,Priority=10000,type=*base.DbxDatabaseStarter" func="red-envelope/infra.(*BootApplication).init" file="infra/boot.go:37"
time="2020-07-29T16:22:12+08:00" level=debug msg="[red-envelope/infra.(*BootApplication).init(infra/boot.go:37)] Initializing: PriorityGroup=20,Priority=10000,type=*base.ValidatorStarter" func="red-envelope/infra.(*BootApplication).init" file="infra/boot.go:37"
time="2020-07-29T16:22:12+08:00" level=info msg="[red-envelope/infra.(*BootApplication).setup(infra/boot.go:45)] Setup starters..." func="red-envelope/infra.(*BootApplication).setup" file="infra/boot.go:45"
time="2020-07-29T16:22:12+08:00" level=debug msg="[red-envelope/infra.(*BootApplication).setup(infra/boot.go:48)] Setup: *base.PropsStarter" func="red-envelope/infra.(*BootApplication).setup" file="infra/boot.go:48"
time="2020-07-29T16:22:12+08:00" level=debug msg="[red-envelope/infra.(*BootApplication).setup(infra/boot.go:48)] Setup: *base.DbxDatabaseStarter" func="red-envelope/infra.(*BootApplication).setup" file="infra/boot.go:48"
time="2020-07-29T16:22:12+08:00" level=info msg="[red-envelope/infra/base.(*DbxDatabaseStarter).Setup(base/dbx.go:33)] mysql.conn url:root:***@tcp(127.0.0.1:3306)/red_envelope?loc=Local&parseTime=true&charset=utf8&" func="red-envelope/infra/base.(*DbxDatabaseStarter).Setup" file="base/dbx.go:33"
time="2020-07-29T16:22:12+08:00" level=info msg="[red-envelope/infra/base.(*DbxDatabaseStarter).Setup(base/dbx.go:38)] <nil>" func="red-envelope/infra/base.(*DbxDatabaseStarter).Setup" file="base/dbx.go:38"
time="2020-07-29T16:22:12+08:00" level=debug msg="[red-envelope/infra.(*BootApplication).setup(infra/boot.go:48)] Setup: *base.ValidatorStarter" func="red-envelope/infra.(*BootApplication).setup" file="infra/boot.go:48"
time="2020-07-29T16:22:12+08:00" level=info msg="[red-envelope/infra.(*BootApplication).start(infra/boot.go:57)] Starting starters..." func="red-envelope/infra.(*BootApplication).start" file="infra/boot.go:57"
time="2020-07-29T16:22:12+08:00" level=debug msg="[red-envelope/infra.(*BootApplication).start(infra/boot.go:61)] Starting: *base.PropsStarter" func="red-envelope/infra.(*BootApplication).start" file="infra/boot.go:61"
time="2020-07-29T16:22:12+08:00" level=debug msg="[red-envelope/infra.(*BootApplication).start(infra/boot.go:61)] Starting: *base.DbxDatabaseStarter" func="red-envelope/infra.(*BootApplication).start" file="infra/boot.go:61"
time="2020-07-29T16:22:12+08:00" level=debug msg="[red-envelope/infra.(*BootApplication).start(infra/boot.go:61)] Starting: *base.ValidatorStarter" func="red-envelope/infra.(*BootApplication).start" file="infra/boot.go:61"
time="2020-07-29T16:22:12+08:00" level=error msg="[red-envelope/core/accounts.(*accountDomain).TransferWithContextTx(accounts/domain_account.go:155)] 账户出错" func="red-envelope/core/accounts.(*accountDomain).TransferWithContextTx" file="accounts/domain_account.go:155"
time="2020-07-29T16:25:27+08:00" level=info msg="[red-envelope/infra.(*starterRegister).Register(infra/starer.go:78)] Register starter: *base.PropsStarter" func="red-envelope/infra.(*starterRegister).Register" file="infra/starer.go:78"
time="2020-07-29T16:25:27+08:00" level=info msg="[red-envelope/infra.(*starterRegister).Register(infra/starer.go:78)] Register starter: *base.DbxDatabaseStarter" func="red-envelope/infra.(*starterRegister).Register" file="infra/starer.go:78"
time="2020-07-29T16:25:27+08:00" level=info msg="[red-envelope/infra.(*starterRegister).Register(infra/starer.go:78)] Register starter: *base.ValidatorStarter" func="red-envelope/infra.(*starterRegister).Register" file="infra/starer.go:78"
time="2020-07-29T16:25:27+08:00" level=info msg="[red-envelope/infra.(*BootApplication).init(infra/boot.go:34)] Initializing starters..." func="red-envelope/infra.(*BootApplication).init" file="infra/boot.go:34"
time="2020-07-29T16:25:27+08:00" level=debug msg="[red-envelope/infra.(*BootApplication).init(infra/boot.go:37)] Initializing: PriorityGroup=20,Priority=10000,type=*base.PropsStarter" func="red-envelope/infra.(*BootApplication).init" file="infra/boot.go:37"
time="2020-07-29T16:25:27+08:00" level=info msg="[red-envelope/infra/base.(*PropsStarter).Init(base/props.go:23)] 初始化配置." func="red-envelope/infra/base.(*PropsStarter).Init" file="base/props.go:23"
time="2020-07-29T16:25:27+08:00" level=debug msg="[red-envelope/infra.(*BootApplication).init(infra/boot.go:37)] Initializing: PriorityGroup=20,Priority=10000,type=*base.DbxDatabaseStarter" func="red-envelope/infra.(*BootApplication).init" file="infra/boot.go:37"
time="2020-07-29T16:25:27+08:00" level=debug msg="[red-envelope/infra.(*BootApplication).init(infra/boot.go:37)] Initializing: PriorityGroup=20,Priority=10000,type=*base.ValidatorStarter" func="red-envelope/infra.(*BootApplication).init" file="infra/boot.go:37"
time="2020-07-29T16:25:27+08:00" level=info msg="[red-envelope/infra.(*BootApplication).setup(infra/boot.go:45)] Setup starters..." func="red-envelope/infra.(*BootApplication).setup" file="infra/boot.go:45"
time="2020-07-29T16:25:27+08:00" level=debug msg="[red-envelope/infra.(*BootApplication).setup(infra/boot.go:48)] Setup: *base.PropsStarter" func="red-envelope/infra.(*BootApplication).setup" file="infra/boot.go:48"
time="2020-07-29T16:25:27+08:00" level=debug msg="[red-envelope/infra.(*BootApplication).setup(infra/boot.go:48)] Setup: *base.DbxDatabaseStarter" func="red-envelope/infra.(*BootApplication).setup" file="infra/boot.go:48"
time="2020-07-29T16:25:27+08:00" level=info msg="[red-envelope/infra/base.(*DbxDatabaseStarter).Setup(base/dbx.go:33)] mysql.conn url:root:***@tcp(127.0.0.1:3306)/red_envelope?parseTime=true&charset=utf8&loc=Local&" func="red-envelope/infra/base.(*DbxDatabaseStarter).Setup" file="base/dbx.go:33"
time="2020-07-29T16:25:27+08:00" level=info msg="[red-envelope/infra/base.(*DbxDatabaseStarter).Setup(base/dbx.go:38)] <nil>" func="red-envelope/infra/base.(*DbxDatabaseStarter).Setup" file="base/dbx.go:38"
time="2020-07-29T16:25:27+08:00" level=debug msg="[red-envelope/infra.(*BootApplication).setup(infra/boot.go:48)] Setup: *base.ValidatorStarter" func="red-envelope/infra.(*BootApplication).setup" file="infra/boot.go:48"
time="2020-07-29T16:25:27+08:00" level=info msg="[red-envelope/infra.(*BootApplication).start(infra/boot.go:57)] Starting starters..." func="red-envelope/infra.(*BootApplication).start" file="infra/boot.go:57"
time="2020-07-29T16:25:27+08:00" level=debug msg="[red-envelope/infra.(*BootApplication).start(infra/boot.go:61)] Starting: *base.PropsStarter" func="red-envelope/infra.(*BootApplication).start" file="infra/boot.go:61"
time="2020-07-29T16:25:27+08:00" level=debug msg="[red-envelope/infra.(*BootApplication).start(infra/boot.go:61)] Starting: *base.DbxDatabaseStarter" func="red-envelope/infra.(*BootApplication).start" file="infra/boot.go:61"
time="2020-07-29T16:25:27+08:00" level=debug msg="[red-envelope/infra.(*BootApplication).start(infra/boot.go:61)] Starting: *base.ValidatorStarter" func="red-envelope/infra.(*BootApplication).start" file="infra/boot.go:61"
time="2020-07-29T16:25:27+08:00" level=error msg="[red-envelope/core/accounts.(*accountDomain).TransferWithContextTx(accounts/domain_account.go:155)] 账户出错" func="red-envelope/core/accounts.(*accountDomain).TransferWithContextTx" file="accounts/domain_account.go:155"
time="2020-07-29T16:26:27+08:00" level=info msg="[red-envelope/infra.(*starterRegister).Register(infra/starer.go:78)] Register starter: *base.PropsStarter" func="red-envelope/infra.(*starterRegister).Register" file="infra/starer.go:78"
time="2020-07-29T16:26:27+08:00" level=info msg="[red-envelope/infra.(*starterRegister).Register(infra/starer.go:78)] Register starter: *base.DbxDatabaseStarter" func="red-envelope/infra.(*starterRegister).Register" file="infra/starer.go:78"
time="2020-07-29T16:26:27+08:00" level=info msg="[red-envelope/infra.(*starterRegister).Register(infra/starer.go:78)] Register starter: *base.ValidatorStarter" func="red-envelope/infra.(*starterRegister).Register" file="infra/starer.go:78"
time="2020-07-29T16:26:27+08:00" level=info msg="[red-envelope/infra.(*BootApplication).init(infra/boot.go:34)] Initializing starters..." func="red-envelope/infra.(*BootApplication).init" file="infra/boot.go:34"
time="2020-07-29T16:26:27+08:00" level=debug msg="[red-envelope/infra.(*BootApplication).init(infra/boot.go:37)] Initializing: PriorityGroup=20,Priority=10000,type=*base.PropsStarter" func="red-envelope/infra.(*BootApplication).init" file="infra/boot.go:37"
time="2020-07-29T16:26:27+08:00" level=info msg="[red-envelope/infra/base.(*PropsStarter).Init(base/props.go:23)] 初始化配置." func="red-envelope/infra/base.(*PropsStarter).Init" file="base/props.go:23"
time="2020-07-29T16:26:27+08:00" level=debug msg="[red-envelope/infra.(*BootApplication).init(infra/boot.go:37)] Initializing: PriorityGroup=20,Priority=10000,type=*base.DbxDatabaseStarter" func="red-envelope/infra.(*BootApplication).init" file="infra/boot.go:37"
time="2020-07-29T16:26:27+08:00" level=debug msg="[red-envelope/infra.(*BootApplication).init(infra/boot.go:37)] Initializing: PriorityGroup=20,Priority=10000,type=*base.ValidatorStarter" func="red-envelope/infra.(*BootApplication).init" file="infra/boot.go:37"
time="2020-07-29T16:26:27+08:00" level=info msg="[red-envelope/infra.(*BootApplication).setup(infra/boot.go:45)] Setup starters..." func="red-envelope/infra.(*BootApplication).setup" file="infra/boot.go:45"
time="2020-07-29T16:26:27+08:00" level=debug msg="[red-envelope/infra.(*BootApplication).setup(infra/boot.go:48)] Setup: *base.PropsStarter" func="red-envelope/infra.(*BootApplication).setup" file="infra/boot.go:48"
time="2020-07-29T16:26:27+08:00" level=debug msg="[red-envelope/infra.(*BootApplication).setup(infra/boot.go:48)] Setup: *base.DbxDatabaseStarter" func="red-envelope/infra.(*BootApplication).setup" file="infra/boot.go:48"
time="2020-07-29T16:26:27+08:00" level=info msg="[red-envelope/infra/base.(*DbxDatabaseStarter).Setup(base/dbx.go:33)] mysql.conn url:root:***@tcp(127.0.0.1:3306)/red_envelope?loc=Local&parseTime=true&charset=utf8&" func="red-envelope/infra/base.(*DbxDatabaseStarter).Setup" file="base/dbx.go:33"
time="2020-07-29T16:26:27+08:00" level=info msg="[red-envelope/infra/base.(*DbxDatabaseStarter).Setup(base/dbx.go:38)] <nil>" func="red-envelope/infra/base.(*DbxDatabaseStarter).Setup" file="base/dbx.go:38"
time="2020-07-29T16:26:27+08:00" level=debug msg="[red-envelope/infra.(*BootApplication).setup(infra/boot.go:48)] Setup: *base.ValidatorStarter" func="red-envelope/infra.(*BootApplication).setup" file="infra/boot.go:48"
time="2020-07-29T16:26:27+08:00" level=info msg="[red-envelope/infra.(*BootApplication).start(infra/boot.go:57)] Starting starters..." func="red-envelope/infra.(*BootApplication).start" file="infra/boot.go:57"
time="2020-07-29T16:26:27+08:00" level=debug msg="[red-envelope/infra.(*BootApplication).start(infra/boot.go:61)] Starting: *base.PropsStarter" func="red-envelope/infra.(*BootApplication).start" file="infra/boot.go:61"
time="2020-07-29T16:26:27+08:00" level=debug msg="[red-envelope/infra.(*BootApplication).start(infra/boot.go:61)] Starting: *base.DbxDatabaseStarter" func="red-envelope/infra.(*BootApplication).start" file="infra/boot.go:61"
time="2020-07-29T16:26:27+08:00" level=debug msg="[red-envelope/infra.(*BootApplication).start(infra/boot.go:61)] Starting: *base.ValidatorStarter" func="red-envelope/infra.(*BootApplication).start" file="infra/boot.go:61"
time="2020-07-29T16:39:58+08:00" level=info msg="[red-envelope/infra.(*starterRegister).Register(infra/starer.go:78)] Register starter: *base.PropsStarter" func="red-envelope/infra.(*starterRegister).Register" file="infra/starer.go:78"
time="2020-07-29T16:39:58+08:00" level=info msg="[red-envelope/infra.(*starterRegister).Register(infra/starer.go:78)] Register starter: *base.DbxDatabaseStarter" func="red-envelope/infra.(*starterRegister).Register" file="infra/starer.go:78"
time="2020-07-29T16:39:58+08:00" level=info msg="[red-envelope/infra.(*starterRegister).Register(infra/starer.go:78)] Register starter: *base.ValidatorStarter" func="red-envelope/infra.(*starterRegister).Register" file="infra/starer.go:78"
time="2020-07-29T16:39:58+08:00" level=info msg="[red-envelope/infra.(*BootApplication).init(infra/boot.go:34)] Initializing starters..." func="red-envelope/infra.(*BootApplication).init" file="infra/boot.go:34"
time="2020-07-29T16:39:58+08:00" level=debug msg="[red-envelope/infra.(*BootApplication).init(infra/boot.go:37)] Initializing: PriorityGroup=20,Priority=10000,type=*base.PropsStarter" func="red-envelope/infra.(*BootApplication).init" file="infra/boot.go:37"
time="2020-07-29T16:39:58+08:00" level=info msg="[red-envelope/infra/base.(*PropsStarter).Init(base/props.go:23)] 初始化配置." func="red-envelope/infra/base.(*PropsStarter).Init" file="base/props.go:23"
time="2020-07-29T16:39:58+08:00" level=debug msg="[red-envelope/infra.(*BootApplication).init(infra/boot.go:37)] Initializing: PriorityGroup=20,Priority=10000,type=*base.DbxDatabaseStarter" func="red-envelope/infra.(*BootApplication).init" file="infra/boot.go:37"
time="2020-07-29T16:39:58+08:00" level=debug msg="[red-envelope/infra.(*BootApplication).init(infra/boot.go:37)] Initializing: PriorityGroup=20,Priority=10000,type=*base.ValidatorStarter" func="red-envelope/infra.(*BootApplication).init" file="infra/boot.go:37"
time="2020-07-29T16:39:58+08:00" level=info msg="[red-envelope/infra.(*BootApplication).setup(infra/boot.go:45)] Setup starters..." func="red-envelope/infra.(*BootApplication).setup" file="infra/boot.go:45"
time="2020-07-29T16:39:58+08:00" level=debug msg="[red-envelope/infra.(*BootApplication).setup(infra/boot.go:48)] Setup: *base.PropsStarter" func="red-envelope/infra.(*BootApplication).setup" file="infra/boot.go:48"
time="2020-07-29T16:39:58+08:00" level=debug msg="[red-envelope/infra.(*BootApplication).setup(infra/boot.go:48)] Setup: *base.DbxDatabaseStarter" func="red-envelope/infra.(*BootApplication).setup" file="infra/boot.go:48"
time="2020-07-29T16:39:58+08:00" level=info msg="[red-envelope/infra/base.(*DbxDatabaseStarter).Setup(base/dbx.go:33)] mysql.conn url:root:***@tcp(127.0.0.1:3306)/red_envelope?charset=utf8&parseTime=true&loc=Local&" func="red-envelope/infra/base.(*DbxDatabaseStarter).Setup" file="base/dbx.go:33"
time="2020-07-29T16:39:58+08:00" level=info msg="[red-envelope/infra/base.(*DbxDatabaseStarter).Setup(base/dbx.go:38)] <nil>" func="red-envelope/infra/base.(*DbxDatabaseStarter).Setup" file="base/dbx.go:38"
time="2020-07-29T16:39:58+08:00" level=debug msg="[red-envelope/infra.(*BootApplication).setup(infra/boot.go:48)] Setup: *base.ValidatorStarter" func="red-envelope/infra.(*BootApplication).setup" file="infra/boot.go:48"
time="2020-07-29T16:39:58+08:00" level=info msg="[red-envelope/infra.(*BootApplication).start(infra/boot.go:57)] Starting starters..." func="red-envelope/infra.(*BootApplication).start" file="infra/boot.go:57"
time="2020-07-29T16:39:58+08:00" level=debug msg="[red-envelope/infra.(*BootApplication).start(infra/boot.go:61)] Starting: *base.PropsStarter" func="red-envelope/infra.(*BootApplication).start" file="infra/boot.go:61"
time="2020-07-29T16:39:58+08:00" level=debug msg="[red-envelope/infra.(*BootApplication).start(infra/boot.go:61)] Starting: *base.DbxDatabaseStarter" func="red-envelope/infra.(*BootApplication).start" file="infra/boot.go:61"
time="2020-07-29T16:39:58+08:00" level=debug msg="[red-envelope/infra.(*BootApplication).start(infra/boot.go:61)] Starting: *base.ValidatorStarter" func="red-envelope/infra.(*BootApplication).start" file="infra/boot.go:61"
time="2020-07-29T16:40:51+08:00" level=info msg="[red-envelope/infra.(*starterRegister).Register(infra/starer.go:78)] Register starter: *base.PropsStarter" func="red-envelope/infra.(*starterRegister).Register" file="infra/starer.go:78"
time="2020-07-29T16:40:51+08:00" level=info msg="[red-envelope/infra.(*starterRegister).Register(infra/starer.go:78)] Register starter: *base.DbxDatabaseStarter" func="red-envelope/infra.(*starterRegister).Register" file="infra/starer.go:78"
time="2020-07-29T16:40:51+08:00" level=info msg="[red-envelope/infra.(*starterRegister).Register(infra/starer.go:78)] Register starter: *base.ValidatorStarter" func="red-envelope/infra.(*starterRegister).Register" file="infra/starer.go:78"
time="2020-07-29T16:40:51+08:00" level=info msg="[red-envelope/infra.(*BootApplication).init(infra/boot.go:34)] Initializing starters..." func="red-envelope/infra.(*BootApplication).init" file="infra/boot.go:34"
time="2020-07-29T16:40:51+08:00" level=debug msg="[red-envelope/infra.(*BootApplication).init(infra/boot.go:37)] Initializing: PriorityGroup=20,Priority=10000,type=*base.PropsStarter" func="red-envelope/infra.(*BootApplication).init" file="infra/boot.go:37"
time="2020-07-29T16:40:51+08:00" level=info msg="[red-envelope/infra/base.(*PropsStarter).Init(base/props.go:23)] 初始化配置." func="red-envelope/infra/base.(*PropsStarter).Init" file="base/props.go:23"
time="2020-07-29T16:40:51+08:00" level=debug msg="[red-envelope/infra.(*BootApplication).init(infra/boot.go:37)] Initializing: PriorityGroup=20,Priority=10000,type=*base.DbxDatabaseStarter" func="red-envelope/infra.(*BootApplication).init" file="infra/boot.go:37"
time="2020-07-29T16:40:51+08:00" level=debug msg="[red-envelope/infra.(*BootApplication).init(infra/boot.go:37)] Initializing: PriorityGroup=20,Priority=10000,type=*base.ValidatorStarter" func="red-envelope/infra.(*BootApplication).init" file="infra/boot.go:37"
time="2020-07-29T16:40:51+08:00" level=info msg="[red-envelope/infra.(*BootApplication).setup(infra/boot.go:45)] Setup starters..." func="red-envelope/infra.(*BootApplication).setup" file="infra/boot.go:45"
time="2020-07-29T16:40:51+08:00" level=debug msg="[red-envelope/infra.(*BootApplication).setup(infra/boot.go:48)] Setup: *base.PropsStarter" func="red-envelope/infra.(*BootApplication).setup" file="infra/boot.go:48"
time="2020-07-29T16:40:51+08:00" level=debug msg="[red-envelope/infra.(*BootApplication).setup(infra/boot.go:48)] Setup: *base.DbxDatabaseStarter" func="red-envelope/infra.(*BootApplication).setup" file="infra/boot.go:48"
time="2020-07-29T16:40:51+08:00" level=info msg="[red-envelope/infra/base.(*DbxDatabaseStarter).Setup(base/dbx.go:33)] mysql.conn url:root:***@tcp(127.0.0.1:3306)/red_envelope?loc=Local&parseTime=true&charset=utf8&" func="red-envelope/infra/base.(*DbxDatabaseStarter).Setup" file="base/dbx.go:33"
time="2020-07-29T16:40:51+08:00" level=info msg="[red-envelope/infra/base.(*DbxDatabaseStarter).Setup(base/dbx.go:38)] <nil>" func="red-envelope/infra/base.(*DbxDatabaseStarter).Setup" file="base/dbx.go:38"
time="2020-07-29T16:40:51+08:00" level=debug msg="[red-envelope/infra.(*BootApplication).setup(infra/boot.go:48)] Setup: *base.ValidatorStarter" func="red-envelope/infra.(*BootApplication).setup" file="infra/boot.go:48"
time="2020-07-29T16:40:51+08:00" level=info msg="[red-envelope/infra.(*BootApplication).start(infra/boot.go:57)] Starting starters..." func="red-envelope/infra.(*BootApplication).start" file="infra/boot.go:57"
time="2020-07-29T16:40:51+08:00" level=debug msg="[red-envelope/infra.(*BootApplication).start(infra/boot.go:61)] Starting: *base.PropsStarter" func="red-envelope/infra.(*BootApplication).start" file="infra/boot.go:61"
time="2020-07-29T16:40:51+08:00" level=debug msg="[red-envelope/infra.(*BootApplication).start(infra/boot.go:61)] Starting: *base.DbxDatabaseStarter" func="red-envelope/infra.(*BootApplication).start" file="infra/boot.go:61"
time="2020-07-29T16:40:51+08:00" level=debug msg="[red-envelope/infra.(*BootApplication).start(infra/boot.go:61)] Starting: *base.ValidatorStarter" func="red-envelope/infra.(*BootApplication).start" file="infra/boot.go:61"
time="2020-07-29T16:41:01+08:00" level=info msg="[red-envelope/infra.(*starterRegister).Register(infra/starer.go:78)] Register starter: *base.PropsStarter" func="red-envelope/infra.(*starterRegister).Register" file="infra/starer.go:78"
time="2020-07-29T16:41:01+08:00" level=info msg="[red-envelope/infra.(*starterRegister).Register(infra/starer.go:78)] Register starter: *base.DbxDatabaseStarter" func="red-envelope/infra.(*starterRegister).Register" file="infra/starer.go:78"
time="2020-07-29T16:41:01+08:00" level=info msg="[red-envelope/infra.(*starterRegister).Register(infra/starer.go:78)] Register starter: *base.ValidatorStarter" func="red-envelope/infra.(*starterRegister).Register" file="infra/starer.go:78"
time="2020-07-29T16:41:01+08:00" level=info msg="[red-envelope/infra.(*BootApplication).init(infra/boot.go:34)] Initializing starters..." func="red-envelope/infra.(*BootApplication).init" file="infra/boot.go:34"
time="2020-07-29T16:41:01+08:00" level=debug msg="[red-envelope/infra.(*BootApplication).init(infra/boot.go:37)] Initializing: PriorityGroup=20,Priority=10000,type=*base.PropsStarter" func="red-envelope/infra.(*BootApplication).init" file="infra/boot.go:37"
time="2020-07-29T16:41:01+08:00" level=info msg="[red-envelope/infra/base.(*PropsStarter).Init(base/props.go:23)] 初始化配置." func="red-envelope/infra/base.(*PropsStarter).Init" file="base/props.go:23"
time="2020-07-29T16:41:01+08:00" level=debug msg="[red-envelope/infra.(*BootApplication).init(infra/boot.go:37)] Initializing: PriorityGroup=20,Priority=10000,type=*base.DbxDatabaseStarter" func="red-envelope/infra.(*BootApplication).init" file="infra/boot.go:37"
time="2020-07-29T16:41:01+08:00" level=debug msg="[red-envelope/infra.(*BootApplication).init(infra/boot.go:37)] Initializing: PriorityGroup=20,Priority=10000,type=*base.ValidatorStarter" func="red-envelope/infra.(*BootApplication).init" file="infra/boot.go:37"
time="2020-07-29T16:41:01+08:00" level=info msg="[red-envelope/infra.(*BootApplication).setup(infra/boot.go:45)] Setup starters..." func="red-envelope/infra.(*BootApplication).setup" file="infra/boot.go:45"
time="2020-07-29T16:41:01+08:00" level=debug msg="[red-envelope/infra.(*BootApplication).setup(infra/boot.go:48)] Setup: *base.PropsStarter" func="red-envelope/infra.(*BootApplication).setup" file="infra/boot.go:48"
time="2020-07-29T16:41:01+08:00" level=debug msg="[red-envelope/infra.(*BootApplication).setup(infra/boot.go:48)] Setup: *base.DbxDatabaseStarter" func="red-envelope/infra.(*BootApplication).setup" file="infra/boot.go:48"
time="2020-07-29T16:41:01+08:00" level=info msg="[red-envelope/infra/base.(*DbxDatabaseStarter).Setup(base/dbx.go:33)] mysql.conn url:root:***@tcp(127.0.0.1:3306)/red_envelope?loc=Local&charset=utf8&parseTime=true&" func="red-envelope/infra/base.(*DbxDatabaseStarter).Setup" file="base/dbx.go:33"
time="2020-07-29T16:41:01+08:00" level=info msg="[red-envelope/infra/base.(*DbxDatabaseStarter).Setup(base/dbx.go:38)] <nil>" func="red-envelope/infra/base.(*DbxDatabaseStarter).Setup" file="base/dbx.go:38"
time="2020-07-29T16:41:01+08:00" level=debug msg="[red-envelope/infra.(*BootApplication).setup(infra/boot.go:48)] Setup: *base.ValidatorStarter" func="red-envelope/infra.(*BootApplication).setup" file="infra/boot.go:48"
time="2020-07-29T16:41:01+08:00" level=info msg="[red-envelope/infra.(*BootApplication).start(infra/boot.go:57)] Starting starters..." func="red-envelope/infra.(*BootApplication).start" file="infra/boot.go:57"
time="2020-07-29T16:41:01+08:00" level=debug msg="[red-envelope/infra.(*BootApplication).start(infra/boot.go:61)] Starting: *base.PropsStarter" func="red-envelope/infra.(*BootApplication).start" file="infra/boot.go:61"
time="2020-07-29T16:41:01+08:00" level=debug msg="[red-envelope/infra.(*BootApplication).start(infra/boot.go:61)] Starting: *base.DbxDatabaseStarter" func="red-envelope/infra.(*BootApplication).start" file="infra/boot.go:61"
time="2020-07-29T16:41:01+08:00" level=debug msg="[red-envelope/infra.(*BootApplication).start(infra/boot.go:61)] Starting: *base.ValidatorStarter" func="red-envelope/infra.(*BootApplication).start" file="infra/boot.go:61"
time="2020-07-29T16:42:13+08:00" level=info msg="[red-envelope/infra.(*starterRegister).Register(infra/starer.go:78)] Register starter: *base.PropsStarter" func="red-envelope/infra.(*starterRegister).Register" file="infra/starer.go:78"
time="2020-07-29T16:42:13+08:00" level=info msg="[red-envelope/infra.(*starterRegister).Register(infra/starer.go:78)] Register starter: *base.DbxDatabaseStarter" func="red-envelope/infra.(*starterRegister).Register" file="infra/starer.go:78"
time="2020-07-29T16:42:13+08:00" level=info msg="[red-envelope/infra.(*starterRegister).Register(infra/starer.go:78)] Register starter: *base.ValidatorStarter" func="red-envelope/infra.(*starterRegister).Register" file="infra/starer.go:78"
time="2020-07-29T16:42:13+08:00" level=info msg="[red-envelope/infra.(*BootApplication).init(infra/boot.go:34)] Initializing starters..." func="red-envelope/infra.(*BootApplication).init" file="infra/boot.go:34"
time="2020-07-29T16:42:13+08:00" level=debug msg="[red-envelope/infra.(*BootApplication).init(infra/boot.go:37)] Initializing: PriorityGroup=20,Priority=10000,type=*base.PropsStarter" func="red-envelope/infra.(*BootApplication).init" file="infra/boot.go:37"
time="2020-07-29T16:42:13+08:00" level=info msg="[red-envelope/infra/base.(*PropsStarter).Init(base/props.go:23)] 初始化配置." func="red-envelope/infra/base.(*PropsStarter).Init" file="base/props.go:23"
time="2020-07-29T16:42:13+08:00" level=debug msg="[red-envelope/infra.(*BootApplication).init(infra/boot.go:37)] Initializing: PriorityGroup=20,Priority=10000,type=*base.DbxDatabaseStarter" func="red-envelope/infra.(*BootApplication).init" file="infra/boot.go:37"
time="2020-07-29T16:42:13+08:00" level=debug msg="[red-envelope/infra.(*BootApplication).init(infra/boot.go:37)] Initializing: PriorityGroup=20,Priority=10000,type=*base.ValidatorStarter" func="red-envelope/infra.(*BootApplication).init" file="infra/boot.go:37"
time="2020-07-29T16:42:13+08:00" level=info msg="[red-envelope/infra.(*BootApplication).setup(infra/boot.go:45)] Setup starters..." func="red-envelope/infra.(*BootApplication).setup" file="infra/boot.go:45"
time="2020-07-29T16:42:13+08:00" level=debug msg="[red-envelope/infra.(*BootApplication).setup(infra/boot.go:48)] Setup: *base.PropsStarter" func="red-envelope/infra.(*BootApplication).setup" file="infra/boot.go:48"
time="2020-07-29T16:42:13+08:00" level=debug msg="[red-envelope/infra.(*BootApplication).setup(infra/boot.go:48)] Setup: *base.DbxDatabaseStarter" func="red-envelope/infra.(*BootApplication).setup" file="infra/boot.go:48"
time="2020-07-29T16:42:13+08:00" level=info msg="[red-envelope/infra/base.(*DbxDatabaseStarter).Setup(base/dbx.go:33)] mysql.conn url:root:***@tcp(127.0.0.1:3306)/red_envelope?loc=Local&parseTime=true&charset=utf8&" func="red-envelope/infra/base.(*DbxDatabaseStarter).Setup" file="base/dbx.go:33"
time="2020-07-29T16:42:13+08:00" level=info msg="[red-envelope/infra/base.(*DbxDatabaseStarter).Setup(base/dbx.go:38)] <nil>" func="red-envelope/infra/base.(*DbxDatabaseStarter).Setup" file="base/dbx.go:38"
time="2020-07-29T16:42:13+08:00" level=debug msg="[red-envelope/infra.(*BootApplication).setup(infra/boot.go:48)] Setup: *base.ValidatorStarter" func="red-envelope/infra.(*BootApplication).setup" file="infra/boot.go:48"
time="2020-07-29T16:42:13+08:00" level=info msg="[red-envelope/infra.(*BootApplication).start(infra/boot.go:57)] Starting starters..." func="red-envelope/infra.(*BootApplication).start" file="infra/boot.go:57"
time="2020-07-29T16:42:13+08:00" level=debug msg="[red-envelope/infra.(*BootApplication).start(infra/boot.go:61)] Starting: *base.PropsStarter" func="red-envelope/infra.(*BootApplication).start" file="infra/boot.go:61"
time="2020-07-29T16:42:13+08:00" level=debug msg="[red-envelope/infra.(*BootApplication).start(infra/boot.go:61)] Starting: *base.DbxDatabaseStarter" func="red-envelope/infra.(*BootApplication).start" file="infra/boot.go:61"
time="2020-07-29T16:42:13+08:00" level=debug msg="[red-envelope/infra.(*BootApplication).start(infra/boot.go:61)] Starting: *base.ValidatorStarter" func="red-envelope/infra.(*BootApplication).start" file="infra/boot.go:61"
time="2020-07-29T16:42:14+08:00" level=info msg="[red-envelope/core/accounts.(*accountDomain).TransferWithContextTx.func1(accounts/domain_account.go:141)] {1fLzPBEXxfZPDO9WHU6Ry6sHYd9 1fLzP437EDBqk8MtdkZzHLFW5Bf 测试用户}" func="red-envelope/core/accounts.(*accountDomain).TransferWithContextTx.func1" file="accounts/domain_account.go:141"
time="2020-07-29T16:42:14+08:00" level=info msg="[red-envelope/core/accounts.(*accountDomain).TransferWithContextTx.func1(accounts/domain_account.go:141)] {1fLzPBEXxfZPDO9WHU6Ry6sHYd9 1fLzP437EDBqk8MtdkZzHLFW5Bf 测试用户}" func="red-envelope/core/accounts.(*accountDomain).TransferWithContextTx.func1" file="accounts/domain_account.go:141"
time="2020-07-29T16:42:51+08:00" level=info msg="[red-envelope/infra.(*starterRegister).Register(infra/starer.go:78)] Register starter: *base.PropsStarter" func="red-envelope/infra.(*starterRegister).Register" file="infra/starer.go:78"
time="2020-07-29T16:42:51+08:00" level=info msg="[red-envelope/infra.(*starterRegister).Register(infra/starer.go:78)] Register starter: *base.DbxDatabaseStarter" func="red-envelope/infra.(*starterRegister).Register" file="infra/starer.go:78"
time="2020-07-29T16:42:51+08:00" level=info msg="[red-envelope/infra.(*starterRegister).Register(infra/starer.go:78)] Register starter: *base.ValidatorStarter" func="red-envelope/infra.(*starterRegister).Register" file="infra/starer.go:78"
time="2020-07-29T16:42:51+08:00" level=info msg="[red-envelope/infra.(*BootApplication).init(infra/boot.go:34)] Initializing starters..." func="red-envelope/infra.(*BootApplication).init" file="infra/boot.go:34"
time="2020-07-29T16:42:51+08:00" level=debug msg="[red-envelope/infra.(*BootApplication).init(infra/boot.go:37)] Initializing: PriorityGroup=20,Priority=10000,type=*base.PropsStarter" func="red-envelope/infra.(*BootApplication).init" file="infra/boot.go:37"
time="2020-07-29T16:42:51+08:00" level=info msg="[red-envelope/infra/base.(*PropsStarter).Init(base/props.go:23)] 初始化配置." func="red-envelope/infra/base.(*PropsStarter).Init" file="base/props.go:23"
time="2020-07-29T16:42:51+08:00" level=debug msg="[red-envelope/infra.(*BootApplication).init(infra/boot.go:37)] Initializing: PriorityGroup=20,Priority=10000,type=*base.DbxDatabaseStarter" func="red-envelope/infra.(*BootApplication).init" file="infra/boot.go:37"
time="2020-07-29T16:42:51+08:00" level=debug msg="[red-envelope/infra.(*BootApplication).init(infra/boot.go:37)] Initializing: PriorityGroup=20,Priority=10000,type=*base.ValidatorStarter" func="red-envelope/infra.(*BootApplication).init" file="infra/boot.go:37"
time="2020-07-29T16:42:51+08:00" level=info msg="[red-envelope/infra.(*BootApplication).setup(infra/boot.go:45)] Setup starters..." func="red-envelope/infra.(*BootApplication).setup" file="infra/boot.go:45"
time="2020-07-29T16:42:51+08:00" level=debug msg="[red-envelope/infra.(*BootApplication).setup(infra/boot.go:48)] Setup: *base.PropsStarter" func="red-envelope/infra.(*BootApplication).setup" file="infra/boot.go:48"
time="2020-07-29T16:42:51+08:00" level=debug msg="[red-envelope/infra.(*BootApplication).setup(infra/boot.go:48)] Setup: *base.DbxDatabaseStarter" func="red-envelope/infra.(*BootApplication).setup" file="infra/boot.go:48"
time="2020-07-29T16:42:51+08:00" level=info msg="[red-envelope/infra/base.(*DbxDatabaseStarter).Setup(base/dbx.go:33)] mysql.conn url:root:***@tcp(127.0.0.1:3306)/red_envelope?charset=utf8&parseTime=true&loc=Local&" func="red-envelope/infra/base.(*DbxDatabaseStarter).Setup" file="base/dbx.go:33"
time="2020-07-29T16:42:51+08:00" level=info msg="[red-envelope/infra/base.(*DbxDatabaseStarter).Setup(base/dbx.go:38)] <nil>" func="red-envelope/infra/base.(*DbxDatabaseStarter).Setup" file="base/dbx.go:38"
time="2020-07-29T16:42:51+08:00" level=debug msg="[red-envelope/infra.(*BootApplication).setup(infra/boot.go:48)] Setup: *base.ValidatorStarter" func="red-envelope/infra.(*BootApplication).setup" file="infra/boot.go:48"
time="2020-07-29T16:42:51+08:00" level=info msg="[red-envelope/infra.(*BootApplication).start(infra/boot.go:57)] Starting starters..." func="red-envelope/infra.(*BootApplication).start" file="infra/boot.go:57"
time="2020-07-29T16:42:51+08:00" level=debug msg="[red-envelope/infra.(*BootApplication).start(infra/boot.go:61)] Starting: *base.PropsStarter" func="red-envelope/infra.(*BootApplication).start" file="infra/boot.go:61"
time="2020-07-29T16:42:51+08:00" level=debug msg="[red-envelope/infra.(*BootApplication).start(infra/boot.go:61)] Starting: *base.DbxDatabaseStarter" func="red-envelope/infra.(*BootApplication).start" file="infra/boot.go:61"
time="2020-07-29T16:42:51+08:00" level=debug msg="[red-envelope/infra.(*BootApplication).start(infra/boot.go:61)] Starting: *base.ValidatorStarter" func="red-envelope/infra.(*BootApplication).start" file="infra/boot.go:61"
time="2020-07-29T16:42:51+08:00" level=info msg="[red-envelope/core/accounts.(*accountDomain).TransferWithContextTx.func1(accounts/domain_account.go:133)] 1" func="red-envelope/core/accounts.(*accountDomain).TransferWithContextTx.func1" file="accounts/domain_account.go:133"
time="2020-07-29T16:42:51+08:00" level=info msg="[red-envelope/core/accounts.(*accountDomain).TransferWithContextTx.func1(accounts/domain_account.go:142)] {1fLzTrSETHYmCwLNwwzhRCA1Pvj 1fLzTthn4woqCXfz2nExGR4c0BV 测试用户}" func="red-envelope/core/accounts.(*accountDomain).TransferWithContextTx.func1" file="accounts/domain_account.go:142"
time="2020-07-29T16:42:51+08:00" level=info msg="[red-envelope/core/accounts.(*accountDomain).TransferWithContextTx.func1(accounts/domain_account.go:133)] 1" func="red-envelope/core/accounts.(*accountDomain).TransferWithContextTx.func1" file="accounts/domain_account.go:133"
time="2020-07-29T16:42:51+08:00" level=info msg="[red-envelope/core/accounts.(*accountDomain).TransferWithContextTx.func1(accounts/domain_account.go:142)] {1fLzTrSETHYmCwLNwwzhRCA1Pvj 1fLzTthn4woqCXfz2nExGR4c0BV 测试用户}" func="red-envelope/core/accounts.(*accountDomain).TransferWithContextTx.func1" file="accounts/domain_account.go:142"
time="2020-07-29T16:43:19+08:00" level=info msg="[red-envelope/infra.(*starterRegister).Register(infra/starer.go:78)] Register starter: *base.PropsStarter" func="red-envelope/infra.(*starterRegister).Register" file="infra/starer.go:78"
time="2020-07-29T16:43:19+08:00" level=info msg="[red-envelope/infra.(*starterRegister).Register(infra/starer.go:78)] Register starter: *base.DbxDatabaseStarter" func="red-envelope/infra.(*starterRegister).Register" file="infra/starer.go:78"
time="2020-07-29T16:43:19+08:00" level=info msg="[red-envelope/infra.(*starterRegister).Register(infra/starer.go:78)] Register starter: *base.ValidatorStarter" func="red-envelope/infra.(*starterRegister).Register" file="infra/starer.go:78"
time="2020-07-29T16:43:19+08:00" level=info msg="[red-envelope/infra.(*BootApplication).init(infra/boot.go:34)] Initializing starters..." func="red-envelope/infra.(*BootApplication).init" file="infra/boot.go:34"
time="2020-07-29T16:43:19+08:00" level=debug msg="[red-envelope/infra.(*BootApplication).init(infra/boot.go:37)] Initializing: PriorityGroup=20,Priority=10000,type=*base.PropsStarter" func="red-envelope/infra.(*BootApplication).init" file="infra/boot.go:37"
time="2020-07-29T16:43:19+08:00" level=info msg="[red-envelope/infra/base.(*PropsStarter).Init(base/props.go:23)] 初始化配置." func="red-envelope/infra/base.(*PropsStarter).Init" file="base/props.go:23"
time="2020-07-29T16:43:19+08:00" level=debug msg="[red-envelope/infra.(*BootApplication).init(infra/boot.go:37)] Initializing: PriorityGroup=20,Priority=10000,type=*base.DbxDatabaseStarter" func="red-envelope/infra.(*BootApplication).init" file="infra/boot.go:37"
time="2020-07-29T16:43:19+08:00" level=debug msg="[red-envelope/infra.(*BootApplication).init(infra/boot.go:37)] Initializing: PriorityGroup=20,Priority=10000,type=*base.ValidatorStarter" func="red-envelope/infra.(*BootApplication).init" file="infra/boot.go:37"
time="2020-07-29T16:43:19+08:00" level=info msg="[red-envelope/infra.(*BootApplication).setup(infra/boot.go:45)] Setup starters..." func="red-envelope/infra.(*BootApplication).setup" file="infra/boot.go:45"
time="2020-07-29T16:43:19+08:00" level=debug msg="[red-envelope/infra.(*BootApplication).setup(infra/boot.go:48)] Setup: *base.PropsStarter" func="red-envelope/infra.(*BootApplication).setup" file="infra/boot.go:48"
time="2020-07-29T16:43:19+08:00" level=debug msg="[red-envelope/infra.(*BootApplication).setup(infra/boot.go:48)] Setup: *base.DbxDatabaseStarter" func="red-envelope/infra.(*BootApplication).setup" file="infra/boot.go:48"
time="2020-07-29T16:43:19+08:00" level=info msg="[red-envelope/infra/base.(*DbxDatabaseStarter).Setup(base/dbx.go:33)] mysql.conn url:root:***@tcp(127.0.0.1:3306)/red_envelope?charset=utf8&parseTime=true&loc=Local&" func="red-envelope/infra/base.(*DbxDatabaseStarter).Setup" file="base/dbx.go:33"
time="2020-07-29T16:43:19+08:00" level=info msg="[red-envelope/infra/base.(*DbxDatabaseStarter).Setup(base/dbx.go:38)] <nil>" func="red-envelope/infra/base.(*DbxDatabaseStarter).Setup" file="base/dbx.go:38"
time="2020-07-29T16:43:19+08:00" level=debug msg="[red-envelope/infra.(*BootApplication).setup(infra/boot.go:48)] Setup: *base.ValidatorStarter" func="red-envelope/infra.(*BootApplication).setup" file="infra/boot.go:48"
time="2020-07-29T16:43:19+08:00" level=info msg="[red-envelope/infra.(*BootApplication).start(infra/boot.go:57)] Starting starters..." func="red-envelope/infra.(*BootApplication).start" file="infra/boot.go:57"
time="2020-07-29T16:43:19+08:00" level=debug msg="[red-envelope/infra.(*BootApplication).start(infra/boot.go:61)] Starting: *base.PropsStarter" func="red-envelope/infra.(*BootApplication).start" file="infra/boot.go:61"
time="2020-07-29T16:43:19+08:00" level=debug msg="[red-envelope/infra.(*BootApplication).start(infra/boot.go:61)] Starting: *base.DbxDatabaseStarter" func="red-envelope/infra.(*BootApplication).start" file="infra/boot.go:61"
time="2020-07-29T16:43:19+08:00" level=debug msg="[red-envelope/infra.(*BootApplication).start(infra/boot.go:61)] Starting: *base.ValidatorStarter" func="red-envelope/infra.(*BootApplication).start" file="infra/boot.go:61"
time="2020-07-29T16:43:19+08:00" level=info msg="[red-envelope/core/accounts.(*accountDomain).TransferWithContextTx.func1(accounts/domain_account.go:133)] 1" func="red-envelope/core/accounts.(*accountDomain).TransferWithContextTx.func1" file="accounts/domain_account.go:133"
time="2020-07-29T16:43:19+08:00" level=info msg="[red-envelope/core/accounts.(*accountDomain).TransferWithContextTx.func1(accounts/domain_account.go:142)] {1fLzXQmUMmnPzUkhokhznZfs5Ml 1fLzXRjMs6q3M227mID7OLO9i8i 测试用户1}" func="red-envelope/core/accounts.(*accountDomain).TransferWithContextTx.func1" file="accounts/domain_account.go:142"
time="2020-07-29T16:43:22+08:00" level=info msg="[red-envelope/core/accounts.(*accountDomain).TransferWithContextTx.func1(accounts/domain_account.go:133)] 0" func="red-envelope/core/accounts.(*accountDomain).TransferWithContextTx.func1" file="accounts/domain_account.go:133"
time="2020-07-29T16:43:22+08:00" level=info msg="[red-envelope/core/accounts.(*accountDomain).TransferWithContextTx.func1(accounts/domain_account.go:142)] {10000020200730010000000000000001 10001 }" func="red-envelope/core/accounts.(*accountDomain).TransferWithContextTx.func1" file="accounts/domain_account.go:142"
time="2020-07-29T16:43:22+08:00" level=error msg="[red-envelope/core/accounts.(*accountDomain).TransferWithContextTx(accounts/domain_account.go:157)] 账户出错" func="red-envelope/core/accounts.(*accountDomain).TransferWithContextTx" file="accounts/domain_account.go:157"
time="2020-07-29T16:43:37+08:00" level=info msg="[red-envelope/infra.(*starterRegister).Register(infra/starer.go:78)] Register starter: *base.PropsStarter" func="red-envelope/infra.(*starterRegister).Register" file="infra/starer.go:78"
time="2020-07-29T16:43:37+08:00" level=info msg="[red-envelope/infra.(*starterRegister).Register(infra/starer.go:78)] Register starter: *base.DbxDatabaseStarter" func="red-envelope/infra.(*starterRegister).Register" file="infra/starer.go:78"
time="2020-07-29T16:43:37+08:00" level=info msg="[red-envelope/infra.(*starterRegister).Register(infra/starer.go:78)] Register starter: *base.ValidatorStarter" func="red-envelope/infra.(*starterRegister).Register" file="infra/starer.go:78"
time="2020-07-29T16:43:37+08:00" level=info msg="[red-envelope/infra.(*BootApplication).init(infra/boot.go:34)] Initializing starters..." func="red-envelope/infra.(*BootApplication).init" file="infra/boot.go:34"
time="2020-07-29T16:43:37+08:00" level=debug msg="[red-envelope/infra.(*BootApplication).init(infra/boot.go:37)] Initializing: PriorityGroup=20,Priority=10000,type=*base.PropsStarter" func="red-envelope/infra.(*BootApplication).init" file="infra/boot.go:37"
time="2020-07-29T16:43:37+08:00" level=info msg="[red-envelope/infra/base.(*PropsStarter).Init(base/props.go:23)] 初始化配置." func="red-envelope/infra/base.(*PropsStarter).Init" file="base/props.go:23"
time="2020-07-29T16:43:37+08:00" level=debug msg="[red-envelope/infra.(*BootApplication).init(infra/boot.go:37)] Initializing: PriorityGroup=20,Priority=10000,type=*base.DbxDatabaseStarter" func="red-envelope/infra.(*BootApplication).init" file="infra/boot.go:37"
time="2020-07-29T16:43:37+08:00" level=debug msg="[red-envelope/infra.(*BootApplication).init(infra/boot.go:37)] Initializing: PriorityGroup=20,Priority=10000,type=*base.ValidatorStarter" func="red-envelope/infra.(*BootApplication).init" file="infra/boot.go:37"
time="2020-07-29T16:43:37+08:00" level=info msg="[red-envelope/infra.(*BootApplication).setup(infra/boot.go:45)] Setup starters..." func="red-envelope/infra.(*BootApplication).setup" file="infra/boot.go:45"
time="2020-07-29T16:43:37+08:00" level=debug msg="[red-envelope/infra.(*BootApplication).setup(infra/boot.go:48)] Setup: *base.PropsStarter" func="red-envelope/infra.(*BootApplication).setup" file="infra/boot.go:48"
time="2020-07-29T16:43:37+08:00" level=debug msg="[red-envelope/infra.(*BootApplication).setup(infra/boot.go:48)] Setup: *base.DbxDatabaseStarter" func="red-envelope/infra.(*BootApplication).setup" file="infra/boot.go:48"
time="2020-07-29T16:43:37+08:00" level=info msg="[red-envelope/infra/base.(*DbxDatabaseStarter).Setup(base/dbx.go:33)] mysql.conn url:root:***@tcp(127.0.0.1:3306)/red_envelope?loc=Local&parseTime=true&charset=utf8&" func="red-envelope/infra/base.(*DbxDatabaseStarter).Setup" file="base/dbx.go:33"
time="2020-07-29T16:43:37+08:00" level=info msg="[red-envelope/infra/base.(*DbxDatabaseStarter).Setup(base/dbx.go:38)] <nil>" func="red-envelope/infra/base.(*DbxDatabaseStarter).Setup" file="base/dbx.go:38"
time="2020-07-29T16:43:37+08:00" level=debug msg="[red-envelope/infra.(*BootApplication).setup(infra/boot.go:48)] Setup: *base.ValidatorStarter" func="red-envelope/infra.(*BootApplication).setup" file="infra/boot.go:48"
time="2020-07-29T16:43:37+08:00" level=info msg="[red-envelope/infra.(*BootApplication).start(infra/boot.go:57)] Starting starters..." func="red-envelope/infra.(*BootApplication).start" file="infra/boot.go:57"
time="2020-07-29T16:43:37+08:00" level=debug msg="[red-envelope/infra.(*BootApplication).start(infra/boot.go:61)] Starting: *base.PropsStarter" func="red-envelope/infra.(*BootApplication).start" file="infra/boot.go:61"
time="2020-07-29T16:43:37+08:00" level=debug msg="[red-envelope/infra.(*BootApplication).start(infra/boot.go:61)] Starting: *base.DbxDatabaseStarter" func="red-envelope/infra.(*BootApplication).start" file="infra/boot.go:61"
time="2020-07-29T16:43:37+08:00" level=debug msg="[red-envelope/infra.(*BootApplication).start(infra/boot.go:61)] Starting: *base.ValidatorStarter" func="red-envelope/infra.(*BootApplication).start" file="infra/boot.go:61"
time="2020-07-29T16:43:37+08:00" level=info msg="[red-envelope/core/accounts.(*accountDomain).TransferWithContextTx.func1(accounts/domain_account.go:133)] 1" func="red-envelope/core/accounts.(*accountDomain).TransferWithContextTx.func1" file="accounts/domain_account.go:133"
time="2020-07-29T16:43:37+08:00" level=info msg="[red-envelope/core/accounts.(*accountDomain).TransferWithContextTx.func1(accounts/domain_account.go:142)] {1fLzZg4B3ZdsHZ6A0noKShqAZwa 1fLzZdHQV8X3xxu2s1uLKZiHAtj 测试用户1}" func="red-envelope/core/accounts.(*accountDomain).TransferWithContextTx.func1" file="accounts/domain_account.go:142"
time="2020-07-29T16:43:37+08:00" level=info msg="[red-envelope/core/accounts.(*accountDomain).TransferWithContextTx.func1(accounts/domain_account.go:133)] 0" func="red-envelope/core/accounts.(*accountDomain).TransferWithContextTx.func1" file="accounts/domain_account.go:133"
time="2020-07-29T16:43:37+08:00" level=info msg="[red-envelope/core/accounts.(*accountDomain).TransferWithContextTx.func1(accounts/domain_account.go:142)] {10000020200730010000000000000001 10001 }" func="red-envelope/core/accounts.(*accountDomain).TransferWithContextTx.func1" file="accounts/domain_account.go:142"
time="2020-07-29T16:43:37+08:00" level=error msg="[red-envelope/core/accounts.(*accountDomain).TransferWithContextTx(accounts/domain_account.go:157)] 账户出错" func="red-envelope/core/accounts.(*accountDomain).TransferWithContextTx" file="accounts/domain_account.go:157"
