time="2020-07-29T15:01:37+08:00" level=info msg="[red-envelope/infra.(*starterRegister).Register(infra/starer.go:78)] Register starter: *base.PropsStarter" func="red-envelope/infra.(*starterRegister).Register" file="infra/starer.go:78"
time="2020-07-29T15:01:37+08:00" level=info msg="[red-envelope/infra.(*starterRegister).Register(infra/starer.go:78)] Register starter: *base.DbxDatabaseStarter" func="red-envelope/infra.(*starterRegister).Register" file="infra/starer.go:78"
time="2020-07-29T15:01:37+08:00" level=info msg="[red-envelope/infra.(*starterRegister).Register(infra/starer.go:78)] Register starter: *base.ValidatorStarter" func="red-envelope/infra.(*starterRegister).Register" file="infra/starer.go:78"
time="2020-07-29T15:01:37+08:00" level=info msg="[red-envelope/infra.(*BootApplication).init(infra/boot.go:34)] Initializing starters..." func="red-envelope/infra.(*BootApplication).init" file="infra/boot.go:34"
time="2020-07-29T15:01:37+08:00" level=debug msg="[red-envelope/infra.(*BootApplication).init(infra/boot.go:37)] Initializing: PriorityGroup=20,Priority=10000,type=*base.PropsStarter" func="red-envelope/infra.(*BootApplication).init" file="infra/boot.go:37"
time="2020-07-29T15:01:37+08:00" level=info msg="[red-envelope/infra/base.(*PropsStarter).Init(base/props.go:23)] 初始化配置." func="red-envelope/infra/base.(*PropsStarter).Init" file="base/props.go:23"
time="2020-07-29T15:01:37+08:00" level=debug msg="[red-envelope/infra.(*BootApplication).init(infra/boot.go:37)] Initializing: PriorityGroup=20,Priority=10000,type=*base.DbxDatabaseStarter" func="red-envelope/infra.(*BootApplication).init" file="infra/boot.go:37"
time="2020-07-29T15:01:37+08:00" level=debug msg="[red-envelope/infra.(*BootApplication).init(infra/boot.go:37)] Initializing: PriorityGroup=20,Priority=10000,type=*base.ValidatorStarter" func="red-envelope/infra.(*BootApplication).init" file="infra/boot.go:37"
time="2020-07-29T15:01:37+08:00" level=info msg="[red-envelope/infra.(*BootApplication).setup(infra/boot.go:45)] Setup starters..." func="red-envelope/infra.(*BootApplication).setup" file="infra/boot.go:45"
time="2020-07-29T15:01:37+08:00" level=debug msg="[red-envelope/infra.(*BootApplication).setup(infra/boot.go:48)] Setup: *base.PropsStarter" func="red-envelope/infra.(*BootApplication).setup" file="infra/boot.go:48"
time="2020-07-29T15:01:37+08:00" level=debug msg="[red-envelope/infra.(*BootApplication).setup(infra/boot.go:48)] Setup: *base.DbxDatabaseStarter" func="red-envelope/infra.(*BootApplication).setup" file="infra/boot.go:48"
time="2020-07-29T15:01:37+08:00" level=info msg="[red-envelope/infra/base.(*DbxDatabaseStarter).Setup(base/dbx.go:33)] mysql.conn url:root:***@tcp(127.0.0.1:3306)/red_envelope?charset=utf8&parseTime=true&loc=Local&" func="red-envelope/infra/base.(*DbxDatabaseStarter).Setup" file="base/dbx.go:33"
time="2020-07-29T15:01:37+08:00" level=info msg="[red-envelope/infra/base.(*DbxDatabaseStarter).Setup(base/dbx.go:38)] <nil>" func="red-envelope/infra/base.(*DbxDatabaseStarter).Setup" file="base/dbx.go:38"
time="2020-07-29T15:01:37+08:00" level=debug msg="[red-envelope/infra.(*BootApplication).setup(infra/boot.go:48)] Setup: *base.ValidatorStarter" func="red-envelope/infra.(*BootApplication).setup" file="infra/boot.go:48"
time="2020-07-29T15:01:37+08:00" level=info msg="[red-envelope/infra.(*BootApplication).start(infra/boot.go:57)] Starting starters..." func="red-envelope/infra.(*BootApplication).start" file="infra/boot.go:57"
time="2020-07-29T15:01:37+08:00" level=debug msg="[red-envelope/infra.(*BootApplication).start(infra/boot.go:61)] Starting: *base.PropsStarter" func="red-envelope/infra.(*BootApplication).start" file="infra/boot.go:61"
time="2020-07-29T15:01:37+08:00" level=debug msg="[red-envelope/infra.(*BootApplication).start(infra/boot.go:61)] Starting: *base.DbxDatabaseStarter" func="red-envelope/infra.(*BootApplication).start" file="infra/boot.go:61"
time="2020-07-29T15:01:37+08:00" level=debug msg="[red-envelope/infra.(*BootApplication).start(infra/boot.go:61)] Starting: *base.ValidatorStarter" func="red-envelope/infra.(*BootApplication).start" file="infra/boot.go:61"
time="2020-07-29T15:02:13+08:00" level=info msg="[red-envelope/infra.(*starterRegister).Register(infra/starer.go:78)] Register starter: *base.PropsStarter" func="red-envelope/infra.(*starterRegister).Register" file="infra/starer.go:78"
time="2020-07-29T15:02:13+08:00" level=info msg="[red-envelope/infra.(*starterRegister).Register(infra/starer.go:78)] Register starter: *base.DbxDatabaseStarter" func="red-envelope/infra.(*starterRegister).Register" file="infra/starer.go:78"
time="2020-07-29T15:02:13+08:00" level=info msg="[red-envelope/infra.(*starterRegister).Register(infra/starer.go:78)] Register starter: *base.ValidatorStarter" func="red-envelope/infra.(*starterRegister).Register" file="infra/starer.go:78"
time="2020-07-29T15:02:13+08:00" level=info msg="[red-envelope/infra.(*BootApplication).init(infra/boot.go:34)] Initializing starters..." func="red-envelope/infra.(*BootApplication).init" file="infra/boot.go:34"
time="2020-07-29T15:02:13+08:00" level=debug msg="[red-envelope/infra.(*BootApplication).init(infra/boot.go:37)] Initializing: PriorityGroup=20,Priority=10000,type=*base.PropsStarter" func="red-envelope/infra.(*BootApplication).init" file="infra/boot.go:37"
time="2020-07-29T15:02:13+08:00" level=info msg="[red-envelope/infra/base.(*PropsStarter).Init(base/props.go:23)] 初始化配置." func="red-envelope/infra/base.(*PropsStarter).Init" file="base/props.go:23"
time="2020-07-29T15:02:13+08:00" level=debug msg="[red-envelope/infra.(*BootApplication).init(infra/boot.go:37)] Initializing: PriorityGroup=20,Priority=10000,type=*base.DbxDatabaseStarter" func="red-envelope/infra.(*BootApplication).init" file="infra/boot.go:37"
time="2020-07-29T15:02:13+08:00" level=debug msg="[red-envelope/infra.(*BootApplication).init(infra/boot.go:37)] Initializing: PriorityGroup=20,Priority=10000,type=*base.ValidatorStarter" func="red-envelope/infra.(*BootApplication).init" file="infra/boot.go:37"
time="2020-07-29T15:02:13+08:00" level=info msg="[red-envelope/infra.(*BootApplication).setup(infra/boot.go:45)] Setup starters..." func="red-envelope/infra.(*BootApplication).setup" file="infra/boot.go:45"
time="2020-07-29T15:02:13+08:00" level=debug msg="[red-envelope/infra.(*BootApplication).setup(infra/boot.go:48)] Setup: *base.PropsStarter" func="red-envelope/infra.(*BootApplication).setup" file="infra/boot.go:48"
time="2020-07-29T15:02:13+08:00" level=debug msg="[red-envelope/infra.(*BootApplication).setup(infra/boot.go:48)] Setup: *base.DbxDatabaseStarter" func="red-envelope/infra.(*BootApplication).setup" file="infra/boot.go:48"
time="2020-07-29T15:02:13+08:00" level=info msg="[red-envelope/infra/base.(*DbxDatabaseStarter).Setup(base/dbx.go:33)] mysql.conn url:root:***@tcp(127.0.0.1:3306)/red_envelope?loc=Local&charset=utf8&parseTime=true&" func="red-envelope/infra/base.(*DbxDatabaseStarter).Setup" file="base/dbx.go:33"
time="2020-07-29T15:02:13+08:00" level=info msg="[red-envelope/infra/base.(*DbxDatabaseStarter).Setup(base/dbx.go:38)] <nil>" func="red-envelope/infra/base.(*DbxDatabaseStarter).Setup" file="base/dbx.go:38"
time="2020-07-29T15:02:13+08:00" level=debug msg="[red-envelope/infra.(*BootApplication).setup(infra/boot.go:48)] Setup: *base.ValidatorStarter" func="red-envelope/infra.(*BootApplication).setup" file="infra/boot.go:48"
time="2020-07-29T15:02:13+08:00" level=info msg="[red-envelope/infra.(*BootApplication).start(infra/boot.go:57)] Starting starters..." func="red-envelope/infra.(*BootApplication).start" file="infra/boot.go:57"
time="2020-07-29T15:02:13+08:00" level=debug msg="[red-envelope/infra.(*BootApplication).start(infra/boot.go:61)] Starting: *base.PropsStarter" func="red-envelope/infra.(*BootApplication).start" file="infra/boot.go:61"
time="2020-07-29T15:02:13+08:00" level=debug msg="[red-envelope/infra.(*BootApplication).start(infra/boot.go:61)] Starting: *base.DbxDatabaseStarter" func="red-envelope/infra.(*BootApplication).start" file="infra/boot.go:61"
time="2020-07-29T15:02:13+08:00" level=debug msg="[red-envelope/infra.(*BootApplication).start(infra/boot.go:61)] Starting: *base.ValidatorStarter" func="red-envelope/infra.(*BootApplication).start" file="infra/boot.go:61"
time="2020-07-29T15:05:13+08:00" level=info msg="[red-envelope/infra.(*starterRegister).Register(infra/starer.go:78)] Register starter: *base.PropsStarter" func="red-envelope/infra.(*starterRegister).Register" file="infra/starer.go:78"
time="2020-07-29T15:05:13+08:00" level=info msg="[red-envelope/infra.(*starterRegister).Register(infra/starer.go:78)] Register starter: *base.DbxDatabaseStarter" func="red-envelope/infra.(*starterRegister).Register" file="infra/starer.go:78"
time="2020-07-29T15:05:13+08:00" level=info msg="[red-envelope/infra.(*starterRegister).Register(infra/starer.go:78)] Register starter: *base.ValidatorStarter" func="red-envelope/infra.(*starterRegister).Register" file="infra/starer.go:78"
time="2020-07-29T15:05:13+08:00" level=info msg="[red-envelope/infra.(*BootApplication).init(infra/boot.go:34)] Initializing starters..." func="red-envelope/infra.(*BootApplication).init" file="infra/boot.go:34"
time="2020-07-29T15:05:13+08:00" level=debug msg="[red-envelope/infra.(*BootApplication).init(infra/boot.go:37)] Initializing: PriorityGroup=20,Priority=10000,type=*base.PropsStarter" func="red-envelope/infra.(*BootApplication).init" file="infra/boot.go:37"
time="2020-07-29T15:05:13+08:00" level=info msg="[red-envelope/infra/base.(*PropsStarter).Init(base/props.go:23)] 初始化配置." func="red-envelope/infra/base.(*PropsStarter).Init" file="base/props.go:23"
time="2020-07-29T15:05:13+08:00" level=debug msg="[red-envelope/infra.(*BootApplication).init(infra/boot.go:37)] Initializing: PriorityGroup=20,Priority=10000,type=*base.DbxDatabaseStarter" func="red-envelope/infra.(*BootApplication).init" file="infra/boot.go:37"
time="2020-07-29T15:05:13+08:00" level=debug msg="[red-envelope/infra.(*BootApplication).init(infra/boot.go:37)] Initializing: PriorityGroup=20,Priority=10000,type=*base.ValidatorStarter" func="red-envelope/infra.(*BootApplication).init" file="infra/boot.go:37"
time="2020-07-29T15:05:13+08:00" level=info msg="[red-envelope/infra.(*BootApplication).setup(infra/boot.go:45)] Setup starters..." func="red-envelope/infra.(*BootApplication).setup" file="infra/boot.go:45"
time="2020-07-29T15:05:13+08:00" level=debug msg="[red-envelope/infra.(*BootApplication).setup(infra/boot.go:48)] Setup: *base.PropsStarter" func="red-envelope/infra.(*BootApplication).setup" file="infra/boot.go:48"
time="2020-07-29T15:05:13+08:00" level=debug msg="[red-envelope/infra.(*BootApplication).setup(infra/boot.go:48)] Setup: *base.DbxDatabaseStarter" func="red-envelope/infra.(*BootApplication).setup" file="infra/boot.go:48"
time="2020-07-29T15:05:13+08:00" level=info msg="[red-envelope/infra/base.(*DbxDatabaseStarter).Setup(base/dbx.go:33)] mysql.conn url:root:***@tcp(127.0.0.1:3306)/red_envelope?charset=utf8&parseTime=true&loc=Local&" func="red-envelope/infra/base.(*DbxDatabaseStarter).Setup" file="base/dbx.go:33"
time="2020-07-29T15:05:13+08:00" level=info msg="[red-envelope/infra/base.(*DbxDatabaseStarter).Setup(base/dbx.go:38)] <nil>" func="red-envelope/infra/base.(*DbxDatabaseStarter).Setup" file="base/dbx.go:38"
time="2020-07-29T15:05:13+08:00" level=debug msg="[red-envelope/infra.(*BootApplication).setup(infra/boot.go:48)] Setup: *base.ValidatorStarter" func="red-envelope/infra.(*BootApplication).setup" file="infra/boot.go:48"
time="2020-07-29T15:05:13+08:00" level=info msg="[red-envelope/infra.(*BootApplication).start(infra/boot.go:57)] Starting starters..." func="red-envelope/infra.(*BootApplication).start" file="infra/boot.go:57"
time="2020-07-29T15:05:13+08:00" level=debug msg="[red-envelope/infra.(*BootApplication).start(infra/boot.go:61)] Starting: *base.PropsStarter" func="red-envelope/infra.(*BootApplication).start" file="infra/boot.go:61"
time="2020-07-29T15:05:13+08:00" level=debug msg="[red-envelope/infra.(*BootApplication).start(infra/boot.go:61)] Starting: *base.DbxDatabaseStarter" func="red-envelope/infra.(*BootApplication).start" file="infra/boot.go:61"
time="2020-07-29T15:05:13+08:00" level=debug msg="[red-envelope/infra.(*BootApplication).start(infra/boot.go:61)] Starting: *base.ValidatorStarter" func="red-envelope/infra.(*BootApplication).start" file="infra/boot.go:61"
time="2020-07-29T15:06:12+08:00" level=info msg="[red-envelope/infra.(*starterRegister).Register(infra/starer.go:78)] Register starter: *base.PropsStarter" func="red-envelope/infra.(*starterRegister).Register" file="infra/starer.go:78"
time="2020-07-29T15:06:12+08:00" level=info msg="[red-envelope/infra.(*starterRegister).Register(infra/starer.go:78)] Register starter: *base.DbxDatabaseStarter" func="red-envelope/infra.(*starterRegister).Register" file="infra/starer.go:78"
time="2020-07-29T15:06:12+08:00" level=info msg="[red-envelope/infra.(*starterRegister).Register(infra/starer.go:78)] Register starter: *base.ValidatorStarter" func="red-envelope/infra.(*starterRegister).Register" file="infra/starer.go:78"
time="2020-07-29T15:06:12+08:00" level=info msg="[red-envelope/infra.(*BootApplication).init(infra/boot.go:34)] Initializing starters..." func="red-envelope/infra.(*BootApplication).init" file="infra/boot.go:34"
time="2020-07-29T15:06:12+08:00" level=debug msg="[red-envelope/infra.(*BootApplication).init(infra/boot.go:37)] Initializing: PriorityGroup=20,Priority=10000,type=*base.PropsStarter" func="red-envelope/infra.(*BootApplication).init" file="infra/boot.go:37"
time="2020-07-29T15:06:12+08:00" level=info msg="[red-envelope/infra/base.(*PropsStarter).Init(base/props.go:23)] 初始化配置." func="red-envelope/infra/base.(*PropsStarter).Init" file="base/props.go:23"
time="2020-07-29T15:06:12+08:00" level=debug msg="[red-envelope/infra.(*BootApplication).init(infra/boot.go:37)] Initializing: PriorityGroup=20,Priority=10000,type=*base.DbxDatabaseStarter" func="red-envelope/infra.(*BootApplication).init" file="infra/boot.go:37"
time="2020-07-29T15:06:12+08:00" level=debug msg="[red-envelope/infra.(*BootApplication).init(infra/boot.go:37)] Initializing: PriorityGroup=20,Priority=10000,type=*base.ValidatorStarter" func="red-envelope/infra.(*BootApplication).init" file="infra/boot.go:37"
time="2020-07-29T15:06:12+08:00" level=info msg="[red-envelope/infra.(*BootApplication).setup(infra/boot.go:45)] Setup starters..." func="red-envelope/infra.(*BootApplication).setup" file="infra/boot.go:45"
time="2020-07-29T15:06:12+08:00" level=debug msg="[red-envelope/infra.(*BootApplication).setup(infra/boot.go:48)] Setup: *base.PropsStarter" func="red-envelope/infra.(*BootApplication).setup" file="infra/boot.go:48"
time="2020-07-29T15:06:12+08:00" level=debug msg="[red-envelope/infra.(*BootApplication).setup(infra/boot.go:48)] Setup: *base.DbxDatabaseStarter" func="red-envelope/infra.(*BootApplication).setup" file="infra/boot.go:48"
time="2020-07-29T15:06:12+08:00" level=info msg="[red-envelope/infra/base.(*DbxDatabaseStarter).Setup(base/dbx.go:33)] mysql.conn url:root:***@tcp(127.0.0.1:3306)/red_envelope?charset=utf8&loc=Local&parseTime=true&" func="red-envelope/infra/base.(*DbxDatabaseStarter).Setup" file="base/dbx.go:33"
time="2020-07-29T15:06:12+08:00" level=info msg="[red-envelope/infra/base.(*DbxDatabaseStarter).Setup(base/dbx.go:38)] <nil>" func="red-envelope/infra/base.(*DbxDatabaseStarter).Setup" file="base/dbx.go:38"
time="2020-07-29T15:06:12+08:00" level=debug msg="[red-envelope/infra.(*BootApplication).setup(infra/boot.go:48)] Setup: *base.ValidatorStarter" func="red-envelope/infra.(*BootApplication).setup" file="infra/boot.go:48"
time="2020-07-29T15:06:12+08:00" level=info msg="[red-envelope/infra.(*BootApplication).start(infra/boot.go:57)] Starting starters..." func="red-envelope/infra.(*BootApplication).start" file="infra/boot.go:57"
time="2020-07-29T15:06:12+08:00" level=debug msg="[red-envelope/infra.(*BootApplication).start(infra/boot.go:61)] Starting: *base.PropsStarter" func="red-envelope/infra.(*BootApplication).start" file="infra/boot.go:61"
time="2020-07-29T15:06:12+08:00" level=debug msg="[red-envelope/infra.(*BootApplication).start(infra/boot.go:61)] Starting: *base.DbxDatabaseStarter" func="red-envelope/infra.(*BootApplication).start" file="infra/boot.go:61"
time="2020-07-29T15:06:12+08:00" level=debug msg="[red-envelope/infra.(*BootApplication).start(infra/boot.go:61)] Starting: *base.ValidatorStarter" func="red-envelope/infra.(*BootApplication).start" file="infra/boot.go:61"
time="2020-07-29T15:12:39+08:00" level=info msg="[red-envelope/infra.(*starterRegister).Register(infra/starer.go:78)] Register starter: *base.PropsStarter" func="red-envelope/infra.(*starterRegister).Register" file="infra/starer.go:78"
time="2020-07-29T15:12:39+08:00" level=info msg="[red-envelope/infra.(*starterRegister).Register(infra/starer.go:78)] Register starter: *base.DbxDatabaseStarter" func="red-envelope/infra.(*starterRegister).Register" file="infra/starer.go:78"
time="2020-07-29T15:12:39+08:00" level=info msg="[red-envelope/infra.(*starterRegister).Register(infra/starer.go:78)] Register starter: *base.ValidatorStarter" func="red-envelope/infra.(*starterRegister).Register" file="infra/starer.go:78"
time="2020-07-29T15:12:39+08:00" level=info msg="[red-envelope/infra.(*BootApplication).init(infra/boot.go:34)] Initializing starters..." func="red-envelope/infra.(*BootApplication).init" file="infra/boot.go:34"
time="2020-07-29T15:12:39+08:00" level=debug msg="[red-envelope/infra.(*BootApplication).init(infra/boot.go:37)] Initializing: PriorityGroup=20,Priority=10000,type=*base.PropsStarter" func="red-envelope/infra.(*BootApplication).init" file="infra/boot.go:37"
time="2020-07-29T15:12:39+08:00" level=info msg="[red-envelope/infra/base.(*PropsStarter).Init(base/props.go:23)] 初始化配置." func="red-envelope/infra/base.(*PropsStarter).Init" file="base/props.go:23"
time="2020-07-29T15:12:39+08:00" level=debug msg="[red-envelope/infra.(*BootApplication).init(infra/boot.go:37)] Initializing: PriorityGroup=20,Priority=10000,type=*base.DbxDatabaseStarter" func="red-envelope/infra.(*BootApplication).init" file="infra/boot.go:37"
time="2020-07-29T15:12:39+08:00" level=debug msg="[red-envelope/infra.(*BootApplication).init(infra/boot.go:37)] Initializing: PriorityGroup=20,Priority=10000,type=*base.ValidatorStarter" func="red-envelope/infra.(*BootApplication).init" file="infra/boot.go:37"
time="2020-07-29T15:12:39+08:00" level=info msg="[red-envelope/infra.(*BootApplication).setup(infra/boot.go:45)] Setup starters..." func="red-envelope/infra.(*BootApplication).setup" file="infra/boot.go:45"
time="2020-07-29T15:12:39+08:00" level=debug msg="[red-envelope/infra.(*BootApplication).setup(infra/boot.go:48)] Setup: *base.PropsStarter" func="red-envelope/infra.(*BootApplication).setup" file="infra/boot.go:48"
time="2020-07-29T15:12:39+08:00" level=debug msg="[red-envelope/infra.(*BootApplication).setup(infra/boot.go:48)] Setup: *base.DbxDatabaseStarter" func="red-envelope/infra.(*BootApplication).setup" file="infra/boot.go:48"
time="2020-07-29T15:12:39+08:00" level=info msg="[red-envelope/infra/base.(*DbxDatabaseStarter).Setup(base/dbx.go:33)] mysql.conn url:root:***@tcp(127.0.0.1:3306)/red_envelope?charset=utf8&parseTime=true&loc=Local&" func="red-envelope/infra/base.(*DbxDatabaseStarter).Setup" file="base/dbx.go:33"
time="2020-07-29T15:12:39+08:00" level=info msg="[red-envelope/infra/base.(*DbxDatabaseStarter).Setup(base/dbx.go:38)] <nil>" func="red-envelope/infra/base.(*DbxDatabaseStarter).Setup" file="base/dbx.go:38"
time="2020-07-29T15:12:39+08:00" level=debug msg="[red-envelope/infra.(*BootApplication).setup(infra/boot.go:48)] Setup: *base.ValidatorStarter" func="red-envelope/infra.(*BootApplication).setup" file="infra/boot.go:48"
time="2020-07-29T15:12:39+08:00" level=info msg="[red-envelope/infra.(*BootApplication).start(infra/boot.go:57)] Starting starters..." func="red-envelope/infra.(*BootApplication).start" file="infra/boot.go:57"
time="2020-07-29T15:12:39+08:00" level=debug msg="[red-envelope/infra.(*BootApplication).start(infra/boot.go:61)] Starting: *base.PropsStarter" func="red-envelope/infra.(*BootApplication).start" file="infra/boot.go:61"
time="2020-07-29T15:12:39+08:00" level=debug msg="[red-envelope/infra.(*BootApplication).start(infra/boot.go:61)] Starting: *base.DbxDatabaseStarter" func="red-envelope/infra.(*BootApplication).start" file="infra/boot.go:61"
time="2020-07-29T15:12:39+08:00" level=debug msg="[red-envelope/infra.(*BootApplication).start(infra/boot.go:61)] Starting: *base.ValidatorStarter" func="red-envelope/infra.(*BootApplication).start" file="infra/boot.go:61"
time="2020-07-29T15:12:55+08:00" level=info msg="[red-envelope/infra.(*starterRegister).Register(infra/starer.go:78)] Register starter: *base.PropsStarter" func="red-envelope/infra.(*starterRegister).Register" file="infra/starer.go:78"
time="2020-07-29T15:12:55+08:00" level=info msg="[red-envelope/infra.(*starterRegister).Register(infra/starer.go:78)] Register starter: *base.DbxDatabaseStarter" func="red-envelope/infra.(*starterRegister).Register" file="infra/starer.go:78"
time="2020-07-29T15:12:55+08:00" level=info msg="[red-envelope/infra.(*starterRegister).Register(infra/starer.go:78)] Register starter: *base.ValidatorStarter" func="red-envelope/infra.(*starterRegister).Register" file="infra/starer.go:78"
time="2020-07-29T15:12:55+08:00" level=info msg="[red-envelope/infra.(*BootApplication).init(infra/boot.go:34)] Initializing starters..." func="red-envelope/infra.(*BootApplication).init" file="infra/boot.go:34"
time="2020-07-29T15:12:55+08:00" level=debug msg="[red-envelope/infra.(*BootApplication).init(infra/boot.go:37)] Initializing: PriorityGroup=20,Priority=10000,type=*base.PropsStarter" func="red-envelope/infra.(*BootApplication).init" file="infra/boot.go:37"
time="2020-07-29T15:12:55+08:00" level=info msg="[red-envelope/infra/base.(*PropsStarter).Init(base/props.go:23)] 初始化配置." func="red-envelope/infra/base.(*PropsStarter).Init" file="base/props.go:23"
time="2020-07-29T15:12:55+08:00" level=debug msg="[red-envelope/infra.(*BootApplication).init(infra/boot.go:37)] Initializing: PriorityGroup=20,Priority=10000,type=*base.DbxDatabaseStarter" func="red-envelope/infra.(*BootApplication).init" file="infra/boot.go:37"
time="2020-07-29T15:12:55+08:00" level=debug msg="[red-envelope/infra.(*BootApplication).init(infra/boot.go:37)] Initializing: PriorityGroup=20,Priority=10000,type=*base.ValidatorStarter" func="red-envelope/infra.(*BootApplication).init" file="infra/boot.go:37"
time="2020-07-29T15:12:55+08:00" level=info msg="[red-envelope/infra.(*BootApplication).setup(infra/boot.go:45)] Setup starters..." func="red-envelope/infra.(*BootApplication).setup" file="infra/boot.go:45"
time="2020-07-29T15:12:55+08:00" level=debug msg="[red-envelope/infra.(*BootApplication).setup(infra/boot.go:48)] Setup: *base.PropsStarter" func="red-envelope/infra.(*BootApplication).setup" file="infra/boot.go:48"
time="2020-07-29T15:12:55+08:00" level=debug msg="[red-envelope/infra.(*BootApplication).setup(infra/boot.go:48)] Setup: *base.DbxDatabaseStarter" func="red-envelope/infra.(*BootApplication).setup" file="infra/boot.go:48"
time="2020-07-29T15:12:55+08:00" level=info msg="[red-envelope/infra/base.(*DbxDatabaseStarter).Setup(base/dbx.go:33)] mysql.conn url:root:***@tcp(127.0.0.1:3306)/red_envelope?parseTime=true&charset=utf8&loc=Local&" func="red-envelope/infra/base.(*DbxDatabaseStarter).Setup" file="base/dbx.go:33"
time="2020-07-29T15:12:55+08:00" level=info msg="[red-envelope/infra/base.(*DbxDatabaseStarter).Setup(base/dbx.go:38)] <nil>" func="red-envelope/infra/base.(*DbxDatabaseStarter).Setup" file="base/dbx.go:38"
time="2020-07-29T15:12:55+08:00" level=debug msg="[red-envelope/infra.(*BootApplication).setup(infra/boot.go:48)] Setup: *base.ValidatorStarter" func="red-envelope/infra.(*BootApplication).setup" file="infra/boot.go:48"
time="2020-07-29T15:12:55+08:00" level=info msg="[red-envelope/infra.(*BootApplication).start(infra/boot.go:57)] Starting starters..." func="red-envelope/infra.(*BootApplication).start" file="infra/boot.go:57"
time="2020-07-29T15:12:55+08:00" level=debug msg="[red-envelope/infra.(*BootApplication).start(infra/boot.go:61)] Starting: *base.PropsStarter" func="red-envelope/infra.(*BootApplication).start" file="infra/boot.go:61"
time="2020-07-29T15:12:55+08:00" level=debug msg="[red-envelope/infra.(*BootApplication).start(infra/boot.go:61)] Starting: *base.DbxDatabaseStarter" func="red-envelope/infra.(*BootApplication).start" file="infra/boot.go:61"
time="2020-07-29T15:12:55+08:00" level=debug msg="[red-envelope/infra.(*BootApplication).start(infra/boot.go:61)] Starting: *base.ValidatorStarter" func="red-envelope/infra.(*BootApplication).start" file="infra/boot.go:61"
time="2020-07-29T15:14:41+08:00" level=info msg="[red-envelope/infra.(*starterRegister).Register(infra/starer.go:78)] Register starter: *base.PropsStarter" func="red-envelope/infra.(*starterRegister).Register" file="infra/starer.go:78"
time="2020-07-29T15:14:41+08:00" level=info msg="[red-envelope/infra.(*starterRegister).Register(infra/starer.go:78)] Register starter: *base.DbxDatabaseStarter" func="red-envelope/infra.(*starterRegister).Register" file="infra/starer.go:78"
time="2020-07-29T15:14:41+08:00" level=info msg="[red-envelope/infra.(*starterRegister).Register(infra/starer.go:78)] Register starter: *base.ValidatorStarter" func="red-envelope/infra.(*starterRegister).Register" file="infra/starer.go:78"
time="2020-07-29T15:14:41+08:00" level=info msg="[red-envelope/infra.(*BootApplication).init(infra/boot.go:34)] Initializing starters..." func="red-envelope/infra.(*BootApplication).init" file="infra/boot.go:34"
time="2020-07-29T15:14:41+08:00" level=debug msg="[red-envelope/infra.(*BootApplication).init(infra/boot.go:37)] Initializing: PriorityGroup=20,Priority=10000,type=*base.PropsStarter" func="red-envelope/infra.(*BootApplication).init" file="infra/boot.go:37"
time="2020-07-29T15:14:41+08:00" level=info msg="[red-envelope/infra/base.(*PropsStarter).Init(base/props.go:23)] 初始化配置." func="red-envelope/infra/base.(*PropsStarter).Init" file="base/props.go:23"
time="2020-07-29T15:14:41+08:00" level=debug msg="[red-envelope/infra.(*BootApplication).init(infra/boot.go:37)] Initializing: PriorityGroup=20,Priority=10000,type=*base.DbxDatabaseStarter" func="red-envelope/infra.(*BootApplication).init" file="infra/boot.go:37"
time="2020-07-29T15:14:41+08:00" level=debug msg="[red-envelope/infra.(*BootApplication).init(infra/boot.go:37)] Initializing: PriorityGroup=20,Priority=10000,type=*base.ValidatorStarter" func="red-envelope/infra.(*BootApplication).init" file="infra/boot.go:37"
time="2020-07-29T15:14:41+08:00" level=info msg="[red-envelope/infra.(*BootApplication).setup(infra/boot.go:45)] Setup starters..." func="red-envelope/infra.(*BootApplication).setup" file="infra/boot.go:45"
time="2020-07-29T15:14:41+08:00" level=debug msg="[red-envelope/infra.(*BootApplication).setup(infra/boot.go:48)] Setup: *base.PropsStarter" func="red-envelope/infra.(*BootApplication).setup" file="infra/boot.go:48"
time="2020-07-29T15:14:41+08:00" level=debug msg="[red-envelope/infra.(*BootApplication).setup(infra/boot.go:48)] Setup: *base.DbxDatabaseStarter" func="red-envelope/infra.(*BootApplication).setup" file="infra/boot.go:48"
time="2020-07-29T15:14:41+08:00" level=info msg="[red-envelope/infra/base.(*DbxDatabaseStarter).Setup(base/dbx.go:33)] mysql.conn url:root:***@tcp(127.0.0.1:3306)/red_envelope?parseTime=true&charset=utf8&loc=Local&" func="red-envelope/infra/base.(*DbxDatabaseStarter).Setup" file="base/dbx.go:33"
time="2020-07-29T15:14:41+08:00" level=info msg="[red-envelope/infra/base.(*DbxDatabaseStarter).Setup(base/dbx.go:38)] <nil>" func="red-envelope/infra/base.(*DbxDatabaseStarter).Setup" file="base/dbx.go:38"
time="2020-07-29T15:14:41+08:00" level=debug msg="[red-envelope/infra.(*BootApplication).setup(infra/boot.go:48)] Setup: *base.ValidatorStarter" func="red-envelope/infra.(*BootApplication).setup" file="infra/boot.go:48"
time="2020-07-29T15:14:41+08:00" level=info msg="[red-envelope/infra.(*BootApplication).start(infra/boot.go:57)] Starting starters..." func="red-envelope/infra.(*BootApplication).start" file="infra/boot.go:57"
time="2020-07-29T15:14:41+08:00" level=debug msg="[red-envelope/infra.(*BootApplication).start(infra/boot.go:61)] Starting: *base.PropsStarter" func="red-envelope/infra.(*BootApplication).start" file="infra/boot.go:61"
time="2020-07-29T15:14:41+08:00" level=debug msg="[red-envelope/infra.(*BootApplication).start(infra/boot.go:61)] Starting: *base.DbxDatabaseStarter" func="red-envelope/infra.(*BootApplication).start" file="infra/boot.go:61"
time="2020-07-29T15:14:41+08:00" level=debug msg="[red-envelope/infra.(*BootApplication).start(infra/boot.go:61)] Starting: *base.ValidatorStarter" func="red-envelope/infra.(*BootApplication).start" file="infra/boot.go:61"
time="2020-07-29T15:23:13+08:00" level=info msg="[red-envelope/infra.(*starterRegister).Register(infra/starer.go:78)] Register starter: *base.PropsStarter" func="red-envelope/infra.(*starterRegister).Register" file="infra/starer.go:78"
time="2020-07-29T15:23:13+08:00" level=info msg="[red-envelope/infra.(*starterRegister).Register(infra/starer.go:78)] Register starter: *base.DbxDatabaseStarter" func="red-envelope/infra.(*starterRegister).Register" file="infra/starer.go:78"
time="2020-07-29T15:23:13+08:00" level=info msg="[red-envelope/infra.(*starterRegister).Register(infra/starer.go:78)] Register starter: *base.ValidatorStarter" func="red-envelope/infra.(*starterRegister).Register" file="infra/starer.go:78"
time="2020-07-29T15:23:13+08:00" level=info msg="[red-envelope/infra.(*BootApplication).init(infra/boot.go:34)] Initializing starters..." func="red-envelope/infra.(*BootApplication).init" file="infra/boot.go:34"
time="2020-07-29T15:23:13+08:00" level=debug msg="[red-envelope/infra.(*BootApplication).init(infra/boot.go:37)] Initializing: PriorityGroup=20,Priority=10000,type=*base.PropsStarter" func="red-envelope/infra.(*BootApplication).init" file="infra/boot.go:37"
time="2020-07-29T15:23:13+08:00" level=info msg="[red-envelope/infra/base.(*PropsStarter).Init(base/props.go:23)] 初始化配置." func="red-envelope/infra/base.(*PropsStarter).Init" file="base/props.go:23"
time="2020-07-29T15:23:13+08:00" level=debug msg="[red-envelope/infra.(*BootApplication).init(infra/boot.go:37)] Initializing: PriorityGroup=20,Priority=10000,type=*base.DbxDatabaseStarter" func="red-envelope/infra.(*BootApplication).init" file="infra/boot.go:37"
time="2020-07-29T15:23:13+08:00" level=debug msg="[red-envelope/infra.(*BootApplication).init(infra/boot.go:37)] Initializing: PriorityGroup=20,Priority=10000,type=*base.ValidatorStarter" func="red-envelope/infra.(*BootApplication).init" file="infra/boot.go:37"
time="2020-07-29T15:23:13+08:00" level=info msg="[red-envelope/infra.(*BootApplication).setup(infra/boot.go:45)] Setup starters..." func="red-envelope/infra.(*BootApplication).setup" file="infra/boot.go:45"
time="2020-07-29T15:23:13+08:00" level=debug msg="[red-envelope/infra.(*BootApplication).setup(infra/boot.go:48)] Setup: *base.PropsStarter" func="red-envelope/infra.(*BootApplication).setup" file="infra/boot.go:48"
time="2020-07-29T15:23:13+08:00" level=debug msg="[red-envelope/infra.(*BootApplication).setup(infra/boot.go:48)] Setup: *base.DbxDatabaseStarter" func="red-envelope/infra.(*BootApplication).setup" file="infra/boot.go:48"
time="2020-07-29T15:23:13+08:00" level=info msg="[red-envelope/infra/base.(*DbxDatabaseStarter).Setup(base/dbx.go:33)] mysql.conn url:root:***@tcp(127.0.0.1:3306)/red_envelope?loc=Local&parseTime=true&charset=utf8&" func="red-envelope/infra/base.(*DbxDatabaseStarter).Setup" file="base/dbx.go:33"
time="2020-07-29T15:23:13+08:00" level=info msg="[red-envelope/infra/base.(*DbxDatabaseStarter).Setup(base/dbx.go:38)] <nil>" func="red-envelope/infra/base.(*DbxDatabaseStarter).Setup" file="base/dbx.go:38"
time="2020-07-29T15:23:13+08:00" level=debug msg="[red-envelope/infra.(*BootApplication).setup(infra/boot.go:48)] Setup: *base.ValidatorStarter" func="red-envelope/infra.(*BootApplication).setup" file="infra/boot.go:48"
time="2020-07-29T15:23:13+08:00" level=info msg="[red-envelope/infra.(*BootApplication).start(infra/boot.go:57)] Starting starters..." func="red-envelope/infra.(*BootApplication).start" file="infra/boot.go:57"
time="2020-07-29T15:23:13+08:00" level=debug msg="[red-envelope/infra.(*BootApplication).start(infra/boot.go:61)] Starting: *base.PropsStarter" func="red-envelope/infra.(*BootApplication).start" file="infra/boot.go:61"
time="2020-07-29T15:23:13+08:00" level=debug msg="[red-envelope/infra.(*BootApplication).start(infra/boot.go:61)] Starting: *base.DbxDatabaseStarter" func="red-envelope/infra.(*BootApplication).start" file="infra/boot.go:61"
time="2020-07-29T15:23:13+08:00" level=debug msg="[red-envelope/infra.(*BootApplication).start(infra/boot.go:61)] Starting: *base.ValidatorStarter" func="red-envelope/infra.(*BootApplication).start" file="infra/boot.go:61"
time="2020-07-29T15:36:51+08:00" level=info msg="[red-envelope/infra.(*starterRegister).Register(infra/starer.go:78)] Register starter: *base.PropsStarter" func="red-envelope/infra.(*starterRegister).Register" file="infra/starer.go:78"
time="2020-07-29T15:36:51+08:00" level=info msg="[red-envelope/infra.(*starterRegister).Register(infra/starer.go:78)] Register starter: *base.DbxDatabaseStarter" func="red-envelope/infra.(*starterRegister).Register" file="infra/starer.go:78"
time="2020-07-29T15:36:51+08:00" level=info msg="[red-envelope/infra.(*starterRegister).Register(infra/starer.go:78)] Register starter: *base.ValidatorStarter" func="red-envelope/infra.(*starterRegister).Register" file="infra/starer.go:78"
time="2020-07-29T15:36:51+08:00" level=info msg="[red-envelope/infra.(*BootApplication).init(infra/boot.go:34)] Initializing starters..." func="red-envelope/infra.(*BootApplication).init" file="infra/boot.go:34"
time="2020-07-29T15:36:51+08:00" level=debug msg="[red-envelope/infra.(*BootApplication).init(infra/boot.go:37)] Initializing: PriorityGroup=20,Priority=10000,type=*base.PropsStarter" func="red-envelope/infra.(*BootApplication).init" file="infra/boot.go:37"
time="2020-07-29T15:36:51+08:00" level=info msg="[red-envelope/infra/base.(*PropsStarter).Init(base/props.go:23)] 初始化配置." func="red-envelope/infra/base.(*PropsStarter).Init" file="base/props.go:23"
time="2020-07-29T15:36:51+08:00" level=debug msg="[red-envelope/infra.(*BootApplication).init(infra/boot.go:37)] Initializing: PriorityGroup=20,Priority=10000,type=*base.DbxDatabaseStarter" func="red-envelope/infra.(*BootApplication).init" file="infra/boot.go:37"
time="2020-07-29T15:36:51+08:00" level=debug msg="[red-envelope/infra.(*BootApplication).init(infra/boot.go:37)] Initializing: PriorityGroup=20,Priority=10000,type=*base.ValidatorStarter" func="red-envelope/infra.(*BootApplication).init" file="infra/boot.go:37"
time="2020-07-29T15:36:51+08:00" level=info msg="[red-envelope/infra.(*BootApplication).setup(infra/boot.go:45)] Setup starters..." func="red-envelope/infra.(*BootApplication).setup" file="infra/boot.go:45"
time="2020-07-29T15:36:51+08:00" level=debug msg="[red-envelope/infra.(*BootApplication).setup(infra/boot.go:48)] Setup: *base.PropsStarter" func="red-envelope/infra.(*BootApplication).setup" file="infra/boot.go:48"
time="2020-07-29T15:36:51+08:00" level=debug msg="[red-envelope/infra.(*BootApplication).setup(infra/boot.go:48)] Setup: *base.DbxDatabaseStarter" func="red-envelope/infra.(*BootApplication).setup" file="infra/boot.go:48"
time="2020-07-29T15:36:51+08:00" level=info msg="[red-envelope/infra/base.(*DbxDatabaseStarter).Setup(base/dbx.go:33)] mysql.conn url:root:***@tcp(127.0.0.1:3306)/red_envelope?loc=Local&charset=utf8&parseTime=true&" func="red-envelope/infra/base.(*DbxDatabaseStarter).Setup" file="base/dbx.go:33"
time="2020-07-29T15:36:51+08:00" level=info msg="[red-envelope/infra/base.(*DbxDatabaseStarter).Setup(base/dbx.go:38)] <nil>" func="red-envelope/infra/base.(*DbxDatabaseStarter).Setup" file="base/dbx.go:38"
time="2020-07-29T15:36:51+08:00" level=debug msg="[red-envelope/infra.(*BootApplication).setup(infra/boot.go:48)] Setup: *base.ValidatorStarter" func="red-envelope/infra.(*BootApplication).setup" file="infra/boot.go:48"
time="2020-07-29T15:36:51+08:00" level=info msg="[red-envelope/infra.(*BootApplication).start(infra/boot.go:57)] Starting starters..." func="red-envelope/infra.(*BootApplication).start" file="infra/boot.go:57"
time="2020-07-29T15:36:51+08:00" level=debug msg="[red-envelope/infra.(*BootApplication).start(infra/boot.go:61)] Starting: *base.PropsStarter" func="red-envelope/infra.(*BootApplication).start" file="infra/boot.go:61"
time="2020-07-29T15:36:51+08:00" level=debug msg="[red-envelope/infra.(*BootApplication).start(infra/boot.go:61)] Starting: *base.DbxDatabaseStarter" func="red-envelope/infra.(*BootApplication).start" file="infra/boot.go:61"
time="2020-07-29T15:36:51+08:00" level=debug msg="[red-envelope/infra.(*BootApplication).start(infra/boot.go:61)] Starting: *base.ValidatorStarter" func="red-envelope/infra.(*BootApplication).start" file="infra/boot.go:61"
time="2020-07-29T15:49:47+08:00" level=info msg="[red-envelope/infra.(*starterRegister).Register(infra/starer.go:78)] Register starter: *base.PropsStarter" func="red-envelope/infra.(*starterRegister).Register" file="infra/starer.go:78"
time="2020-07-29T15:49:47+08:00" level=info msg="[red-envelope/infra.(*starterRegister).Register(infra/starer.go:78)] Register starter: *base.DbxDatabaseStarter" func="red-envelope/infra.(*starterRegister).Register" file="infra/starer.go:78"
time="2020-07-29T15:49:47+08:00" level=info msg="[red-envelope/infra.(*starterRegister).Register(infra/starer.go:78)] Register starter: *base.ValidatorStarter" func="red-envelope/infra.(*starterRegister).Register" file="infra/starer.go:78"
time="2020-07-29T15:49:47+08:00" level=info msg="[red-envelope/infra.(*BootApplication).init(infra/boot.go:34)] Initializing starters..." func="red-envelope/infra.(*BootApplication).init" file="infra/boot.go:34"
time="2020-07-29T15:49:47+08:00" level=debug msg="[red-envelope/infra.(*BootApplication).init(infra/boot.go:37)] Initializing: PriorityGroup=20,Priority=10000,type=*base.PropsStarter" func="red-envelope/infra.(*BootApplication).init" file="infra/boot.go:37"
time="2020-07-29T15:49:47+08:00" level=info msg="[red-envelope/infra/base.(*PropsStarter).Init(base/props.go:23)] 初始化配置." func="red-envelope/infra/base.(*PropsStarter).Init" file="base/props.go:23"
time="2020-07-29T15:49:47+08:00" level=debug msg="[red-envelope/infra.(*BootApplication).init(infra/boot.go:37)] Initializing: PriorityGroup=20,Priority=10000,type=*base.DbxDatabaseStarter" func="red-envelope/infra.(*BootApplication).init" file="infra/boot.go:37"
time="2020-07-29T15:49:47+08:00" level=debug msg="[red-envelope/infra.(*BootApplication).init(infra/boot.go:37)] Initializing: PriorityGroup=20,Priority=10000,type=*base.ValidatorStarter" func="red-envelope/infra.(*BootApplication).init" file="infra/boot.go:37"
time="2020-07-29T15:49:47+08:00" level=info msg="[red-envelope/infra.(*BootApplication).setup(infra/boot.go:45)] Setup starters..." func="red-envelope/infra.(*BootApplication).setup" file="infra/boot.go:45"
time="2020-07-29T15:49:47+08:00" level=debug msg="[red-envelope/infra.(*BootApplication).setup(infra/boot.go:48)] Setup: *base.PropsStarter" func="red-envelope/infra.(*BootApplication).setup" file="infra/boot.go:48"
time="2020-07-29T15:49:47+08:00" level=debug msg="[red-envelope/infra.(*BootApplication).setup(infra/boot.go:48)] Setup: *base.DbxDatabaseStarter" func="red-envelope/infra.(*BootApplication).setup" file="infra/boot.go:48"
time="2020-07-29T15:49:47+08:00" level=info msg="[red-envelope/infra/base.(*DbxDatabaseStarter).Setup(base/dbx.go:33)] mysql.conn url:root:***@tcp(127.0.0.1:3306)/red_envelope?loc=Local&parseTime=true&charset=utf8&" func="red-envelope/infra/base.(*DbxDatabaseStarter).Setup" file="base/dbx.go:33"
time="2020-07-29T15:49:47+08:00" level=info msg="[red-envelope/infra/base.(*DbxDatabaseStarter).Setup(base/dbx.go:38)] <nil>" func="red-envelope/infra/base.(*DbxDatabaseStarter).Setup" file="base/dbx.go:38"
time="2020-07-29T15:49:47+08:00" level=debug msg="[red-envelope/infra.(*BootApplication).setup(infra/boot.go:48)] Setup: *base.ValidatorStarter" func="red-envelope/infra.(*BootApplication).setup" file="infra/boot.go:48"
time="2020-07-29T15:49:47+08:00" level=info msg="[red-envelope/infra.(*BootApplication).start(infra/boot.go:57)] Starting starters..." func="red-envelope/infra.(*BootApplication).start" file="infra/boot.go:57"
time="2020-07-29T15:49:47+08:00" level=debug msg="[red-envelope/infra.(*BootApplication).start(infra/boot.go:61)] Starting: *base.PropsStarter" func="red-envelope/infra.(*BootApplication).start" file="infra/boot.go:61"
time="2020-07-29T15:49:47+08:00" level=debug msg="[red-envelope/infra.(*BootApplication).start(infra/boot.go:61)] Starting: *base.DbxDatabaseStarter" func="red-envelope/infra.(*BootApplication).start" file="infra/boot.go:61"
time="2020-07-29T15:49:47+08:00" level=debug msg="[red-envelope/infra.(*BootApplication).start(infra/boot.go:61)] Starting: *base.ValidatorStarter" func="red-envelope/infra.(*BootApplication).start" file="infra/boot.go:61"
time="2020-07-29T15:53:07+08:00" level=info msg="[red-envelope/infra.(*starterRegister).Register(infra/starer.go:78)] Register starter: *base.PropsStarter" func="red-envelope/infra.(*starterRegister).Register" file="infra/starer.go:78"
time="2020-07-29T15:53:07+08:00" level=info msg="[red-envelope/infra.(*starterRegister).Register(infra/starer.go:78)] Register starter: *base.DbxDatabaseStarter" func="red-envelope/infra.(*starterRegister).Register" file="infra/starer.go:78"
time="2020-07-29T15:53:07+08:00" level=info msg="[red-envelope/infra.(*starterRegister).Register(infra/starer.go:78)] Register starter: *base.ValidatorStarter" func="red-envelope/infra.(*starterRegister).Register" file="infra/starer.go:78"
time="2020-07-29T15:53:07+08:00" level=info msg="[red-envelope/infra.(*BootApplication).init(infra/boot.go:34)] Initializing starters..." func="red-envelope/infra.(*BootApplication).init" file="infra/boot.go:34"
time="2020-07-29T15:53:07+08:00" level=debug msg="[red-envelope/infra.(*BootApplication).init(infra/boot.go:37)] Initializing: PriorityGroup=20,Priority=10000,type=*base.PropsStarter" func="red-envelope/infra.(*BootApplication).init" file="infra/boot.go:37"
time="2020-07-29T15:53:07+08:00" level=info msg="[red-envelope/infra/base.(*PropsStarter).Init(base/props.go:23)] 初始化配置." func="red-envelope/infra/base.(*PropsStarter).Init" file="base/props.go:23"
time="2020-07-29T15:53:07+08:00" level=debug msg="[red-envelope/infra.(*BootApplication).init(infra/boot.go:37)] Initializing: PriorityGroup=20,Priority=10000,type=*base.DbxDatabaseStarter" func="red-envelope/infra.(*BootApplication).init" file="infra/boot.go:37"
time="2020-07-29T15:53:07+08:00" level=debug msg="[red-envelope/infra.(*BootApplication).init(infra/boot.go:37)] Initializing: PriorityGroup=20,Priority=10000,type=*base.ValidatorStarter" func="red-envelope/infra.(*BootApplication).init" file="infra/boot.go:37"
time="2020-07-29T15:53:07+08:00" level=info msg="[red-envelope/infra.(*BootApplication).setup(infra/boot.go:45)] Setup starters..." func="red-envelope/infra.(*BootApplication).setup" file="infra/boot.go:45"
time="2020-07-29T15:53:07+08:00" level=debug msg="[red-envelope/infra.(*BootApplication).setup(infra/boot.go:48)] Setup: *base.PropsStarter" func="red-envelope/infra.(*BootApplication).setup" file="infra/boot.go:48"
time="2020-07-29T15:53:07+08:00" level=debug msg="[red-envelope/infra.(*BootApplication).setup(infra/boot.go:48)] Setup: *base.DbxDatabaseStarter" func="red-envelope/infra.(*BootApplication).setup" file="infra/boot.go:48"
time="2020-07-29T15:53:07+08:00" level=info msg="[red-envelope/infra/base.(*DbxDatabaseStarter).Setup(base/dbx.go:33)] mysql.conn url:root:***@tcp(127.0.0.1:3306)/red_envelope?charset=utf8&parseTime=true&loc=Local&" func="red-envelope/infra/base.(*DbxDatabaseStarter).Setup" file="base/dbx.go:33"
time="2020-07-29T15:53:07+08:00" level=info msg="[red-envelope/infra/base.(*DbxDatabaseStarter).Setup(base/dbx.go:38)] <nil>" func="red-envelope/infra/base.(*DbxDatabaseStarter).Setup" file="base/dbx.go:38"
time="2020-07-29T15:53:07+08:00" level=debug msg="[red-envelope/infra.(*BootApplication).setup(infra/boot.go:48)] Setup: *base.ValidatorStarter" func="red-envelope/infra.(*BootApplication).setup" file="infra/boot.go:48"
time="2020-07-29T15:53:07+08:00" level=info msg="[red-envelope/infra.(*BootApplication).start(infra/boot.go:57)] Starting starters..." func="red-envelope/infra.(*BootApplication).start" file="infra/boot.go:57"
time="2020-07-29T15:53:07+08:00" level=debug msg="[red-envelope/infra.(*BootApplication).start(infra/boot.go:61)] Starting: *base.PropsStarter" func="red-envelope/infra.(*BootApplication).start" file="infra/boot.go:61"
time="2020-07-29T15:53:07+08:00" level=debug msg="[red-envelope/infra.(*BootApplication).start(infra/boot.go:61)] Starting: *base.DbxDatabaseStarter" func="red-envelope/infra.(*BootApplication).start" file="infra/boot.go:61"
time="2020-07-29T15:53:07+08:00" level=debug msg="[red-envelope/infra.(*BootApplication).start(infra/boot.go:61)] Starting: *base.ValidatorStarter" func="red-envelope/infra.(*BootApplication).start" file="infra/boot.go:61"
time="2020-07-29T15:53:07+08:00" level=info msg="[red-envelope/core/envelopes.(*goodsDomain).Receive.func1(envelopes/domain_receive.go:53)] &{Id:1300 EnvelopeNo:1fLtQuJCRSLfwvKBFBD86IJMkB4 EnvelopeType:1 Username:{String:测试用户1 Valid:true} UserId:1fLtQxZnVObOQvDeOOEURWogWOA Blessing:{String:恭喜发财 Valid:true} Amount:18.8 AmountOne:1.88 Quantity:10 RemainAmount:18.8 RemainQuantity:10 ExpiredAt:2020-07-30 15:53:07.377 +0800 CST Status:1 OrderType:0 PayStatus:0 CreatedAt:2020-07-29 15:53:07.379 +0800 CST UpdatedAt:2020-07-29 15:53:07.379 +0800 CST}" func="red-envelope/core/envelopes.(*goodsDomain).Receive.func1" file="envelopes/domain_receive.go:53"
time="2020-07-29T15:53:07+08:00" level=info msg="[red-envelope/core/envelopes.(*goodsDomain).Receive.func1(envelopes/domain_receive.go:53)] &{Id:1300 EnvelopeNo:1fLtQuJCRSLfwvKBFBD86IJMkB4 EnvelopeType:1 Username:{String:测试用户1 Valid:true} UserId:1fLtQxZnVObOQvDeOOEURWogWOA Blessing:{String:恭喜发财 Valid:true} Amount:18.8 AmountOne:1.88 Quantity:10 RemainAmount:18.8 RemainQuantity:10 ExpiredAt:2020-07-30 15:53:07.377 +0800 CST Status:1 OrderType:0 PayStatus:0 CreatedAt:2020-07-29 15:53:07.379 +0800 CST UpdatedAt:2020-07-29 15:53:07.379 +0800 CST}" func="red-envelope/core/envelopes.(*goodsDomain).Receive.func1" file="envelopes/domain_receive.go:53"
time="2020-07-29T15:56:08+08:00" level=info msg="[red-envelope/infra.(*starterRegister).Register(infra/starer.go:78)] Register starter: *base.PropsStarter" func="red-envelope/infra.(*starterRegister).Register" file="infra/starer.go:78"
time="2020-07-29T15:56:08+08:00" level=info msg="[red-envelope/infra.(*starterRegister).Register(infra/starer.go:78)] Register starter: *base.DbxDatabaseStarter" func="red-envelope/infra.(*starterRegister).Register" file="infra/starer.go:78"
time="2020-07-29T15:56:08+08:00" level=info msg="[red-envelope/infra.(*starterRegister).Register(infra/starer.go:78)] Register starter: *base.ValidatorStarter" func="red-envelope/infra.(*starterRegister).Register" file="infra/starer.go:78"
time="2020-07-29T15:56:08+08:00" level=info msg="[red-envelope/infra.(*BootApplication).init(infra/boot.go:34)] Initializing starters..." func="red-envelope/infra.(*BootApplication).init" file="infra/boot.go:34"
time="2020-07-29T15:56:08+08:00" level=debug msg="[red-envelope/infra.(*BootApplication).init(infra/boot.go:37)] Initializing: PriorityGroup=20,Priority=10000,type=*base.PropsStarter" func="red-envelope/infra.(*BootApplication).init" file="infra/boot.go:37"
time="2020-07-29T15:56:08+08:00" level=info msg="[red-envelope/infra/base.(*PropsStarter).Init(base/props.go:23)] 初始化配置." func="red-envelope/infra/base.(*PropsStarter).Init" file="base/props.go:23"
time="2020-07-29T15:56:08+08:00" level=debug msg="[red-envelope/infra.(*BootApplication).init(infra/boot.go:37)] Initializing: PriorityGroup=20,Priority=10000,type=*base.DbxDatabaseStarter" func="red-envelope/infra.(*BootApplication).init" file="infra/boot.go:37"
time="2020-07-29T15:56:08+08:00" level=debug msg="[red-envelope/infra.(*BootApplication).init(infra/boot.go:37)] Initializing: PriorityGroup=20,Priority=10000,type=*base.ValidatorStarter" func="red-envelope/infra.(*BootApplication).init" file="infra/boot.go:37"
time="2020-07-29T15:56:08+08:00" level=info msg="[red-envelope/infra.(*BootApplication).setup(infra/boot.go:45)] Setup starters..." func="red-envelope/infra.(*BootApplication).setup" file="infra/boot.go:45"
time="2020-07-29T15:56:08+08:00" level=debug msg="[red-envelope/infra.(*BootApplication).setup(infra/boot.go:48)] Setup: *base.PropsStarter" func="red-envelope/infra.(*BootApplication).setup" file="infra/boot.go:48"
time="2020-07-29T15:56:08+08:00" level=debug msg="[red-envelope/infra.(*BootApplication).setup(infra/boot.go:48)] Setup: *base.DbxDatabaseStarter" func="red-envelope/infra.(*BootApplication).setup" file="infra/boot.go:48"
time="2020-07-29T15:56:08+08:00" level=info msg="[red-envelope/infra/base.(*DbxDatabaseStarter).Setup(base/dbx.go:33)] mysql.conn url:root:***@tcp(127.0.0.1:3306)/red_envelope?loc=Local&charset=utf8&parseTime=true&" func="red-envelope/infra/base.(*DbxDatabaseStarter).Setup" file="base/dbx.go:33"
time="2020-07-29T15:56:08+08:00" level=info msg="[red-envelope/infra/base.(*DbxDatabaseStarter).Setup(base/dbx.go:38)] <nil>" func="red-envelope/infra/base.(*DbxDatabaseStarter).Setup" file="base/dbx.go:38"
time="2020-07-29T15:56:08+08:00" level=debug msg="[red-envelope/infra.(*BootApplication).setup(infra/boot.go:48)] Setup: *base.ValidatorStarter" func="red-envelope/infra.(*BootApplication).setup" file="infra/boot.go:48"
time="2020-07-29T15:56:08+08:00" level=info msg="[red-envelope/infra.(*BootApplication).start(infra/boot.go:57)] Starting starters..." func="red-envelope/infra.(*BootApplication).start" file="infra/boot.go:57"
time="2020-07-29T15:56:08+08:00" level=debug msg="[red-envelope/infra.(*BootApplication).start(infra/boot.go:61)] Starting: *base.PropsStarter" func="red-envelope/infra.(*BootApplication).start" file="infra/boot.go:61"
time="2020-07-29T15:56:08+08:00" level=debug msg="[red-envelope/infra.(*BootApplication).start(infra/boot.go:61)] Starting: *base.DbxDatabaseStarter" func="red-envelope/infra.(*BootApplication).start" file="infra/boot.go:61"
time="2020-07-29T15:56:08+08:00" level=debug msg="[red-envelope/infra.(*BootApplication).start(infra/boot.go:61)] Starting: *base.ValidatorStarter" func="red-envelope/infra.(*BootApplication).start" file="infra/boot.go:61"
time="2020-07-29T15:56:08+08:00" level=info msg="[red-envelope/core/envelopes.(*goodsDomain).Receive.func1(envelopes/domain_receive.go:47)] 1.88" func="red-envelope/core/envelopes.(*goodsDomain).Receive.func1" file="envelopes/domain_receive.go:47"
time="2020-07-29T15:56:08+08:00" level=info msg="[red-envelope/core/envelopes.(*goodsDomain).Receive.func1(envelopes/domain_receive.go:47)] 1.88" func="red-envelope/core/envelopes.(*goodsDomain).Receive.func1" file="envelopes/domain_receive.go:47"
