time="2020-08-30T11:04:38+08:00" level=info msg="[github.com/catwithtudou/red-envelope-infra.(*starterRegister).Register(infra/starer.go:78)] Register starter: *base.PropsStarter" func="github.com/catwithtudou/red-envelope-infra.(*starterRegister).Register" file="infra/starer.go:78"
time="2020-08-30T11:04:38+08:00" level=info msg="[github.com/catwithtudou/red-envelope-infra.(*starterRegister).Register(infra/starer.go:78)] Register starter: *base.DbxDatabaseStarter" func="github.com/catwithtudou/red-envelope-infra.(*starterRegister).Register" file="infra/starer.go:78"
time="2020-08-30T11:04:38+08:00" level=info msg="[github.com/catwithtudou/red-envelope-infra.(*starterRegister).Register(infra/starer.go:78)] Register starter: *base.ValidatorStarter" func="github.com/catwithtudou/red-envelope-infra.(*starterRegister).Register" file="infra/starer.go:78"
time="2020-08-30T11:04:38+08:00" level=info msg="[github.com/catwithtudou/red-envelope-infra.(*BootApplication).init(infra/boot.go:34)] Initializing starters..." func="github.com/catwithtudou/red-envelope-infra.(*BootApplication).init" file="infra/boot.go:34"
time="2020-08-30T11:04:38+08:00" level=debug msg="[github.com/catwithtudou/red-envelope-infra.(*BootApplication).init(infra/boot.go:37)] Initializing: PriorityGroup=20,Priority=10000,type=*base.PropsStarter" func="github.com/catwithtudou/red-envelope-infra.(*BootApplication).init" file="infra/boot.go:37"
time="2020-08-30T11:04:38+08:00" level=info msg="[github.com/catwithtudou/red-envelope-infra/base.(*PropsStarter).Init(base/props.go:23)] 初始化配置." func="github.com/catwithtudou/red-envelope-infra/base.(*PropsStarter).Init" file="base/props.go:23"
time="2020-08-30T11:04:38+08:00" level=debug msg="[github.com/catwithtudou/red-envelope-infra.(*BootApplication).init(infra/boot.go:37)] Initializing: PriorityGroup=20,Priority=10000,type=*base.DbxDatabaseStarter" func="github.com/catwithtudou/red-envelope-infra.(*BootApplication).init" file="infra/boot.go:37"
time="2020-08-30T11:04:38+08:00" level=debug msg="[github.com/catwithtudou/red-envelope-infra.(*BootApplication).init(infra/boot.go:37)] Initializing: PriorityGroup=20,Priority=10000,type=*base.ValidatorStarter" func="github.com/catwithtudou/red-envelope-infra.(*BootApplication).init" file="infra/boot.go:37"
time="2020-08-30T11:04:38+08:00" level=info msg="[github.com/catwithtudou/red-envelope-infra.(*BootApplication).setup(infra/boot.go:45)] Setup starters..." func="github.com/catwithtudou/red-envelope-infra.(*BootApplication).setup" file="infra/boot.go:45"
time="2020-08-30T11:04:38+08:00" level=debug msg="[github.com/catwithtudou/red-envelope-infra.(*BootApplication).setup(infra/boot.go:48)] Setup: *base.PropsStarter" func="github.com/catwithtudou/red-envelope-infra.(*BootApplication).setup" file="infra/boot.go:48"
time="2020-08-30T11:04:38+08:00" level=debug msg="[github.com/catwithtudou/red-envelope-infra.(*BootApplication).setup(infra/boot.go:48)] Setup: *base.DbxDatabaseStarter" func="github.com/catwithtudou/red-envelope-infra.(*BootApplication).setup" file="infra/boot.go:48"
time="2020-08-30T11:04:38+08:00" level=info msg="[github.com/catwithtudou/red-envelope-infra/base.(*DbxDatabaseStarter).Setup(base/dbx.go:33)] mysql.conn url:root:***@tcp(127.0.0.1:3306)/red_envelope?charset=utf8&parseTime=true&loc=Local&" func="github.com/catwithtudou/red-envelope-infra/base.(*DbxDatabaseStarter).Setup" file="base/dbx.go:33"
time="2020-08-30T11:04:38+08:00" level=info msg="[github.com/catwithtudou/red-envelope-infra/base.(*DbxDatabaseStarter).Setup(base/dbx.go:38)] <nil>" func="github.com/catwithtudou/red-envelope-infra/base.(*DbxDatabaseStarter).Setup" file="base/dbx.go:38"
time="2020-08-30T11:04:38+08:00" level=debug msg="[github.com/catwithtudou/red-envelope-infra.(*BootApplication).setup(infra/boot.go:48)] Setup: *base.ValidatorStarter" func="github.com/catwithtudou/red-envelope-infra.(*BootApplication).setup" file="infra/boot.go:48"
time="2020-08-30T11:04:38+08:00" level=info msg="[github.com/catwithtudou/red-envelope-infra.(*BootApplication).start(infra/boot.go:57)] Starting starters..." func="github.com/catwithtudou/red-envelope-infra.(*BootApplication).start" file="infra/boot.go:57"
time="2020-08-30T11:04:38+08:00" level=debug msg="[github.com/catwithtudou/red-envelope-infra.(*BootApplication).start(infra/boot.go:61)] Starting: *base.PropsStarter" func="github.com/catwithtudou/red-envelope-infra.(*BootApplication).start" file="infra/boot.go:61"
time="2020-08-30T11:04:38+08:00" level=debug msg="[github.com/catwithtudou/red-envelope-infra.(*BootApplication).start(infra/boot.go:61)] Starting: *base.DbxDatabaseStarter" func="github.com/catwithtudou/red-envelope-infra.(*BootApplication).start" file="infra/boot.go:61"
time="2020-08-30T11:04:38+08:00" level=debug msg="[github.com/catwithtudou/red-envelope-infra.(*BootApplication).start(infra/boot.go:61)] Starting: *base.ValidatorStarter" func="github.com/catwithtudou/red-envelope-infra.(*BootApplication).start" file="infra/boot.go:61"
time="2020-08-30T11:04:38+08:00" level=info msg="[red-envelope/core/accounts.(*accountDomain).TransferWithContextTx.func1(accounts/domain_account.go:148)] {1gniIfmHgkGj56eJ5p8trrN4X8F 1gniIcOzRIyRDEnK3tsaiVNA4DY 测试用户1}" func="red-envelope/core/accounts.(*accountDomain).TransferWithContextTx.func1" file="accounts/domain_account.go:148"
time="2020-08-30T11:04:38+08:00" level=info msg="[red-envelope/core/accounts.(*accountDomain).TransferWithContextTx.func1(accounts/domain_account.go:148)] {10000020200730010000000000000001 10001 }" func="red-envelope/core/accounts.(*accountDomain).TransferWithContextTx.func1" file="accounts/domain_account.go:148"
time="2020-08-30T11:04:38+08:00" level=info msg="[red-envelope/core/accounts.(*accountDomain).TransferWithContextTx.func1(accounts/domain_account.go:148)] {10000020200730010000000000000001 10001 }" func="red-envelope/core/accounts.(*accountDomain).TransferWithContextTx.func1" file="accounts/domain_account.go:148"
time="2020-08-30T11:04:38+08:00" level=info msg="[red-envelope/core/accounts.(*accountDomain).TransferWithContextTx.func1(accounts/domain_account.go:148)] {1gniIfmHgkGj56eJ5p8trrN4X8F 1gniIcOzRIyRDEnK3tsaiVNA4DY 测试用户1}" func="red-envelope/core/accounts.(*accountDomain).TransferWithContextTx.func1" file="accounts/domain_account.go:148"
time="2020-08-30T11:04:38+08:00" level=info msg="[red-envelope/core/envelopes.TestRedEnvelopeService_Receive_Failure.func1.1(envelopes/service_test.go:268)] 1 0.83 0.83" func=red-envelope/core/envelopes.TestRedEnvelopeService_Receive_Failure.func1.1 file="envelopes/service_test.go:268"
time="2020-08-30T11:04:38+08:00" level=info msg="[red-envelope/core/accounts.(*accountDomain).TransferWithContextTx.func1(accounts/domain_account.go:148)] {10000020200730010000000000000001 10001 }" func="red-envelope/core/accounts.(*accountDomain).TransferWithContextTx.func1" file="accounts/domain_account.go:148"
time="2020-08-30T11:04:38+08:00" level=info msg="[red-envelope/core/accounts.(*accountDomain).TransferWithContextTx.func1(accounts/domain_account.go:148)] {1gniIfdM5Kl49cxw2J43Nex4sat 1gniIg3keqRgAUBS8CFnTHsADsv 测试用户2}" func="red-envelope/core/accounts.(*accountDomain).TransferWithContextTx.func1" file="accounts/domain_account.go:148"
time="2020-08-30T11:04:38+08:00" level=info msg="[red-envelope/core/envelopes.TestRedEnvelopeService_Receive_Failure.func1.1(envelopes/service_test.go:268)] 2 6.84 6.01" func=red-envelope/core/envelopes.TestRedEnvelopeService_Receive_Failure.func1.1 file="envelopes/service_test.go:268"
time="2020-08-30T11:04:38+08:00" level=info msg="[red-envelope/core/accounts.(*accountDomain).TransferWithContextTx.func1(accounts/domain_account.go:148)] {10000020200730010000000000000001 10001 }" func="red-envelope/core/accounts.(*accountDomain).TransferWithContextTx.func1" file="accounts/domain_account.go:148"
time="2020-08-30T11:04:38+08:00" level=info msg="[red-envelope/core/accounts.(*accountDomain).TransferWithContextTx.func1(accounts/domain_account.go:148)] {1gniIcWozCUz5ySWsAFZigMUpCG 1gniIfcYRNn7paJqiAtZCVDYeMA 测试用户3}" func="red-envelope/core/accounts.(*accountDomain).TransferWithContextTx.func1" file="accounts/domain_account.go:148"
time="2020-08-30T11:04:38+08:00" level=info msg="[red-envelope/core/envelopes.TestRedEnvelopeService_Receive_Failure.func1.1(envelopes/service_test.go:268)] 3 10 3.16" func=red-envelope/core/envelopes.TestRedEnvelopeService_Receive_Failure.func1.1 file="envelopes/service_test.go:268"
time="2020-08-30T11:31:29+08:00" level=info msg="[github.com/catwithtudou/red-envelope-infra.(*starterRegister).Register(infra/starer.go:78)] Register starter: *base.PropsStarter" func="github.com/catwithtudou/red-envelope-infra.(*starterRegister).Register" file="infra/starer.go:78"
time="2020-08-30T11:31:29+08:00" level=info msg="[github.com/catwithtudou/red-envelope-infra.(*starterRegister).Register(infra/starer.go:78)] Register starter: *base.DbxDatabaseStarter" func="github.com/catwithtudou/red-envelope-infra.(*starterRegister).Register" file="infra/starer.go:78"
time="2020-08-30T11:31:29+08:00" level=info msg="[github.com/catwithtudou/red-envelope-infra.(*starterRegister).Register(infra/starer.go:78)] Register starter: *base.ValidatorStarter" func="github.com/catwithtudou/red-envelope-infra.(*starterRegister).Register" file="infra/starer.go:78"
time="2020-08-30T11:31:29+08:00" level=info msg="[github.com/catwithtudou/red-envelope-infra.(*BootApplication).init(infra/boot.go:34)] Initializing starters..." func="github.com/catwithtudou/red-envelope-infra.(*BootApplication).init" file="infra/boot.go:34"
time="2020-08-30T11:31:29+08:00" level=debug msg="[github.com/catwithtudou/red-envelope-infra.(*BootApplication).init(infra/boot.go:37)] Initializing: PriorityGroup=20,Priority=10000,type=*base.PropsStarter" func="github.com/catwithtudou/red-envelope-infra.(*BootApplication).init" file="infra/boot.go:37"
time="2020-08-30T11:31:29+08:00" level=info msg="[github.com/catwithtudou/red-envelope-infra/base.(*PropsStarter).Init(base/props.go:23)] 初始化配置." func="github.com/catwithtudou/red-envelope-infra/base.(*PropsStarter).Init" file="base/props.go:23"
time="2020-08-30T11:31:29+08:00" level=debug msg="[github.com/catwithtudou/red-envelope-infra.(*BootApplication).init(infra/boot.go:37)] Initializing: PriorityGroup=20,Priority=10000,type=*base.DbxDatabaseStarter" func="github.com/catwithtudou/red-envelope-infra.(*BootApplication).init" file="infra/boot.go:37"
time="2020-08-30T11:31:29+08:00" level=debug msg="[github.com/catwithtudou/red-envelope-infra.(*BootApplication).init(infra/boot.go:37)] Initializing: PriorityGroup=20,Priority=10000,type=*base.ValidatorStarter" func="github.com/catwithtudou/red-envelope-infra.(*BootApplication).init" file="infra/boot.go:37"
time="2020-08-30T11:31:29+08:00" level=info msg="[github.com/catwithtudou/red-envelope-infra.(*BootApplication).setup(infra/boot.go:45)] Setup starters..." func="github.com/catwithtudou/red-envelope-infra.(*BootApplication).setup" file="infra/boot.go:45"
time="2020-08-30T11:31:29+08:00" level=debug msg="[github.com/catwithtudou/red-envelope-infra.(*BootApplication).setup(infra/boot.go:48)] Setup: *base.PropsStarter" func="github.com/catwithtudou/red-envelope-infra.(*BootApplication).setup" file="infra/boot.go:48"
time="2020-08-30T11:31:29+08:00" level=debug msg="[github.com/catwithtudou/red-envelope-infra.(*BootApplication).setup(infra/boot.go:48)] Setup: *base.DbxDatabaseStarter" func="github.com/catwithtudou/red-envelope-infra.(*BootApplication).setup" file="infra/boot.go:48"
time="2020-08-30T11:31:29+08:00" level=info msg="[github.com/catwithtudou/red-envelope-infra/base.(*DbxDatabaseStarter).Setup(base/dbx.go:33)] mysql.conn url:root:***@tcp(127.0.0.1:3306)/red_envelope?parseTime=true&loc=Local&charset=utf8&" func="github.com/catwithtudou/red-envelope-infra/base.(*DbxDatabaseStarter).Setup" file="base/dbx.go:33"
time="2020-08-30T11:31:29+08:00" level=info msg="[github.com/catwithtudou/red-envelope-infra/base.(*DbxDatabaseStarter).Setup(base/dbx.go:38)] <nil>" func="github.com/catwithtudou/red-envelope-infra/base.(*DbxDatabaseStarter).Setup" file="base/dbx.go:38"
time="2020-08-30T11:31:29+08:00" level=debug msg="[github.com/catwithtudou/red-envelope-infra.(*BootApplication).setup(infra/boot.go:48)] Setup: *base.ValidatorStarter" func="github.com/catwithtudou/red-envelope-infra.(*BootApplication).setup" file="infra/boot.go:48"
time="2020-08-30T11:31:29+08:00" level=info msg="[github.com/catwithtudou/red-envelope-infra.(*BootApplication).start(infra/boot.go:57)] Starting starters..." func="github.com/catwithtudou/red-envelope-infra.(*BootApplication).start" file="infra/boot.go:57"
time="2020-08-30T11:31:29+08:00" level=debug msg="[github.com/catwithtudou/red-envelope-infra.(*BootApplication).start(infra/boot.go:61)] Starting: *base.PropsStarter" func="github.com/catwithtudou/red-envelope-infra.(*BootApplication).start" file="infra/boot.go:61"
time="2020-08-30T11:31:29+08:00" level=debug msg="[github.com/catwithtudou/red-envelope-infra.(*BootApplication).start(infra/boot.go:61)] Starting: *base.DbxDatabaseStarter" func="github.com/catwithtudou/red-envelope-infra.(*BootApplication).start" file="infra/boot.go:61"
time="2020-08-30T11:31:29+08:00" level=debug msg="[github.com/catwithtudou/red-envelope-infra.(*BootApplication).start(infra/boot.go:61)] Starting: *base.ValidatorStarter" func="github.com/catwithtudou/red-envelope-infra.(*BootApplication).start" file="infra/boot.go:61"
time="2020-08-30T11:31:29+08:00" level=info msg="[red-envelope/core/accounts.(*accountDomain).TransferWithContextTx.func1(accounts/domain_account.go:148)] {1gnlZ7BFPMaH6jJluM1UiuuvtAv 1gnlZ9oWFCvdC7w7BsoMwFbxH9j 测试用户1}" func="red-envelope/core/accounts.(*accountDomain).TransferWithContextTx.func1" file="accounts/domain_account.go:148"
time="2020-08-30T11:31:29+08:00" level=info msg="[red-envelope/core/accounts.(*accountDomain).TransferWithContextTx.func1(accounts/domain_account.go:148)] {10000020200730010000000000000001 10001 }" func="red-envelope/core/accounts.(*accountDomain).TransferWithContextTx.func1" file="accounts/domain_account.go:148"
time="2020-08-30T11:31:29+08:00" level=info msg="[red-envelope/core/accounts.(*accountDomain).TransferWithContextTx.func1(accounts/domain_account.go:148)] {10000020200730010000000000000001 10001 }" func="red-envelope/core/accounts.(*accountDomain).TransferWithContextTx.func1" file="accounts/domain_account.go:148"
time="2020-08-30T11:31:29+08:00" level=info msg="[red-envelope/core/accounts.(*accountDomain).TransferWithContextTx.func1(accounts/domain_account.go:148)] {1gnlZ7BFPMaH6jJluM1UiuuvtAv 1gnlZ9oWFCvdC7w7BsoMwFbxH9j 测试用户1}" func="red-envelope/core/accounts.(*accountDomain).TransferWithContextTx.func1" file="accounts/domain_account.go:148"
time="2020-08-30T11:31:29+08:00" level=info msg="[red-envelope/core/envelopes.TestRedEnvelopeService_Receive_Failure.func1.1(envelopes/service_test.go:268)] 1 1.83 1.83" func=red-envelope/core/envelopes.TestRedEnvelopeService_Receive_Failure.func1.1 file="envelopes/service_test.go:268"
time="2020-08-30T11:31:29+08:00" level=info msg="[red-envelope/core/accounts.(*accountDomain).TransferWithContextTx.func1(accounts/domain_account.go:148)] {10000020200730010000000000000001 10001 }" func="red-envelope/core/accounts.(*accountDomain).TransferWithContextTx.func1" file="accounts/domain_account.go:148"
time="2020-08-30T11:31:29+08:00" level=info msg="[red-envelope/core/accounts.(*accountDomain).TransferWithContextTx.func1(accounts/domain_account.go:148)] {1gnlZ4yEuYKOcrfSwGAeJw7AU4D 1gnlZAq2WLwRiuaa1DAeAEotkm0 测试用户2}" func="red-envelope/core/accounts.(*accountDomain).TransferWithContextTx.func1" file="accounts/domain_account.go:148"
time="2020-08-30T11:31:29+08:00" level=info msg="[red-envelope/core/envelopes.TestRedEnvelopeService_Receive_Failure.func1.1(envelopes/service_test.go:268)] 2 9.22 7.39" func=red-envelope/core/envelopes.TestRedEnvelopeService_Receive_Failure.func1.1 file="envelopes/service_test.go:268"
time="2020-08-30T11:31:29+08:00" level=info msg="[red-envelope/core/accounts.(*accountDomain).TransferWithContextTx.func1(accounts/domain_account.go:148)] {10000020200730010000000000000001 10001 }" func="red-envelope/core/accounts.(*accountDomain).TransferWithContextTx.func1" file="accounts/domain_account.go:148"
time="2020-08-30T11:31:29+08:00" level=info msg="[red-envelope/core/accounts.(*accountDomain).TransferWithContextTx.func1(accounts/domain_account.go:148)] {1gnlZ8RzDoGplzZOrO0zpUZTK3u 1gnlZB8JkR7vSqVZl9wGlFjPDh6 测试用户3}" func="red-envelope/core/accounts.(*accountDomain).TransferWithContextTx.func1" file="accounts/domain_account.go:148"
time="2020-08-30T11:31:29+08:00" level=info msg="[red-envelope/core/envelopes.TestRedEnvelopeService_Receive_Failure.func1.1(envelopes/service_test.go:268)] 3 10 0.78" func=red-envelope/core/envelopes.TestRedEnvelopeService_Receive_Failure.func1.1 file="envelopes/service_test.go:268"
