time="2020-07-29T17:03:48+08:00" level=info msg="[red-envelope/infra.(*starterRegister).Register(infra/starer.go:78)] Register starter: *base.PropsStarter" func="red-envelope/infra.(*starterRegister).Register" file="infra/starer.go:78"
time="2020-07-29T17:03:48+08:00" level=info msg="[red-envelope/infra.(*starterRegister).Register(infra/starer.go:78)] Register starter: *base.DbxDatabaseStarter" func="red-envelope/infra.(*starterRegister).Register" file="infra/starer.go:78"
time="2020-07-29T17:03:48+08:00" level=info msg="[red-envelope/infra.(*starterRegister).Register(infra/starer.go:78)] Register starter: *base.ValidatorStarter" func="red-envelope/infra.(*starterRegister).Register" file="infra/starer.go:78"
time="2020-07-29T17:03:48+08:00" level=info msg="[red-envelope/infra.(*BootApplication).init(infra/boot.go:34)] Initializing starters..." func="red-envelope/infra.(*BootApplication).init" file="infra/boot.go:34"
time="2020-07-29T17:03:48+08:00" level=debug msg="[red-envelope/infra.(*BootApplication).init(infra/boot.go:37)] Initializing: PriorityGroup=20,Priority=10000,type=*base.PropsStarter" func="red-envelope/infra.(*BootApplication).init" file="infra/boot.go:37"
time="2020-07-29T17:03:48+08:00" level=info msg="[red-envelope/infra/base.(*PropsStarter).Init(base/props.go:23)] 初始化配置." func="red-envelope/infra/base.(*PropsStarter).Init" file="base/props.go:23"
time="2020-07-29T17:03:48+08:00" level=debug msg="[red-envelope/infra.(*BootApplication).init(infra/boot.go:37)] Initializing: PriorityGroup=20,Priority=10000,type=*base.DbxDatabaseStarter" func="red-envelope/infra.(*BootApplication).init" file="infra/boot.go:37"
time="2020-07-29T17:03:48+08:00" level=debug msg="[red-envelope/infra.(*BootApplication).init(infra/boot.go:37)] Initializing: PriorityGroup=20,Priority=10000,type=*base.ValidatorStarter" func="red-envelope/infra.(*BootApplication).init" file="infra/boot.go:37"
time="2020-07-29T17:03:48+08:00" level=info msg="[red-envelope/infra.(*BootApplication).setup(infra/boot.go:45)] Setup starters..." func="red-envelope/infra.(*BootApplication).setup" file="infra/boot.go:45"
time="2020-07-29T17:03:48+08:00" level=debug msg="[red-envelope/infra.(*BootApplication).setup(infra/boot.go:48)] Setup: *base.PropsStarter" func="red-envelope/infra.(*BootApplication).setup" file="infra/boot.go:48"
time="2020-07-29T17:03:48+08:00" level=debug msg="[red-envelope/infra.(*BootApplication).setup(infra/boot.go:48)] Setup: *base.DbxDatabaseStarter" func="red-envelope/infra.(*BootApplication).setup" file="infra/boot.go:48"
time="2020-07-29T17:03:48+08:00" level=info msg="[red-envelope/infra/base.(*DbxDatabaseStarter).Setup(base/dbx.go:33)] mysql.conn url:root:***@tcp(127.0.0.1:3306)/red_envelope?charset=utf8&parseTime=true&loc=Local&" func="red-envelope/infra/base.(*DbxDatabaseStarter).Setup" file="base/dbx.go:33"
time="2020-07-29T17:03:48+08:00" level=info msg="[red-envelope/infra/base.(*DbxDatabaseStarter).Setup(base/dbx.go:38)] <nil>" func="red-envelope/infra/base.(*DbxDatabaseStarter).Setup" file="base/dbx.go:38"
time="2020-07-29T17:03:48+08:00" level=debug msg="[red-envelope/infra.(*BootApplication).setup(infra/boot.go:48)] Setup: *base.ValidatorStarter" func="red-envelope/infra.(*BootApplication).setup" file="infra/boot.go:48"
time="2020-07-29T17:03:48+08:00" level=info msg="[red-envelope/infra.(*BootApplication).start(infra/boot.go:57)] Starting starters..." func="red-envelope/infra.(*BootApplication).start" file="infra/boot.go:57"
time="2020-07-29T17:03:48+08:00" level=debug msg="[red-envelope/infra.(*BootApplication).start(infra/boot.go:61)] Starting: *base.PropsStarter" func="red-envelope/infra.(*BootApplication).start" file="infra/boot.go:61"
time="2020-07-29T17:03:48+08:00" level=debug msg="[red-envelope/infra.(*BootApplication).start(infra/boot.go:61)] Starting: *base.DbxDatabaseStarter" func="red-envelope/infra.(*BootApplication).start" file="infra/boot.go:61"
time="2020-07-29T17:03:48+08:00" level=debug msg="[red-envelope/infra.(*BootApplication).start(infra/boot.go:61)] Starting: *base.ValidatorStarter" func="red-envelope/infra.(*BootApplication).start" file="infra/boot.go:61"
time="2020-07-29T17:03:48+08:00" level=info msg="[red-envelope/core/accounts.(*accountDomain).TransferWithContextTx.func1(accounts/domain_account.go:133)] 1" func="red-envelope/core/accounts.(*accountDomain).TransferWithContextTx.func1" file="accounts/domain_account.go:133"
time="2020-07-29T17:03:48+08:00" level=info msg="[red-envelope/core/accounts.(*accountDomain).TransferWithContextTx.func1(accounts/domain_account.go:142)] {1fM21qorfC7WCGfyEm2K4oQZV3d 1fM21o70JmRrdZaAmk1US30wreQ 测试用户1}" func="red-envelope/core/accounts.(*accountDomain).TransferWithContextTx.func1" file="accounts/domain_account.go:142"
time="2020-07-29T17:03:48+08:00" level=info msg="[red-envelope/core/accounts.(*accountDomain).TransferWithContextTx.func1(accounts/domain_account.go:133)] 1" func="red-envelope/core/accounts.(*accountDomain).TransferWithContextTx.func1" file="accounts/domain_account.go:133"
time="2020-07-29T17:03:48+08:00" level=info msg="[red-envelope/core/accounts.(*accountDomain).TransferWithContextTx.func1(accounts/domain_account.go:142)] {10000020200730010000000000000001 10001 }" func="red-envelope/core/accounts.(*accountDomain).TransferWithContextTx.func1" file="accounts/domain_account.go:142"
time="2020-07-29T17:03:48+08:00" level=info msg="[red-envelope/core/accounts.(*accountDomain).TransferWithContextTx.func1(accounts/domain_account.go:133)] 1" func="red-envelope/core/accounts.(*accountDomain).TransferWithContextTx.func1" file="accounts/domain_account.go:133"
time="2020-07-29T17:03:48+08:00" level=info msg="[red-envelope/core/accounts.(*accountDomain).TransferWithContextTx.func1(accounts/domain_account.go:142)] {10000020200730010000000000000001 10001 }" func="red-envelope/core/accounts.(*accountDomain).TransferWithContextTx.func1" file="accounts/domain_account.go:142"
time="2020-07-29T17:03:48+08:00" level=info msg="[red-envelope/core/accounts.(*accountDomain).TransferWithContextTx.func1(accounts/domain_account.go:133)] 1" func="red-envelope/core/accounts.(*accountDomain).TransferWithContextTx.func1" file="accounts/domain_account.go:133"
time="2020-07-29T17:03:48+08:00" level=info msg="[red-envelope/core/accounts.(*accountDomain).TransferWithContextTx.func1(accounts/domain_account.go:142)] {10000020200730010000000000000001 10001 }" func="red-envelope/core/accounts.(*accountDomain).TransferWithContextTx.func1" file="accounts/domain_account.go:142"
time="2020-07-29T17:03:48+08:00" level=info msg="[red-envelope/core/accounts.(*accountDomain).TransferWithContextTx.func1(accounts/domain_account.go:133)] 1" func="red-envelope/core/accounts.(*accountDomain).TransferWithContextTx.func1" file="accounts/domain_account.go:133"
time="2020-07-29T17:03:48+08:00" level=info msg="[red-envelope/core/accounts.(*accountDomain).TransferWithContextTx.func1(accounts/domain_account.go:142)] {10000020200730010000000000000001 10001 }" func="red-envelope/core/accounts.(*accountDomain).TransferWithContextTx.func1" file="accounts/domain_account.go:142"
time="2020-07-29T17:03:48+08:00" level=info msg="[red-envelope/core/accounts.(*accountDomain).TransferWithContextTx.func1(accounts/domain_account.go:133)] 1" func="red-envelope/core/accounts.(*accountDomain).TransferWithContextTx.func1" file="accounts/domain_account.go:133"
time="2020-07-29T17:03:48+08:00" level=info msg="[red-envelope/core/accounts.(*accountDomain).TransferWithContextTx.func1(accounts/domain_account.go:142)] {10000020200730010000000000000001 10001 }" func="red-envelope/core/accounts.(*accountDomain).TransferWithContextTx.func1" file="accounts/domain_account.go:142"
time="2020-07-29T17:03:48+08:00" level=info msg="[red-envelope/core/accounts.(*accountDomain).TransferWithContextTx.func1(accounts/domain_account.go:133)] 1" func="red-envelope/core/accounts.(*accountDomain).TransferWithContextTx.func1" file="accounts/domain_account.go:133"
time="2020-07-29T17:03:48+08:00" level=info msg="[red-envelope/core/accounts.(*accountDomain).TransferWithContextTx.func1(accounts/domain_account.go:142)] {10000020200730010000000000000001 10001 }" func="red-envelope/core/accounts.(*accountDomain).TransferWithContextTx.func1" file="accounts/domain_account.go:142"
time="2020-07-29T17:03:48+08:00" level=info msg="[red-envelope/core/accounts.(*accountDomain).TransferWithContextTx.func1(accounts/domain_account.go:133)] 1" func="red-envelope/core/accounts.(*accountDomain).TransferWithContextTx.func1" file="accounts/domain_account.go:133"
time="2020-07-29T17:03:48+08:00" level=info msg="[red-envelope/core/accounts.(*accountDomain).TransferWithContextTx.func1(accounts/domain_account.go:142)] {10000020200730010000000000000001 10001 }" func="red-envelope/core/accounts.(*accountDomain).TransferWithContextTx.func1" file="accounts/domain_account.go:142"
time="2020-07-29T17:03:48+08:00" level=info msg="[red-envelope/core/accounts.(*accountDomain).TransferWithContextTx.func1(accounts/domain_account.go:133)] 1" func="red-envelope/core/accounts.(*accountDomain).TransferWithContextTx.func1" file="accounts/domain_account.go:133"
time="2020-07-29T17:03:48+08:00" level=info msg="[red-envelope/core/accounts.(*accountDomain).TransferWithContextTx.func1(accounts/domain_account.go:142)] {10000020200730010000000000000001 10001 }" func="red-envelope/core/accounts.(*accountDomain).TransferWithContextTx.func1" file="accounts/domain_account.go:142"
time="2020-07-29T17:03:48+08:00" level=info msg="[red-envelope/core/accounts.(*accountDomain).TransferWithContextTx.func1(accounts/domain_account.go:133)] 1" func="red-envelope/core/accounts.(*accountDomain).TransferWithContextTx.func1" file="accounts/domain_account.go:133"
time="2020-07-29T17:03:48+08:00" level=info msg="[red-envelope/core/accounts.(*accountDomain).TransferWithContextTx.func1(accounts/domain_account.go:142)] {10000020200730010000000000000001 10001 }" func="red-envelope/core/accounts.(*accountDomain).TransferWithContextTx.func1" file="accounts/domain_account.go:142"
time="2020-07-29T17:03:48+08:00" level=info msg="[red-envelope/core/accounts.(*accountDomain).TransferWithContextTx.func1(accounts/domain_account.go:133)] 1" func="red-envelope/core/accounts.(*accountDomain).TransferWithContextTx.func1" file="accounts/domain_account.go:133"
time="2020-07-29T17:03:48+08:00" level=info msg="[red-envelope/core/accounts.(*accountDomain).TransferWithContextTx.func1(accounts/domain_account.go:142)] {10000020200730010000000000000001 10001 }" func="red-envelope/core/accounts.(*accountDomain).TransferWithContextTx.func1" file="accounts/domain_account.go:142"
