time="2020-07-22T10:04:11+08:00" level=info msg="[github.com/catwithtudou/red-envelope-infra.(*starterRegister).Register(infra/starer.go:78)] Register starter: *base.PropsStarter" func="github.com/catwithtudou/red-envelope-infra.(*starterRegister).Register" file="infra/starer.go:78"
time="2020-07-22T10:04:11+08:00" level=info msg="[github.com/catwithtudou/red-envelope-infra.(*starterRegister).Register(infra/starer.go:78)] Register starter: *base.DbxDatabaseStarter" func="github.com/catwithtudou/red-envelope-infra.(*starterRegister).Register" file="infra/starer.go:78"
time="2020-07-22T10:04:11+08:00" level=info msg="[github.com/catwithtudou/red-envelope-infra.(*starterRegister).Register(infra/starer.go:78)] Register starter: *base.ValidatorStarter" func="github.com/catwithtudou/red-envelope-infra.(*starterRegister).Register" file="infra/starer.go:78"
time="2020-07-22T10:04:11+08:00" level=info msg="[github.com/catwithtudou/red-envelope-infra.(*BootApplication).init(infra/boot.go:34)] Initializing starters..." func="github.com/catwithtudou/red-envelope-infra.(*BootApplication).init" file="infra/boot.go:34"
time="2020-07-22T10:04:11+08:00" level=debug msg="[github.com/catwithtudou/red-envelope-infra.(*BootApplication).init(infra/boot.go:37)] Initializing: PriorityGroup=20,Priority=10000,type=*base.PropsStarter" func="github.com/catwithtudou/red-envelope-infra.(*BootApplication).init" file="infra/boot.go:37"
time="2020-07-22T10:04:11+08:00" level=info msg="[github.com/catwithtudou/red-envelope-infra/base.(*PropsStarter).Init(base/props.go:22)] 初始化配置." func="github.com/catwithtudou/red-envelope-infra/base.(*PropsStarter).Init" file="base/props.go:22"
time="2020-07-22T10:04:11+08:00" level=debug msg="[github.com/catwithtudou/red-envelope-infra.(*BootApplication).init(infra/boot.go:37)] Initializing: PriorityGroup=20,Priority=10000,type=*base.DbxDatabaseStarter" func="github.com/catwithtudou/red-envelope-infra.(*BootApplication).init" file="infra/boot.go:37"
time="2020-07-22T10:04:11+08:00" level=debug msg="[github.com/catwithtudou/red-envelope-infra.(*BootApplication).init(infra/boot.go:37)] Initializing: PriorityGroup=20,Priority=10000,type=*base.ValidatorStarter" func="github.com/catwithtudou/red-envelope-infra.(*BootApplication).init" file="infra/boot.go:37"
time="2020-07-22T10:04:11+08:00" level=info msg="[github.com/catwithtudou/red-envelope-infra.(*BootApplication).setup(infra/boot.go:45)] Setup starters..." func="github.com/catwithtudou/red-envelope-infra.(*BootApplication).setup" file="infra/boot.go:45"
time="2020-07-22T10:04:11+08:00" level=debug msg="[github.com/catwithtudou/red-envelope-infra.(*BootApplication).setup(infra/boot.go:48)] Setup: *base.PropsStarter" func="github.com/catwithtudou/red-envelope-infra.(*BootApplication).setup" file="infra/boot.go:48"
time="2020-07-22T10:04:11+08:00" level=debug msg="[github.com/catwithtudou/red-envelope-infra.(*BootApplication).setup(infra/boot.go:48)] Setup: *base.DbxDatabaseStarter" func="github.com/catwithtudou/red-envelope-infra.(*BootApplication).setup" file="infra/boot.go:48"
time="2020-07-22T10:04:11+08:00" level=info msg="[github.com/catwithtudou/red-envelope-infra/base.(*DbxDatabaseStarter).Setup(base/dbx.go:33)] mysql.conn url:root:***@tcp(127.0.0.1:3306)/red_envelope?loc=Local&parseTime=true&charset=utf8&" func="github.com/catwithtudou/red-envelope-infra/base.(*DbxDatabaseStarter).Setup" file="base/dbx.go:33"
time="2020-07-22T10:04:11+08:00" level=info msg="[github.com/catwithtudou/red-envelope-infra/base.(*DbxDatabaseStarter).Setup(base/dbx.go:38)] <nil>" func="github.com/catwithtudou/red-envelope-infra/base.(*DbxDatabaseStarter).Setup" file="base/dbx.go:38"
time="2020-07-22T10:04:11+08:00" level=debug msg="[github.com/catwithtudou/red-envelope-infra.(*BootApplication).setup(infra/boot.go:48)] Setup: *base.ValidatorStarter" func="github.com/catwithtudou/red-envelope-infra.(*BootApplication).setup" file="infra/boot.go:48"
time="2020-07-22T10:04:11+08:00" level=info msg="[github.com/catwithtudou/red-envelope-infra.(*BootApplication).start(infra/boot.go:57)] Starting starters..." func="github.com/catwithtudou/red-envelope-infra.(*BootApplication).start" file="infra/boot.go:57"
time="2020-07-22T10:04:11+08:00" level=debug msg="[github.com/catwithtudou/red-envelope-infra.(*BootApplication).start(infra/boot.go:61)] Starting: *base.PropsStarter" func="github.com/catwithtudou/red-envelope-infra.(*BootApplication).start" file="infra/boot.go:61"
time="2020-07-22T10:04:11+08:00" level=debug msg="[github.com/catwithtudou/red-envelope-infra.(*BootApplication).start(infra/boot.go:61)] Starting: *base.DbxDatabaseStarter" func="github.com/catwithtudou/red-envelope-infra.(*BootApplication).start" file="infra/boot.go:61"
time="2020-07-22T10:04:11+08:00" level=debug msg="[github.com/catwithtudou/red-envelope-infra.(*BootApplication).start(infra/boot.go:61)] Starting: *base.ValidatorStarter" func="github.com/catwithtudou/red-envelope-infra.(*BootApplication).start" file="infra/boot.go:61"
time="2020-07-22T10:26:41+08:00" level=info msg="[github.com/catwithtudou/red-envelope-infra.(*starterRegister).Register(infra/starer.go:78)] Register starter: *base.PropsStarter" func="github.com/catwithtudou/red-envelope-infra.(*starterRegister).Register" file="infra/starer.go:78"
time="2020-07-22T10:26:41+08:00" level=info msg="[github.com/catwithtudou/red-envelope-infra.(*starterRegister).Register(infra/starer.go:78)] Register starter: *base.DbxDatabaseStarter" func="github.com/catwithtudou/red-envelope-infra.(*starterRegister).Register" file="infra/starer.go:78"
time="2020-07-22T10:26:41+08:00" level=info msg="[github.com/catwithtudou/red-envelope-infra.(*starterRegister).Register(infra/starer.go:78)] Register starter: *base.ValidatorStarter" func="github.com/catwithtudou/red-envelope-infra.(*starterRegister).Register" file="infra/starer.go:78"
time="2020-07-22T10:26:41+08:00" level=info msg="[github.com/catwithtudou/red-envelope-infra.(*BootApplication).init(infra/boot.go:34)] Initializing starters..." func="github.com/catwithtudou/red-envelope-infra.(*BootApplication).init" file="infra/boot.go:34"
time="2020-07-22T10:26:41+08:00" level=debug msg="[github.com/catwithtudou/red-envelope-infra.(*BootApplication).init(infra/boot.go:37)] Initializing: PriorityGroup=20,Priority=10000,type=*base.PropsStarter" func="github.com/catwithtudou/red-envelope-infra.(*BootApplication).init" file="infra/boot.go:37"
time="2020-07-22T10:26:41+08:00" level=info msg="[github.com/catwithtudou/red-envelope-infra/base.(*PropsStarter).Init(base/props.go:22)] 初始化配置." func="github.com/catwithtudou/red-envelope-infra/base.(*PropsStarter).Init" file="base/props.go:22"
time="2020-07-22T10:26:41+08:00" level=debug msg="[github.com/catwithtudou/red-envelope-infra.(*BootApplication).init(infra/boot.go:37)] Initializing: PriorityGroup=20,Priority=10000,type=*base.DbxDatabaseStarter" func="github.com/catwithtudou/red-envelope-infra.(*BootApplication).init" file="infra/boot.go:37"
time="2020-07-22T10:26:41+08:00" level=debug msg="[github.com/catwithtudou/red-envelope-infra.(*BootApplication).init(infra/boot.go:37)] Initializing: PriorityGroup=20,Priority=10000,type=*base.ValidatorStarter" func="github.com/catwithtudou/red-envelope-infra.(*BootApplication).init" file="infra/boot.go:37"
time="2020-07-22T10:26:41+08:00" level=info msg="[github.com/catwithtudou/red-envelope-infra.(*BootApplication).setup(infra/boot.go:45)] Setup starters..." func="github.com/catwithtudou/red-envelope-infra.(*BootApplication).setup" file="infra/boot.go:45"
time="2020-07-22T10:26:41+08:00" level=debug msg="[github.com/catwithtudou/red-envelope-infra.(*BootApplication).setup(infra/boot.go:48)] Setup: *base.PropsStarter" func="github.com/catwithtudou/red-envelope-infra.(*BootApplication).setup" file="infra/boot.go:48"
time="2020-07-22T10:26:41+08:00" level=debug msg="[github.com/catwithtudou/red-envelope-infra.(*BootApplication).setup(infra/boot.go:48)] Setup: *base.DbxDatabaseStarter" func="github.com/catwithtudou/red-envelope-infra.(*BootApplication).setup" file="infra/boot.go:48"
time="2020-07-22T10:26:41+08:00" level=info msg="[github.com/catwithtudou/red-envelope-infra/base.(*DbxDatabaseStarter).Setup(base/dbx.go:33)] mysql.conn url:root:***@tcp(127.0.0.1:3306)/red_envelope?parseTime=true&loc=Local&charset=utf8&" func="github.com/catwithtudou/red-envelope-infra/base.(*DbxDatabaseStarter).Setup" file="base/dbx.go:33"
time="2020-07-22T10:26:41+08:00" level=info msg="[github.com/catwithtudou/red-envelope-infra/base.(*DbxDatabaseStarter).Setup(base/dbx.go:38)] <nil>" func="github.com/catwithtudou/red-envelope-infra/base.(*DbxDatabaseStarter).Setup" file="base/dbx.go:38"
time="2020-07-22T10:26:41+08:00" level=debug msg="[github.com/catwithtudou/red-envelope-infra.(*BootApplication).setup(infra/boot.go:48)] Setup: *base.ValidatorStarter" func="github.com/catwithtudou/red-envelope-infra.(*BootApplication).setup" file="infra/boot.go:48"
time="2020-07-22T10:26:41+08:00" level=info msg="[github.com/catwithtudou/red-envelope-infra.(*BootApplication).start(infra/boot.go:57)] Starting starters..." func="github.com/catwithtudou/red-envelope-infra.(*BootApplication).start" file="infra/boot.go:57"
time="2020-07-22T10:26:41+08:00" level=debug msg="[github.com/catwithtudou/red-envelope-infra.(*BootApplication).start(infra/boot.go:61)] Starting: *base.PropsStarter" func="github.com/catwithtudou/red-envelope-infra.(*BootApplication).start" file="infra/boot.go:61"
time="2020-07-22T10:26:41+08:00" level=debug msg="[github.com/catwithtudou/red-envelope-infra.(*BootApplication).start(infra/boot.go:61)] Starting: *base.DbxDatabaseStarter" func="github.com/catwithtudou/red-envelope-infra.(*BootApplication).start" file="infra/boot.go:61"
time="2020-07-22T10:26:41+08:00" level=debug msg="[github.com/catwithtudou/red-envelope-infra.(*BootApplication).start(infra/boot.go:61)] Starting: *base.ValidatorStarter" func="github.com/catwithtudou/red-envelope-infra.(*BootApplication).start" file="infra/boot.go:61"
time="2020-07-22T10:27:13+08:00" level=info msg="[github.com/catwithtudou/red-envelope-infra.(*starterRegister).Register(infra/starer.go:78)] Register starter: *base.PropsStarter" func="github.com/catwithtudou/red-envelope-infra.(*starterRegister).Register" file="infra/starer.go:78"
time="2020-07-22T10:27:13+08:00" level=info msg="[github.com/catwithtudou/red-envelope-infra.(*starterRegister).Register(infra/starer.go:78)] Register starter: *base.DbxDatabaseStarter" func="github.com/catwithtudou/red-envelope-infra.(*starterRegister).Register" file="infra/starer.go:78"
time="2020-07-22T10:27:13+08:00" level=info msg="[github.com/catwithtudou/red-envelope-infra.(*starterRegister).Register(infra/starer.go:78)] Register starter: *base.ValidatorStarter" func="github.com/catwithtudou/red-envelope-infra.(*starterRegister).Register" file="infra/starer.go:78"
time="2020-07-22T10:27:13+08:00" level=info msg="[github.com/catwithtudou/red-envelope-infra.(*BootApplication).init(infra/boot.go:34)] Initializing starters..." func="github.com/catwithtudou/red-envelope-infra.(*BootApplication).init" file="infra/boot.go:34"
time="2020-07-22T10:27:13+08:00" level=debug msg="[github.com/catwithtudou/red-envelope-infra.(*BootApplication).init(infra/boot.go:37)] Initializing: PriorityGroup=20,Priority=10000,type=*base.PropsStarter" func="github.com/catwithtudou/red-envelope-infra.(*BootApplication).init" file="infra/boot.go:37"
time="2020-07-22T10:27:13+08:00" level=info msg="[github.com/catwithtudou/red-envelope-infra/base.(*PropsStarter).Init(base/props.go:22)] 初始化配置." func="github.com/catwithtudou/red-envelope-infra/base.(*PropsStarter).Init" file="base/props.go:22"
time="2020-07-22T10:27:13+08:00" level=debug msg="[github.com/catwithtudou/red-envelope-infra.(*BootApplication).init(infra/boot.go:37)] Initializing: PriorityGroup=20,Priority=10000,type=*base.DbxDatabaseStarter" func="github.com/catwithtudou/red-envelope-infra.(*BootApplication).init" file="infra/boot.go:37"
time="2020-07-22T10:27:13+08:00" level=debug msg="[github.com/catwithtudou/red-envelope-infra.(*BootApplication).init(infra/boot.go:37)] Initializing: PriorityGroup=20,Priority=10000,type=*base.ValidatorStarter" func="github.com/catwithtudou/red-envelope-infra.(*BootApplication).init" file="infra/boot.go:37"
time="2020-07-22T10:27:13+08:00" level=info msg="[github.com/catwithtudou/red-envelope-infra.(*BootApplication).setup(infra/boot.go:45)] Setup starters..." func="github.com/catwithtudou/red-envelope-infra.(*BootApplication).setup" file="infra/boot.go:45"
time="2020-07-22T10:27:13+08:00" level=debug msg="[github.com/catwithtudou/red-envelope-infra.(*BootApplication).setup(infra/boot.go:48)] Setup: *base.PropsStarter" func="github.com/catwithtudou/red-envelope-infra.(*BootApplication).setup" file="infra/boot.go:48"
time="2020-07-22T10:27:13+08:00" level=debug msg="[github.com/catwithtudou/red-envelope-infra.(*BootApplication).setup(infra/boot.go:48)] Setup: *base.DbxDatabaseStarter" func="github.com/catwithtudou/red-envelope-infra.(*BootApplication).setup" file="infra/boot.go:48"
time="2020-07-22T10:27:13+08:00" level=info msg="[github.com/catwithtudou/red-envelope-infra/base.(*DbxDatabaseStarter).Setup(base/dbx.go:33)] mysql.conn url:root:***@tcp(127.0.0.1:3306)/red_envelope?loc=Local&parseTime=true&charset=utf8&" func="github.com/catwithtudou/red-envelope-infra/base.(*DbxDatabaseStarter).Setup" file="base/dbx.go:33"
time="2020-07-22T10:27:13+08:00" level=info msg="[github.com/catwithtudou/red-envelope-infra/base.(*DbxDatabaseStarter).Setup(base/dbx.go:38)] <nil>" func="github.com/catwithtudou/red-envelope-infra/base.(*DbxDatabaseStarter).Setup" file="base/dbx.go:38"
time="2020-07-22T10:27:13+08:00" level=debug msg="[github.com/catwithtudou/red-envelope-infra.(*BootApplication).setup(infra/boot.go:48)] Setup: *base.ValidatorStarter" func="github.com/catwithtudou/red-envelope-infra.(*BootApplication).setup" file="infra/boot.go:48"
time="2020-07-22T10:27:13+08:00" level=info msg="[github.com/catwithtudou/red-envelope-infra.(*BootApplication).start(infra/boot.go:57)] Starting starters..." func="github.com/catwithtudou/red-envelope-infra.(*BootApplication).start" file="infra/boot.go:57"
time="2020-07-22T10:27:13+08:00" level=debug msg="[github.com/catwithtudou/red-envelope-infra.(*BootApplication).start(infra/boot.go:61)] Starting: *base.PropsStarter" func="github.com/catwithtudou/red-envelope-infra.(*BootApplication).start" file="infra/boot.go:61"
time="2020-07-22T10:27:13+08:00" level=debug msg="[github.com/catwithtudou/red-envelope-infra.(*BootApplication).start(infra/boot.go:61)] Starting: *base.DbxDatabaseStarter" func="github.com/catwithtudou/red-envelope-infra.(*BootApplication).start" file="infra/boot.go:61"
time="2020-07-22T10:27:13+08:00" level=debug msg="[github.com/catwithtudou/red-envelope-infra.(*BootApplication).start(infra/boot.go:61)] Starting: *base.ValidatorStarter" func="github.com/catwithtudou/red-envelope-infra.(*BootApplication).start" file="infra/boot.go:61"
time="2020-07-22T10:28:26+08:00" level=info msg="[github.com/catwithtudou/red-envelope-infra.(*starterRegister).Register(infra/starer.go:78)] Register starter: *base.PropsStarter" func="github.com/catwithtudou/red-envelope-infra.(*starterRegister).Register" file="infra/starer.go:78"
time="2020-07-22T10:28:26+08:00" level=info msg="[github.com/catwithtudou/red-envelope-infra.(*starterRegister).Register(infra/starer.go:78)] Register starter: *base.DbxDatabaseStarter" func="github.com/catwithtudou/red-envelope-infra.(*starterRegister).Register" file="infra/starer.go:78"
time="2020-07-22T10:28:26+08:00" level=info msg="[github.com/catwithtudou/red-envelope-infra.(*starterRegister).Register(infra/starer.go:78)] Register starter: *base.ValidatorStarter" func="github.com/catwithtudou/red-envelope-infra.(*starterRegister).Register" file="infra/starer.go:78"
time="2020-07-22T10:28:26+08:00" level=info msg="[github.com/catwithtudou/red-envelope-infra.(*BootApplication).init(infra/boot.go:34)] Initializing starters..." func="github.com/catwithtudou/red-envelope-infra.(*BootApplication).init" file="infra/boot.go:34"
time="2020-07-22T10:28:26+08:00" level=debug msg="[github.com/catwithtudou/red-envelope-infra.(*BootApplication).init(infra/boot.go:37)] Initializing: PriorityGroup=20,Priority=10000,type=*base.PropsStarter" func="github.com/catwithtudou/red-envelope-infra.(*BootApplication).init" file="infra/boot.go:37"
time="2020-07-22T10:28:26+08:00" level=info msg="[github.com/catwithtudou/red-envelope-infra/base.(*PropsStarter).Init(base/props.go:22)] 初始化配置." func="github.com/catwithtudou/red-envelope-infra/base.(*PropsStarter).Init" file="base/props.go:22"
time="2020-07-22T10:28:26+08:00" level=debug msg="[github.com/catwithtudou/red-envelope-infra.(*BootApplication).init(infra/boot.go:37)] Initializing: PriorityGroup=20,Priority=10000,type=*base.DbxDatabaseStarter" func="github.com/catwithtudou/red-envelope-infra.(*BootApplication).init" file="infra/boot.go:37"
time="2020-07-22T10:28:26+08:00" level=debug msg="[github.com/catwithtudou/red-envelope-infra.(*BootApplication).init(infra/boot.go:37)] Initializing: PriorityGroup=20,Priority=10000,type=*base.ValidatorStarter" func="github.com/catwithtudou/red-envelope-infra.(*BootApplication).init" file="infra/boot.go:37"
time="2020-07-22T10:28:26+08:00" level=info msg="[github.com/catwithtudou/red-envelope-infra.(*BootApplication).setup(infra/boot.go:45)] Setup starters..." func="github.com/catwithtudou/red-envelope-infra.(*BootApplication).setup" file="infra/boot.go:45"
time="2020-07-22T10:28:26+08:00" level=debug msg="[github.com/catwithtudou/red-envelope-infra.(*BootApplication).setup(infra/boot.go:48)] Setup: *base.PropsStarter" func="github.com/catwithtudou/red-envelope-infra.(*BootApplication).setup" file="infra/boot.go:48"
time="2020-07-22T10:28:26+08:00" level=debug msg="[github.com/catwithtudou/red-envelope-infra.(*BootApplication).setup(infra/boot.go:48)] Setup: *base.DbxDatabaseStarter" func="github.com/catwithtudou/red-envelope-infra.(*BootApplication).setup" file="infra/boot.go:48"
time="2020-07-22T10:28:26+08:00" level=info msg="[github.com/catwithtudou/red-envelope-infra/base.(*DbxDatabaseStarter).Setup(base/dbx.go:33)] mysql.conn url:root:***@tcp(127.0.0.1:3306)/red_envelope?parseTime=true&loc=Local&charset=utf8&" func="github.com/catwithtudou/red-envelope-infra/base.(*DbxDatabaseStarter).Setup" file="base/dbx.go:33"
time="2020-07-22T10:28:26+08:00" level=info msg="[github.com/catwithtudou/red-envelope-infra/base.(*DbxDatabaseStarter).Setup(base/dbx.go:38)] <nil>" func="github.com/catwithtudou/red-envelope-infra/base.(*DbxDatabaseStarter).Setup" file="base/dbx.go:38"
time="2020-07-22T10:28:26+08:00" level=debug msg="[github.com/catwithtudou/red-envelope-infra.(*BootApplication).setup(infra/boot.go:48)] Setup: *base.ValidatorStarter" func="github.com/catwithtudou/red-envelope-infra.(*BootApplication).setup" file="infra/boot.go:48"
time="2020-07-22T10:28:26+08:00" level=info msg="[github.com/catwithtudou/red-envelope-infra.(*BootApplication).start(infra/boot.go:57)] Starting starters..." func="github.com/catwithtudou/red-envelope-infra.(*BootApplication).start" file="infra/boot.go:57"
time="2020-07-22T10:28:26+08:00" level=debug msg="[github.com/catwithtudou/red-envelope-infra.(*BootApplication).start(infra/boot.go:61)] Starting: *base.PropsStarter" func="github.com/catwithtudou/red-envelope-infra.(*BootApplication).start" file="infra/boot.go:61"
time="2020-07-22T10:28:26+08:00" level=debug msg="[github.com/catwithtudou/red-envelope-infra.(*BootApplication).start(infra/boot.go:61)] Starting: *base.DbxDatabaseStarter" func="github.com/catwithtudou/red-envelope-infra.(*BootApplication).start" file="infra/boot.go:61"
time="2020-07-22T10:28:26+08:00" level=debug msg="[github.com/catwithtudou/red-envelope-infra.(*BootApplication).start(infra/boot.go:61)] Starting: *base.ValidatorStarter" func="github.com/catwithtudou/red-envelope-infra.(*BootApplication).start" file="infra/boot.go:61"
time="2020-07-22T10:34:18+08:00" level=info msg="[github.com/catwithtudou/red-envelope-infra.(*starterRegister).Register(infra/starer.go:78)] Register starter: *base.PropsStarter" func="github.com/catwithtudou/red-envelope-infra.(*starterRegister).Register" file="infra/starer.go:78"
time="2020-07-22T10:34:18+08:00" level=info msg="[github.com/catwithtudou/red-envelope-infra.(*starterRegister).Register(infra/starer.go:78)] Register starter: *base.DbxDatabaseStarter" func="github.com/catwithtudou/red-envelope-infra.(*starterRegister).Register" file="infra/starer.go:78"
time="2020-07-22T10:34:18+08:00" level=info msg="[github.com/catwithtudou/red-envelope-infra.(*starterRegister).Register(infra/starer.go:78)] Register starter: *base.ValidatorStarter" func="github.com/catwithtudou/red-envelope-infra.(*starterRegister).Register" file="infra/starer.go:78"
time="2020-07-22T10:34:18+08:00" level=info msg="[github.com/catwithtudou/red-envelope-infra.(*BootApplication).init(infra/boot.go:34)] Initializing starters..." func="github.com/catwithtudou/red-envelope-infra.(*BootApplication).init" file="infra/boot.go:34"
time="2020-07-22T10:34:18+08:00" level=debug msg="[github.com/catwithtudou/red-envelope-infra.(*BootApplication).init(infra/boot.go:37)] Initializing: PriorityGroup=20,Priority=10000,type=*base.PropsStarter" func="github.com/catwithtudou/red-envelope-infra.(*BootApplication).init" file="infra/boot.go:37"
time="2020-07-22T10:34:18+08:00" level=info msg="[github.com/catwithtudou/red-envelope-infra/base.(*PropsStarter).Init(base/props.go:22)] 初始化配置." func="github.com/catwithtudou/red-envelope-infra/base.(*PropsStarter).Init" file="base/props.go:22"
time="2020-07-22T10:34:18+08:00" level=debug msg="[github.com/catwithtudou/red-envelope-infra.(*BootApplication).init(infra/boot.go:37)] Initializing: PriorityGroup=20,Priority=10000,type=*base.DbxDatabaseStarter" func="github.com/catwithtudou/red-envelope-infra.(*BootApplication).init" file="infra/boot.go:37"
time="2020-07-22T10:34:18+08:00" level=debug msg="[github.com/catwithtudou/red-envelope-infra.(*BootApplication).init(infra/boot.go:37)] Initializing: PriorityGroup=20,Priority=10000,type=*base.ValidatorStarter" func="github.com/catwithtudou/red-envelope-infra.(*BootApplication).init" file="infra/boot.go:37"
time="2020-07-22T10:34:18+08:00" level=info msg="[github.com/catwithtudou/red-envelope-infra.(*BootApplication).setup(infra/boot.go:45)] Setup starters..." func="github.com/catwithtudou/red-envelope-infra.(*BootApplication).setup" file="infra/boot.go:45"
time="2020-07-22T10:34:18+08:00" level=debug msg="[github.com/catwithtudou/red-envelope-infra.(*BootApplication).setup(infra/boot.go:48)] Setup: *base.PropsStarter" func="github.com/catwithtudou/red-envelope-infra.(*BootApplication).setup" file="infra/boot.go:48"
time="2020-07-22T10:34:18+08:00" level=debug msg="[github.com/catwithtudou/red-envelope-infra.(*BootApplication).setup(infra/boot.go:48)] Setup: *base.DbxDatabaseStarter" func="github.com/catwithtudou/red-envelope-infra.(*BootApplication).setup" file="infra/boot.go:48"
time="2020-07-22T10:34:18+08:00" level=info msg="[github.com/catwithtudou/red-envelope-infra/base.(*DbxDatabaseStarter).Setup(base/dbx.go:33)] mysql.conn url:root:***@tcp(127.0.0.1:3306)/red_envelope?charset=utf8&loc=Local&parseTime=true&" func="github.com/catwithtudou/red-envelope-infra/base.(*DbxDatabaseStarter).Setup" file="base/dbx.go:33"
time="2020-07-22T10:34:18+08:00" level=info msg="[github.com/catwithtudou/red-envelope-infra/base.(*DbxDatabaseStarter).Setup(base/dbx.go:38)] <nil>" func="github.com/catwithtudou/red-envelope-infra/base.(*DbxDatabaseStarter).Setup" file="base/dbx.go:38"
time="2020-07-22T10:34:18+08:00" level=debug msg="[github.com/catwithtudou/red-envelope-infra.(*BootApplication).setup(infra/boot.go:48)] Setup: *base.ValidatorStarter" func="github.com/catwithtudou/red-envelope-infra.(*BootApplication).setup" file="infra/boot.go:48"
time="2020-07-22T10:34:18+08:00" level=info msg="[github.com/catwithtudou/red-envelope-infra.(*BootApplication).start(infra/boot.go:57)] Starting starters..." func="github.com/catwithtudou/red-envelope-infra.(*BootApplication).start" file="infra/boot.go:57"
time="2020-07-22T10:34:18+08:00" level=debug msg="[github.com/catwithtudou/red-envelope-infra.(*BootApplication).start(infra/boot.go:61)] Starting: *base.PropsStarter" func="github.com/catwithtudou/red-envelope-infra.(*BootApplication).start" file="infra/boot.go:61"
time="2020-07-22T10:34:18+08:00" level=debug msg="[github.com/catwithtudou/red-envelope-infra.(*BootApplication).start(infra/boot.go:61)] Starting: *base.DbxDatabaseStarter" func="github.com/catwithtudou/red-envelope-infra.(*BootApplication).start" file="infra/boot.go:61"
time="2020-07-22T10:34:18+08:00" level=debug msg="[github.com/catwithtudou/red-envelope-infra.(*BootApplication).start(infra/boot.go:61)] Starting: *base.ValidatorStarter" func="github.com/catwithtudou/red-envelope-infra.(*BootApplication).start" file="infra/boot.go:61"
time="2020-07-22T10:34:18+08:00" level=error msg="[red-envelope/core/accounts.(*accountDomain).Transfer(accounts/domain_account.go:137)] 余额不足" func="red-envelope/core/accounts.(*accountDomain).Transfer" file="accounts/domain_account.go:137"
time="2020-07-22T10:35:06+08:00" level=info msg="[github.com/catwithtudou/red-envelope-infra.(*starterRegister).Register(infra/starer.go:78)] Register starter: *base.PropsStarter" func="github.com/catwithtudou/red-envelope-infra.(*starterRegister).Register" file="infra/starer.go:78"
time="2020-07-22T10:35:06+08:00" level=info msg="[github.com/catwithtudou/red-envelope-infra.(*starterRegister).Register(infra/starer.go:78)] Register starter: *base.DbxDatabaseStarter" func="github.com/catwithtudou/red-envelope-infra.(*starterRegister).Register" file="infra/starer.go:78"
time="2020-07-22T10:35:06+08:00" level=info msg="[github.com/catwithtudou/red-envelope-infra.(*starterRegister).Register(infra/starer.go:78)] Register starter: *base.ValidatorStarter" func="github.com/catwithtudou/red-envelope-infra.(*starterRegister).Register" file="infra/starer.go:78"
time="2020-07-22T10:35:06+08:00" level=info msg="[github.com/catwithtudou/red-envelope-infra.(*BootApplication).init(infra/boot.go:34)] Initializing starters..." func="github.com/catwithtudou/red-envelope-infra.(*BootApplication).init" file="infra/boot.go:34"
time="2020-07-22T10:35:06+08:00" level=debug msg="[github.com/catwithtudou/red-envelope-infra.(*BootApplication).init(infra/boot.go:37)] Initializing: PriorityGroup=20,Priority=10000,type=*base.PropsStarter" func="github.com/catwithtudou/red-envelope-infra.(*BootApplication).init" file="infra/boot.go:37"
time="2020-07-22T10:35:06+08:00" level=info msg="[github.com/catwithtudou/red-envelope-infra/base.(*PropsStarter).Init(base/props.go:22)] 初始化配置." func="github.com/catwithtudou/red-envelope-infra/base.(*PropsStarter).Init" file="base/props.go:22"
time="2020-07-22T10:35:06+08:00" level=debug msg="[github.com/catwithtudou/red-envelope-infra.(*BootApplication).init(infra/boot.go:37)] Initializing: PriorityGroup=20,Priority=10000,type=*base.DbxDatabaseStarter" func="github.com/catwithtudou/red-envelope-infra.(*BootApplication).init" file="infra/boot.go:37"
time="2020-07-22T10:35:06+08:00" level=debug msg="[github.com/catwithtudou/red-envelope-infra.(*BootApplication).init(infra/boot.go:37)] Initializing: PriorityGroup=20,Priority=10000,type=*base.ValidatorStarter" func="github.com/catwithtudou/red-envelope-infra.(*BootApplication).init" file="infra/boot.go:37"
time="2020-07-22T10:35:06+08:00" level=info msg="[github.com/catwithtudou/red-envelope-infra.(*BootApplication).setup(infra/boot.go:45)] Setup starters..." func="github.com/catwithtudou/red-envelope-infra.(*BootApplication).setup" file="infra/boot.go:45"
time="2020-07-22T10:35:06+08:00" level=debug msg="[github.com/catwithtudou/red-envelope-infra.(*BootApplication).setup(infra/boot.go:48)] Setup: *base.PropsStarter" func="github.com/catwithtudou/red-envelope-infra.(*BootApplication).setup" file="infra/boot.go:48"
time="2020-07-22T10:35:06+08:00" level=debug msg="[github.com/catwithtudou/red-envelope-infra.(*BootApplication).setup(infra/boot.go:48)] Setup: *base.DbxDatabaseStarter" func="github.com/catwithtudou/red-envelope-infra.(*BootApplication).setup" file="infra/boot.go:48"
time="2020-07-22T10:35:06+08:00" level=info msg="[github.com/catwithtudou/red-envelope-infra/base.(*DbxDatabaseStarter).Setup(base/dbx.go:33)] mysql.conn url:root:***@tcp(127.0.0.1:3306)/red_envelope?parseTime=true&loc=Local&charset=utf8&" func="github.com/catwithtudou/red-envelope-infra/base.(*DbxDatabaseStarter).Setup" file="base/dbx.go:33"
time="2020-07-22T10:35:06+08:00" level=info msg="[github.com/catwithtudou/red-envelope-infra/base.(*DbxDatabaseStarter).Setup(base/dbx.go:38)] <nil>" func="github.com/catwithtudou/red-envelope-infra/base.(*DbxDatabaseStarter).Setup" file="base/dbx.go:38"
time="2020-07-22T10:35:06+08:00" level=debug msg="[github.com/catwithtudou/red-envelope-infra.(*BootApplication).setup(infra/boot.go:48)] Setup: *base.ValidatorStarter" func="github.com/catwithtudou/red-envelope-infra.(*BootApplication).setup" file="infra/boot.go:48"
time="2020-07-22T10:35:06+08:00" level=info msg="[github.com/catwithtudou/red-envelope-infra.(*BootApplication).start(infra/boot.go:57)] Starting starters..." func="github.com/catwithtudou/red-envelope-infra.(*BootApplication).start" file="infra/boot.go:57"
time="2020-07-22T10:35:06+08:00" level=debug msg="[github.com/catwithtudou/red-envelope-infra.(*BootApplication).start(infra/boot.go:61)] Starting: *base.PropsStarter" func="github.com/catwithtudou/red-envelope-infra.(*BootApplication).start" file="infra/boot.go:61"
time="2020-07-22T10:35:06+08:00" level=debug msg="[github.com/catwithtudou/red-envelope-infra.(*BootApplication).start(infra/boot.go:61)] Starting: *base.DbxDatabaseStarter" func="github.com/catwithtudou/red-envelope-infra.(*BootApplication).start" file="infra/boot.go:61"
time="2020-07-22T10:35:06+08:00" level=debug msg="[github.com/catwithtudou/red-envelope-infra.(*BootApplication).start(infra/boot.go:61)] Starting: *base.ValidatorStarter" func="github.com/catwithtudou/red-envelope-infra.(*BootApplication).start" file="infra/boot.go:61"
time="2020-07-22T10:35:06+08:00" level=error msg="[red-envelope/core/accounts.(*accountDomain).Transfer(accounts/domain_account.go:137)] 余额不足" func="red-envelope/core/accounts.(*accountDomain).Transfer" file="accounts/domain_account.go:137"
time="2020-07-22T10:37:35+08:00" level=info msg="[github.com/catwithtudou/red-envelope-infra.(*starterRegister).Register(infra/starer.go:78)] Register starter: *base.PropsStarter" func="github.com/catwithtudou/red-envelope-infra.(*starterRegister).Register" file="infra/starer.go:78"
time="2020-07-22T10:37:35+08:00" level=info msg="[github.com/catwithtudou/red-envelope-infra.(*starterRegister).Register(infra/starer.go:78)] Register starter: *base.DbxDatabaseStarter" func="github.com/catwithtudou/red-envelope-infra.(*starterRegister).Register" file="infra/starer.go:78"
time="2020-07-22T10:37:35+08:00" level=info msg="[github.com/catwithtudou/red-envelope-infra.(*starterRegister).Register(infra/starer.go:78)] Register starter: *base.ValidatorStarter" func="github.com/catwithtudou/red-envelope-infra.(*starterRegister).Register" file="infra/starer.go:78"
time="2020-07-22T10:37:35+08:00" level=info msg="[github.com/catwithtudou/red-envelope-infra.(*BootApplication).init(infra/boot.go:34)] Initializing starters..." func="github.com/catwithtudou/red-envelope-infra.(*BootApplication).init" file="infra/boot.go:34"
time="2020-07-22T10:37:35+08:00" level=debug msg="[github.com/catwithtudou/red-envelope-infra.(*BootApplication).init(infra/boot.go:37)] Initializing: PriorityGroup=20,Priority=10000,type=*base.PropsStarter" func="github.com/catwithtudou/red-envelope-infra.(*BootApplication).init" file="infra/boot.go:37"
time="2020-07-22T10:37:35+08:00" level=info msg="[github.com/catwithtudou/red-envelope-infra/base.(*PropsStarter).Init(base/props.go:22)] 初始化配置." func="github.com/catwithtudou/red-envelope-infra/base.(*PropsStarter).Init" file="base/props.go:22"
time="2020-07-22T10:37:35+08:00" level=debug msg="[github.com/catwithtudou/red-envelope-infra.(*BootApplication).init(infra/boot.go:37)] Initializing: PriorityGroup=20,Priority=10000,type=*base.DbxDatabaseStarter" func="github.com/catwithtudou/red-envelope-infra.(*BootApplication).init" file="infra/boot.go:37"
time="2020-07-22T10:37:35+08:00" level=debug msg="[github.com/catwithtudou/red-envelope-infra.(*BootApplication).init(infra/boot.go:37)] Initializing: PriorityGroup=20,Priority=10000,type=*base.ValidatorStarter" func="github.com/catwithtudou/red-envelope-infra.(*BootApplication).init" file="infra/boot.go:37"
time="2020-07-22T10:37:35+08:00" level=info msg="[github.com/catwithtudou/red-envelope-infra.(*BootApplication).setup(infra/boot.go:45)] Setup starters..." func="github.com/catwithtudou/red-envelope-infra.(*BootApplication).setup" file="infra/boot.go:45"
time="2020-07-22T10:37:35+08:00" level=debug msg="[github.com/catwithtudou/red-envelope-infra.(*BootApplication).setup(infra/boot.go:48)] Setup: *base.PropsStarter" func="github.com/catwithtudou/red-envelope-infra.(*BootApplication).setup" file="infra/boot.go:48"
time="2020-07-22T10:37:35+08:00" level=debug msg="[github.com/catwithtudou/red-envelope-infra.(*BootApplication).setup(infra/boot.go:48)] Setup: *base.DbxDatabaseStarter" func="github.com/catwithtudou/red-envelope-infra.(*BootApplication).setup" file="infra/boot.go:48"
time="2020-07-22T10:37:35+08:00" level=info msg="[github.com/catwithtudou/red-envelope-infra/base.(*DbxDatabaseStarter).Setup(base/dbx.go:33)] mysql.conn url:root:***@tcp(127.0.0.1:3306)/red_envelope?charset=utf8&loc=Local&parseTime=true&" func="github.com/catwithtudou/red-envelope-infra/base.(*DbxDatabaseStarter).Setup" file="base/dbx.go:33"
time="2020-07-22T10:37:35+08:00" level=info msg="[github.com/catwithtudou/red-envelope-infra/base.(*DbxDatabaseStarter).Setup(base/dbx.go:38)] <nil>" func="github.com/catwithtudou/red-envelope-infra/base.(*DbxDatabaseStarter).Setup" file="base/dbx.go:38"
time="2020-07-22T10:37:35+08:00" level=debug msg="[github.com/catwithtudou/red-envelope-infra.(*BootApplication).setup(infra/boot.go:48)] Setup: *base.ValidatorStarter" func="github.com/catwithtudou/red-envelope-infra.(*BootApplication).setup" file="infra/boot.go:48"
time="2020-07-22T10:37:35+08:00" level=info msg="[github.com/catwithtudou/red-envelope-infra.(*BootApplication).start(infra/boot.go:57)] Starting starters..." func="github.com/catwithtudou/red-envelope-infra.(*BootApplication).start" file="infra/boot.go:57"
time="2020-07-22T10:37:35+08:00" level=debug msg="[github.com/catwithtudou/red-envelope-infra.(*BootApplication).start(infra/boot.go:61)] Starting: *base.PropsStarter" func="github.com/catwithtudou/red-envelope-infra.(*BootApplication).start" file="infra/boot.go:61"
time="2020-07-22T10:37:35+08:00" level=debug msg="[github.com/catwithtudou/red-envelope-infra.(*BootApplication).start(infra/boot.go:61)] Starting: *base.DbxDatabaseStarter" func="github.com/catwithtudou/red-envelope-infra.(*BootApplication).start" file="infra/boot.go:61"
time="2020-07-22T10:37:35+08:00" level=debug msg="[github.com/catwithtudou/red-envelope-infra.(*BootApplication).start(infra/boot.go:61)] Starting: *base.ValidatorStarter" func="github.com/catwithtudou/red-envelope-infra.(*BootApplication).start" file="infra/boot.go:61"
time="2020-07-22T10:37:35+08:00" level=error msg="[red-envelope/core/accounts.(*accountDomain).Transfer(accounts/domain_account.go:137)] 余额不足" func="red-envelope/core/accounts.(*accountDomain).Transfer" file="accounts/domain_account.go:137"
time="2020-07-22T10:44:05+08:00" level=info msg="[github.com/catwithtudou/red-envelope-infra.(*starterRegister).Register(infra/starer.go:78)] Register starter: *base.PropsStarter" func="github.com/catwithtudou/red-envelope-infra.(*starterRegister).Register" file="infra/starer.go:78"
time="2020-07-22T10:44:05+08:00" level=info msg="[github.com/catwithtudou/red-envelope-infra.(*starterRegister).Register(infra/starer.go:78)] Register starter: *base.DbxDatabaseStarter" func="github.com/catwithtudou/red-envelope-infra.(*starterRegister).Register" file="infra/starer.go:78"
time="2020-07-22T10:44:05+08:00" level=info msg="[github.com/catwithtudou/red-envelope-infra.(*starterRegister).Register(infra/starer.go:78)] Register starter: *base.ValidatorStarter" func="github.com/catwithtudou/red-envelope-infra.(*starterRegister).Register" file="infra/starer.go:78"
time="2020-07-22T10:44:05+08:00" level=info msg="[github.com/catwithtudou/red-envelope-infra.(*BootApplication).init(infra/boot.go:34)] Initializing starters..." func="github.com/catwithtudou/red-envelope-infra.(*BootApplication).init" file="infra/boot.go:34"
time="2020-07-22T10:44:05+08:00" level=debug msg="[github.com/catwithtudou/red-envelope-infra.(*BootApplication).init(infra/boot.go:37)] Initializing: PriorityGroup=20,Priority=10000,type=*base.PropsStarter" func="github.com/catwithtudou/red-envelope-infra.(*BootApplication).init" file="infra/boot.go:37"
time="2020-07-22T10:44:05+08:00" level=info msg="[github.com/catwithtudou/red-envelope-infra/base.(*PropsStarter).Init(base/props.go:22)] 初始化配置." func="github.com/catwithtudou/red-envelope-infra/base.(*PropsStarter).Init" file="base/props.go:22"
time="2020-07-22T10:44:05+08:00" level=debug msg="[github.com/catwithtudou/red-envelope-infra.(*BootApplication).init(infra/boot.go:37)] Initializing: PriorityGroup=20,Priority=10000,type=*base.DbxDatabaseStarter" func="github.com/catwithtudou/red-envelope-infra.(*BootApplication).init" file="infra/boot.go:37"
time="2020-07-22T10:44:05+08:00" level=debug msg="[github.com/catwithtudou/red-envelope-infra.(*BootApplication).init(infra/boot.go:37)] Initializing: PriorityGroup=20,Priority=10000,type=*base.ValidatorStarter" func="github.com/catwithtudou/red-envelope-infra.(*BootApplication).init" file="infra/boot.go:37"
time="2020-07-22T10:44:05+08:00" level=info msg="[github.com/catwithtudou/red-envelope-infra.(*BootApplication).setup(infra/boot.go:45)] Setup starters..." func="github.com/catwithtudou/red-envelope-infra.(*BootApplication).setup" file="infra/boot.go:45"
time="2020-07-22T10:44:05+08:00" level=debug msg="[github.com/catwithtudou/red-envelope-infra.(*BootApplication).setup(infra/boot.go:48)] Setup: *base.PropsStarter" func="github.com/catwithtudou/red-envelope-infra.(*BootApplication).setup" file="infra/boot.go:48"
time="2020-07-22T10:44:05+08:00" level=debug msg="[github.com/catwithtudou/red-envelope-infra.(*BootApplication).setup(infra/boot.go:48)] Setup: *base.DbxDatabaseStarter" func="github.com/catwithtudou/red-envelope-infra.(*BootApplication).setup" file="infra/boot.go:48"
time="2020-07-22T10:44:05+08:00" level=info msg="[github.com/catwithtudou/red-envelope-infra/base.(*DbxDatabaseStarter).Setup(base/dbx.go:33)] mysql.conn url:root:***@tcp(127.0.0.1:3306)/red_envelope?parseTime=true&loc=Local&charset=utf8&" func="github.com/catwithtudou/red-envelope-infra/base.(*DbxDatabaseStarter).Setup" file="base/dbx.go:33"
time="2020-07-22T10:44:05+08:00" level=info msg="[github.com/catwithtudou/red-envelope-infra/base.(*DbxDatabaseStarter).Setup(base/dbx.go:38)] <nil>" func="github.com/catwithtudou/red-envelope-infra/base.(*DbxDatabaseStarter).Setup" file="base/dbx.go:38"
time="2020-07-22T10:44:05+08:00" level=debug msg="[github.com/catwithtudou/red-envelope-infra.(*BootApplication).setup(infra/boot.go:48)] Setup: *base.ValidatorStarter" func="github.com/catwithtudou/red-envelope-infra.(*BootApplication).setup" file="infra/boot.go:48"
time="2020-07-22T10:44:05+08:00" level=info msg="[github.com/catwithtudou/red-envelope-infra.(*BootApplication).start(infra/boot.go:57)] Starting starters..." func="github.com/catwithtudou/red-envelope-infra.(*BootApplication).start" file="infra/boot.go:57"
time="2020-07-22T10:44:05+08:00" level=debug msg="[github.com/catwithtudou/red-envelope-infra.(*BootApplication).start(infra/boot.go:61)] Starting: *base.PropsStarter" func="github.com/catwithtudou/red-envelope-infra.(*BootApplication).start" file="infra/boot.go:61"
time="2020-07-22T10:44:05+08:00" level=debug msg="[github.com/catwithtudou/red-envelope-infra.(*BootApplication).start(infra/boot.go:61)] Starting: *base.DbxDatabaseStarter" func="github.com/catwithtudou/red-envelope-infra.(*BootApplication).start" file="infra/boot.go:61"
time="2020-07-22T10:44:05+08:00" level=debug msg="[github.com/catwithtudou/red-envelope-infra.(*BootApplication).start(infra/boot.go:61)] Starting: *base.ValidatorStarter" func="github.com/catwithtudou/red-envelope-infra.(*BootApplication).start" file="infra/boot.go:61"
time="2020-07-22T10:44:05+08:00" level=error msg="[red-envelope/core/accounts.(*accountDomain).Transfer(accounts/domain_account.go:139)] 余额不足" func="red-envelope/core/accounts.(*accountDomain).Transfer" file="accounts/domain_account.go:139"
